11 06 05 06 00 00
0e 06 04 06 00 00
0f 06 05 06 00 00
0f 06 05 06 00 00
11 06 06 06 00 00
11 06 07 06 00 00
11 06 07 06 00 00
12 06 08 06 00 00
0e 06 06 06 00 00
0e 06 05 06 00 00
0b 06 03 06 00 00
0f 06 04 06 00 00
0e 06 04 06 00 00
0e 06 04 06 00 00
0e 06 04 06 00 00
0d 06 03 06 00 00
0f 06 04 06 00 00
0f 06 05 06 00 00
0e 06 04 06 00 00
0f 06 05 06 00 00
0f 06 05 06 00 00
0f 06 05 06 00 00
11 06 06 06 00 00
0f 06 05 06 00 00
0d 06 04 06 00 00
12 06 06 06 00 00
0f 06 05 06 00 00
10 06 06 06 00 00
0e 06 05 06 00 00
0f 06 05 06 00 00
0f 06 05 06 00 00
0f 06 05 06 00 00
0e 06 04 06 00 00