Notifications started.
10 15
bc 14
e8 15
c8 16
2c 17
ac 17
ac 17
b8 16
d4 15
70 15
b8 14
08 15
fc 15
ac 16
50 17
20 18
78 17
6c 16
90 15
7c 15
8c 14
58 15
24 16
c4 16
30 17
1c 18
14 17
fc 15
80 15
50 15
7c 14
7c 15
54 16
e4 16
44 17
cc 17
e0 16
f4 15
84 15
28 15
bc 14
ac 15
6c 16
04 17
80 17
b4 17
a4 16
d4 15
3c 15
bc 14
d4 14
dc 15
b0 16
10 17
dc 17
94 17
58 16
94 15
18 15
80 14
f4 14
f8 15
b8 16
40 17
e4 17
fc 16
14 16
94 15
34 15
70 14
6c 15
30 16
c0 16
34 17
08 18
c4 16
dc 15
Notifications stopped.
--- 0
Notifications started.
b4 16
dc 15
5c 15
c8 14
08 15
fc 15
b8 16
38 17
f4 17
80 17
60 16
74 15
2c 15
a4 14
2c 15
60 16
c4 16
9c 17
20 18
1c 17
2c 16
5c 15
68 15
bc 14
a8 15
6c 16
08 17
60 17
e4 17
dc 16
80 15
90 15
70 15
c8 14
f0 15
80 16
0c 17
80 17
d0 17
c0 16
e0 15
6c 15
e4 14
f8 14
e8 15
b0 16
30 17
b4 17
7c 17
6c 16
d0 15
68 15
d0 14
04 15
1c 16
bc 16
24 17
00 18
54 17
44 16
b0 15
50 15
88 14
5c 15
5c 16
dc 16
2c 17
08 18
00 17
fc 15
b0 15
4c 15
9c 14
b0 15
68 16
e0 16
40 17
d0 17
80 16
cc 15
84 15
2c 15
c8 14
d8 15
7c 16
f4 16
8c 17
8c 17
88 16
9c 15
70 15
c0 14
18 15
18 16
a4 16
34 17
d0 17
50 17
44 16
9c 15
50 14
7c 14
30 15
14 16
bc 16
14 17
bc 17
Notifications stopped.
--- 1
Notifications started.
d8 17
9c 17
78 16
bc 15
94 15
d0 14
68 15
50 16
dc 16
48 17
14 18
50 17
40 16
a4 15
74 15
b8 14
cc 15
80 16
fc 16
68 17
e8 17
00 17
08 16
b0 15
64 15
04 15
f4 15
a8 16
30 17
8c 17
cc 17
c0 16
d4 15
84 15
d4 14
40 15
58 16
c8 16
3c 17
04 18
6c 17
80 16
d4 15
a4 15
d4 14
6c 15
78 16
fc 16
54 17
ec 17
00 17
14 16
a4 15
7c 15
04 15
ec 15
a0 16
10 17
a8 17
c8 17
b0 16
cc 15
98 15
f8 14
34 15
30 16
c8 16
Notifications stopped.
--- 2
Notifications started.
bc 16
00 17
90 17
20 18
20 17
64 16
dc 15
c0 15
34 15
24 16
d0 16
48 17
b8 17
f0 17
f8 16
2c 16
e0 15
20 15
64 15
70 16
f0 16
90 17
dc 17
88 17
c4 16
28 16
b8 15
4c 15
74 15
58 16
04 17
58 17
0c 18
c0 17
c8 16
fc 15
b4 15
40 15
a8 15
68 16
10 17
74 17
40 18
ac 17
a0 16
08 16
c0 15
00 15
b0 15
a8 16
24 17
98 17
24 18
74 17
8c 16
f4 15
c4 15
0c 15
c4 15
b4 16
28 17
60 17
24 18
54 17
74 16
f4 15
84 15
20 15
f0 15
b4 16
2c 17
8c 17
18 18
44 17
4c 16
d8 15
c4 15
28 15
10 16
c4 16
30 17
80 17
10 18
20 17
50 16
d8 15
c8 15
2c 15
48 16
d0 16
34 17
94 17
04 18
58 17
50 16
b0 15
88 15
18 15
2c 16
d8 16
48 17
d0 17
ec 17
c4 16
44 16
b0 15
64 15
44 15
3c 16
f4 16
44 17
dc 17
f4 17
ec 16
40 16
c4 15
20 15
5c 15
5c 16
ec 16
6c 17
00 18
cc 17
e0 16
28 16
b0 15
30 15
78 15
58 16
00 17
6c 17
24 18
a0 17
a8 16
18 16
c0 15
30 15
c8 15
7c 16
00 17
80 17
08 18
80 17
98 16
Notifications stopped.
--- 3
Notifications started.
34 16
f4 16
40 17
94 17
70 18
80 17
ac 16
24 16
f0 15
6c 15
0c 16
dc 16
54 17
b4 17
4c 18
64 17
9c 16
1c 16
00 16
3c 15
38 16
d0 16
6c 17
94 17
60 18
64 17
94 16
28 16
dc 15
34 15
48 16
fc 16
78 17
b0 17
5c 18
58 17
94 16
40 16
f8 15
38 15
24 16
e8 16
68 17
a0 17
54 18
64 17
6c 16
18 16
04 16
48 15
50 16
e8 16
60 17
bc 17
4c 18
6c 17
9c 16
34 16
f8 15
5c 15
40 16
f8 16
88 17
c0 17
80 18
58 17
90 16
28 16
f8 15
70 15
40 16
14 17
54 17
9c 17
48 18
68 17
94 16
2c 16
10 16
3c 15
14 16
ec 16
48 17
ac 17
80 18
70 17
98 16
54 16
e4 15
3c 15
40 16
ec 16
80 17
c0 17
34 18
50 17
a8 16
20 16
ec 15
50 15
5c 16
00 17
70 17
b0 17
34 18
4c 17
6c 16
28 16
c0 15
6c 15
68 16
14 17
a0 17
fc 17
1c 18
24 17
5c 16
08 16
7c 15
b0 15
94 16
28 17
c8 17
28 18
e8 17
14 17
4c 16
f4 15
68 15
bc 15
c0 16
48 17
a4 17
7c 18
90 17
c8 16
2c 16
10 16
58 15
Notifications stopped.
--- 4
Notifications started.
f8 15
bc 15
b0 16
54 17
e4 17
58 18
1c 18
28 17
80 16
40 16
b0 15
10 16
e0 16
a0 17
cc 17
80 18
00 18
f8 16
70 16
2c 16
b0 15
58 16
1c 17
ac 17
e0 17
84 18
7c 17
b8 16
54 16
4c 16
b0 15
a8 16
48 17
bc 17
34 18
44 18
4c 17
ac 16
28 16
b0 15
dc 15
cc 16
90 17
e0 17
84 18
04 18
1c 17
88 16
5c 16
7c 15
4c 16
fc 16
90 17
b4 17
80 18
7c 17
9c 16
64 16
38 16
c4 15
c8 16
50 17
d0 17
40 18
30 18
4c 17
90 16
38 16
a4 15
b4 15
dc 16
7c 17
d4 17
80 18
c4 17
dc 16
6c 16
38 16
84 15
98 16
40 17
98 17
08 18
6c 18
68 17
Notifications stopped.
--- 5
Notifications started.
68 17
b4 16
80 16
dc 15
f0 16
88 17
00 18
2c 18
b4 18
b8 17
04 17
9c 16
40 16
38 16
40 17
e8 17
1c 18
bc 18
48 18
58 17
c8 16
8c 16
f0 15
bc 16
7c 17
20 18
34 18
d0 18
e0 17
04 17
d4 16
60 16
20 16
24 17
ac 17
34 18
b0 18
5c 18
5c 17
dc 16
90 16
e0 15
6c 16
68 17
d4 17
44 18
d8 18
0c 18
20 17
a0 16
b0 16
0c 16
24 17
a0 17
10 18
88 18
bc 18
Notifications stopped.
--- 6
Notifications started.
4c 19
04 1a
08 19
60 18
08 18
ac 17
54 17
34 18
d0 18
5c 19
dc 19
a0 19
b0 18
f8 17
c4 17
24 17
50 17
30 18
c0 18
f4 18
8c 19
a8 18
e0 17
84 17
34 17
d0 16
94 17
84 18
f0 18
6c 19
3c 19
44 18
d0 17
5c 17
d0 16
44 17
20 18
b8 18
ec 18
a0 19
9c 18
ec 17
7c 17
5c 17
ec 16
c8 17
70 18
f0 18
58 19
40 19
50 18
a8 17
50 17
c4 16
50 17
1c 18
88 18
ec 18
90 19
b0 18
f8 17
60 17
3c 17
c8 16
bc 17
54 18
e4 18
40 19
54 19
4c 18
a4 17
38 17
a0 16
18 17
00 18
98 18
Notifications stopped.
--- 7
Notifications started.
04 21
50 21
b4 21
b0 21
3c 21
c0 20
64 20
28 20
34 20
b0 20
18 21
60 21
ac 21
80 21
14 21
88 20
7c 20
04 20
48 20
ac 20
1c 21
50 21
9c 21
54 21
ec 20
8c 20
68 20
04 20
64 20
d0 20
2c 21
60 21
a8 21
3c 21
cc 20
78 20
24 20
1c 20
7c 20
f4 20
34 21
8c 21
a8 21
24 21
b8 20
78 20
20 20
24 20
a0 20
04 21
18 21
a0 21
70 21
04 21
90 20
54 20
10 20
3c 20
a8 20
fc 20
34 21
a8 21
60 21
d4 20
8c 20
54 20
04 20
5c 20
e0 20
3c 21
84 21
b0 21
30 21
d4 20
7c 20
40 20
40 20
a0 20
10 21
58 21
a8 21
ac 21
58 21
cc 20
9c 20
58 20
50 20
c8 20
34 21
80 21
cc 21
c8 21
38 21
d4 20
ac 20
48 20
74 20
dc 20
44 21
8c 21
Notifications stopped.
--- 8
Notifications started.
b4 21
b4 21
b8 21
bc 21
bc 21
bc 21
b8 21
ac 21
a4 21
c0 21
b8 21
c8 21
b8 21
ac 21
ac 21
a4 21
b8 21
b0 21
c0 21
c8 21
d4 21
d8 21
d0 21
c4 21
c4 21
c0 21
d8 21
bc 21
cc 21
bc 21
cc 21
c8 21
c0 21
d8 21
d4 21
d8 21
c8 21
e8 21
ec 21
f0 21
d8 21
e8 21
e4 21
dc 21
e0 21
e8 21
00 22
c0 21
e0 21
dc 21
e4 21
dc 21
e8 21
dc 21
d8 21
e4 21
f4 21
cc 21
e4 21
f8 21
e4 21
f0 21
fc 21
00 22
f4 21
00 22
0c 22
00 22
10 22
14 22
0c 22
20 22
20 22
04 22
f4 21
fc 21
04 22
04 22
10 22
04 22
fc 21
f8 21
f4 21
f4 21
f4 21
d8 21
f8 21
Notifications stopped.
--- 9
Notifications started.
34 22
44 22
5c 22
50 22
60 22
5c 22
68 22
50 22
50 22
3c 22
60 22
68 22
74 22
64 22
58 22
54 22
4c 22
54 22
44 22
48 22
44 22
54 22
54 22
58 22
50 22
60 22
60 22
68 22
74 22
60 22
5c 22
78 22
88 22
8c 22
7c 22
84 22
88 22
84 22
78 22
90 22
90 22
90 22
94 22
94 22
7c 22
88 22
90 22
98 22
78 22
a0 22
74 22
8c 22
84 22
9c 22
98 22
a0 22
80 22
78 22
64 22
78 22
80 22
84 22
80 22
80 22
8c 22
74 22
80 22
84 22
7c 22
7c 22
80 22
7c 22
8c 22
80 22
80 22
7c 22
8c 22
7c 22
7c 22
88 22
84 22
94 22
a0 22
94 22
b0 22
a0 22
98 22
90 22
a4 22
94 22
84 22
98 22
98 22
8c 22
7c 22
90 22
a8 22
94 22
94 22
a4 22
b0 22
a4 22
98 22
84 22
7c 22
74 22
98 22
80 22
88 22
70 22
6c 22
5c 22
70 22
6c 22
Notifications stopped.
--- 10
Notifications started.
98 22
a0 22
94 22
a4 22
90 22
90 22
b8 22
a4 22
a0 22
ac 22
b0 22
b0 22
b8 22
ac 22
c4 22
d8 22
c4 22
c8 22
c0 22
c4 22
d0 22
c8 22
cc 22
d8 22
e8 22
b8 22
ac 22
d0 22
c8 22
d4 22
dc 22
bc 22
bc 22
c0 22
d4 22
cc 22
b8 22
cc 22
c4 22
b8 22
c0 22
b0 22
c0 22
ac 22
ac 22
b4 22
b8 22
b4 22
c0 22
d4 22
bc 22
e0 22
c0 22
d8 22
e4 22
e0 22
e4 22
fc 22
ec 22
fc 22
f4 22
ec 22
e4 22
00 23
f4 22
e8 22
f4 22
00 23
f8 22
ec 22
f4 22
f4 22
f0 22
f8 22
e8 22
e4 22
e8 22
ec 22
e4 22
f0 22
f0 22
e0 22
e4 22
d0 22
ec 22
d0 22
e8 22
c8 22
bc 22
Notifications stopped.
--- 11
Notifications started.
e4 22
f0 22
ec 22
dc 22
e8 22
e4 22
e8 22
d4 22
d8 22
dc 22
e4 22
d0 22
c8 22
c8 22
dc 22
e0 22
dc 22
bc 22
d4 22
e0 22
e0 22
f8 22
ec 22
f0 22
f4 22
ec 22
f8 22
10 23
f8 22
ec 22
fc 22
10 23
04 23
20 23
10 23
f8 22
fc 22
fc 22
00 23
f4 22
20 23
28 23
14 23
f4 22
f4 22
08 23
10 23
f8 22
14 23
08 23
f8 22
1c 23
24 23
1c 23
20 23
20 23
20 23
14 23
fc 22
20 23
20 23
14 23
08 23
14 23
28 23
20 23
20 23
30 23
1c 23
40 23
40 23
48 23
38 23
58 23
40 23
44 23
3c 23
54 23
50 23
3c 23
1c 23
38 23
2c 23
20 23
24 23
20 23
04 23
fc 22
04 23
10 23
10 23
08 23
0c 23
fc 22
04 23
ec 22
10 23
04 23
f8 22
e8 22
f0 22
00 23
00 23
d4 22
fc 22
dc 22
e8 22
e4 22
e8 22
e0 22
e4 22
e4 22
ec 22
dc 22
e0 22
d4 22
dc 22
e8 22
dc 22
d8 22
d4 22
d8 22
Notifications stopped.
--- 12
Notifications started.
20 23
30 23
20 23
2c 23
2c 23
30 23
38 23
40 23
50 23
38 23
2c 23
30 23
50 23
48 23
38 23
44 23
58 23
2c 23
3c 23
58 23
60 23
3c 23
40 23
44 23
50 23
50 23
4c 23
4c 23
68 23
58 23
60 23
64 23
58 23
4c 23
5c 23
58 23
68 23
5c 23
48 23
64 23
60 23
80 23
64 23
80 23
54 23
64 23
60 23
5c 23
74 23
2c 23
38 23
4c 23
40 23
34 23
20 23
30 23
34 23
28 23
1c 23
30 23
28 23
10 23
28 23
1c 23
14 23
34 23
30 23
30 23
1c 23
14 23
18 23
14 23
40 23
1c 23
24 23
24 23
18 23
1c 23
20 23
1c 23
Notifications stopped.
--- 13
Notifications started.
64 23
7c 23
94 23
88 23
9c 23
90 23
88 23
84 23
ac 23
90 23
7c 23
a0 23
90 23
a4 23
a0 23
8c 23
9c 23
b0 23
98 23
9c 23
a0 23
c0 23
98 23
94 23
94 23
8c 23
a0 23
94 23
9c 23
a0 23
a0 23
a8 23
94 23
88 23
a0 23
8c 23
a0 23
90 23
8c 23
7c 23
ac 23
8c 23
7c 23
8c 23
c0 23
ac 23
98 23
a0 23
b4 23
a8 23
b8 23
c4 23
c0 23
cc 23
c4 23
d8 23
bc 23
bc 23
bc 23
b4 23
c0 23
c0 23
e0 23
Notifications stopped.
--- 14
Notifications started.
f4 23
e4 23
dc 23
f0 23
f4 23
e0 23
e4 23
d0 23
bc 23
d4 23
cc 23
bc 23
a4 23
c0 23
b4 23
b8 23
c0 23
b8 23
b4 23
b8 23
ac 23
a8 23
a4 23
9c 23
b0 23
a0 23
a8 23
b4 23
a4 23
84 23
a4 23
b8 23
ac 23
a8 23
8c 23
7c 23
b0 23
a8 23
8c 23
88 23
a4 23
9c 23
a0 23
88 23
84 23
84 23
8c 23
7c 23
a0 23
94 23
94 23
88 23
80 23
7c 23
74 23
84 23
70 23
84 23
80 23
74 23
80 23
78 23
8c 23
80 23
6c 23
7c 23
68 23
6c 23
6c 23
6c 23
84 23
90 23
7c 23
7c 23
74 23
88 23
6c 23
78 23
90 23
a0 23
9c 23
8c 23
a4 23
6c 23
80 23
84 23
7c 23
94 23
90 23
84 23
88 23
7c 23
88 23
88 23
84 23
84 23
74 23
a0 23
84 23
94 23
94 23
88 23
98 23
ac 23
9c 23
ac 23
ac 23
b4 23
c0 23
bc 23
e0 23
bc 23
e8 23
e4 23
fc 23
00 24
Notifications stopped.
--- 15
Notifications started.
38 24
00 24
10 24
14 24
18 24
08 24
fc 23
08 24
e4 23
04 24
fc 23
08 24
04 24
ec 23
f8 23
f0 23
ec 23
ec 23
f0 23
f0 23
f4 23
e8 23
cc 23
f8 23
dc 23
e8 23
c8 23
b4 23
c8 23
bc 23
c4 23
c0 23
e0 23
bc 23
e0 23
cc 23
c4 23
e0 23
bc 23
d4 23
c8 23
d8 23
c4 23
e0 23
cc 23
c0 23
b4 23
c8 23
c8 23
b8 23
bc 23
c4 23
d0 23
ac 23
cc 23
a4 23
b4 23
b4 23
b4 23
9c 23
a8 23
9c 23
9c 23
a0 23
9c 23
b4 23
b8 23
98 23
b0 23
ac 23
c8 23
ac 23
a8 23
c0 23
c0 23
b8 23
c8 23
b4 23
c0 23
c0 23
b0 23
b4 23
d0 23
a8 23
c8 23
Notifications stopped.
--- 16
Notifications started.
18 24
00 24
24 24
00 24
08 24
08 24
14 24
20 24
18 24
0c 24
04 24
24 24
0c 24
1c 24
14 24
0c 24
1c 24
0c 24
20 24
40 24
fc 23
2c 24
24 24
34 24
34 24
30 24
28 24
38 24
34 24
3c 24
40 24
3c 24
44 24
2c 24
40 24
28 24
30 24
1c 24
34 24
34 24
28 24
18 24
1c 24
30 24
1c 24
14 24
14 24
28 24
1c 24
14 24
04 24
14 24
20 24
04 24
04 24
18 24
14 24
1c 24
10 24
14 24
0c 24
14 24
04 24
1c 24
18 24
18 24
1c 24
14 24
28 24
1c 24
24 24
2c 24
50 24
48 24
24 24
28 24
34 24
3c 24
3c 24
48 24
48 24
38 24
40 24
44 24
50 24
54 24
4c 24
48 24
58 24
4c 24
3c 24
64 24
58 24
5c 24
4c 24
68 24
64 24
60 24
5c 24
50 24
80 24
58 24
60 24
50 24
64 24
64 24
4c 24
60 24
48 24
60 24
30 24
48 24
40 24
48 24
4c 24
44 24
40 24
44 24
Notifications stopped.
--- 17
Notifications started.
78 24
90 24
70 24
80 24
78 24
70 24
6c 24
70 24
74 24
78 24
70 24
8c 24
7c 24
80 24
74 24
64 24
78 24
64 24
60 24
80 24
60 24
74 24
58 24
58 24
58 24
4c 24
70 24
4c 24
4c 24
50 24
2c 24
54 24
3c 24
40 24
48 24
20 24
14 24
04 24
34 24
30 24
18 24
28 24
20 24
2c 24
1c 24
0c 24
1c 24
20 24
20 24
1c 24
1c 24
04 24
1c 24
20 24
20 24
fc 23
04 24
20 24
08 24
0c 24
14 24
10 24
00 24
0c 24
18 24
04 24
14 24
20 24
0c 24
18 24
24 24
1c 24
1c 24
28 24
10 24
1c 24
30 24
24 24
18 24
14 24
18 24
20 24
14 24
1c 24
14 24
fc 23
14 24
24 24
18 24
20 24
08 24
00 24
18 24
10 24
14 24
00 24
04 24
00 24
10 24
fc 23
24 24
08 24
00 24
0c 24
1c 24
0c 24
Notifications stopped.
--- 18
Notifications started.
68 24
68 24
58 24
64 24
80 24
44 24
60 24
44 24
54 24
3c 24
1c 24
28 24
50 24
3c 24
2c 24
3c 24
40 24
44 24
40 24
40 24
50 24
18 24
3c 24
48 24
2c 24
24 24
44 24
44 24
30 24
2c 24
44 24
28 24
24 24
28 24
40 24
1c 24
1c 24
40 24
38 24
20 24
3c 24
38 24
38 24
40 24
34 24
4c 24
50 24
5c 24
44 24
5c 24
60 24
50 24
34 24
54 24
50 24
3c 24
4c 24
34 24
48 24
38 24
40 24
2c 24
1c 24
30 24
1c 24
28 24
20 24
28 24
24 24
28 24
30 24
30 24
34 24
2c 24
0c 24
1c 24
2c 24
3c 24
20 24
28 24
28 24
28 24
40 24
44 24
38 24
24 24
28 24
6c 24
40 24
3c 24
4c 24
60 24
54 24
50 24
68 24
68 24
68 24
68 24
54 24
74 24
48 24
54 24
60 24
78 24
80 24
5c 24
80 24
6c 24
58 24
64 24
84 24
80 24
6c 24
6c 24
74 24
5c 24
7c 24
6c 24
80 24
80 24
84 24
84 24
7c 24
88 24
70 24
98 24
7c 24
88 24
Notifications stopped.
--- 19
Notifications started.
44 24
50 24
40 24
48 24
60 24
24 24
3c 24
3c 24
3c 24
34 24
54 24
48 24
4c 24
54 24
68 24
50 24
5c 24
60 24
54 24
7c 24
88 24
68 24
6c 24
84 24
7c 24
88 24
68 24
94 24
7c 24
80 24
98 24
80 24
88 24
94 24
6c 24
a0 24
84 24
94 24
74 24
7c 24
80 24
80 24
84 24
7c 24
84 24
78 24
7c 24
70 24
80 24
78 24
90 24
88 24
74 24
a0 24
80 24
7c 24
94 24
88 24
7c 24
8c 24
94 24
a0 24
94 24
98 24
8c 24
90 24
8c 24
8c 24
a8 24
98 24
90 24
8c 24
94 24
7c 24
90 24
a0 24
8c 24
a0 24
80 24
80 24
6c 24
78 24
84 24
80 24
94 24
84 24
80 24
84 24
74 24
74 24
7c 24
94 24
8c 24
74 24
84 24
94 24
a0 24
9c 24
88 24
90 24
90 24
98 24
90 24
84 24
8c 24
7c 24
b0 24
8c 24
a0 24
8c 24
Notifications stopped.
--- 20
Notifications started.
8c 24
94 24
98 24
90 24
ac 24
88 24
9c 24
a8 24
9c 24
98 24
a0 24
a4 24
84 24
90 24
74 24
90 24
84 24
88 24
6c 24
5c 24
88 24
74 24
5c 24
88 24
70 24
6c 24
6c 24
80 24
74 24
90 24
84 24
74 24
7c 24
64 24
94 24
7c 24
80 24
74 24
94 24
a0 24
8c 24
90 24
94 24
8c 24
94 24
a8 24
a8 24
8c 24
90 24
94 24
90 24
94 24
8c 24
98 24
84 24
98 24
a8 24
98 24
94 24
98 24
84 24
88 24
90 24
94 24
7c 24
9c 24
a0 24
a0 24
7c 24
90 24
9c 24
a8 24
88 24
90 24
88 24
80 24
8c 24
6c 24
90 24
8c 24
7c 24
90 24
94 24
88 24
94 24
a0 24
ac 24
8c 24
a8 24
9c 24
a0 24
a0 24
9c 24
94 24
84 24
88 24
a4 24
9c 24
90 24
9c 24
a8 24
98 24
b4 24
a8 24
84 24
b0 24
a0 24
98 24
9c 24
c0 24
ac 24
9c 24
Notifications stopped.
--- 21
Notifications started.
9c 24
ac 24
8c 24
94 24
a4 24
9c 24
a0 24
a4 24
98 24
90 24
a4 24
98 24
88 24
90 24
84 24
90 24
8c 24
90 24
94 24
98 24
9c 24
98 24
ac 24
90 24
90 24
98 24
a4 24
98 24
a8 24
94 24
a0 24
90 24
88 24
98 24
88 24
9c 24
98 24
a0 24
94 24
a4 24
ac 24
7c 24
9c 24
88 24
8c 24
a4 24
a0 24
7c 24
84 24
90 24
b0 24
b0 24
a0 24
b0 24
94 24
88 24
9c 24
98 24
98 24
a0 24
94 24
c0 24
a4 24
9c 24
a4 24
a0 24
94 24
94 24
98 24
98 24
a0 24
98 24
a0 24
94 24
90 24
94 24
ac 24
a0 24
90 24
78 24
90 24
84 24
9c 24
7c 24
7c 24
88 24
90 24
7c 24
80 24
80 24
84 24
88 24
78 24
78 24
70 24
78 24
a0 24
8c 24
84 24
80 24
90 24
8c 24
90 24
84 24
80 24
8c 24
94 24
8c 24
88 24
7c 24
a0 24
a0 24
90 24
90 24
b0 24
90 24
ac 24
8c 24
94 24
9c 24
84 24
ac 24
84 24
a8 24
9c 24
94 24
a0 24
8c 24
98 24
a4 24
a8 24
7c 24
a4 24
98 24
94 24
98 24
b0 24
Notifications stopped.
--- 22