Notifications started.
9c 16
24 18
c0 19
9c 1b
64 18
48 15
c8 13
a0 13
18 13
20 15
4c 17
00 19
9c 19
54 1a
ec 16
24 14
80 13
00 13
78 13
5c 15
ec 17
44 19
bc 1a
2c 19
ac 15
a4 13
84 13
7c 12
80 14
a8 16
6c 18
68 19
20 1b
74 17
7c 14
7c 13
80 13
14 13
04 15
14 17
b0 18
dc 19
40 1a
90 16
0c 14
4c 13
ec 12
5c 13
ac 15
c4 17
68 19
c8 1a
a0 18
2c 15
68 13
fc 12
c4 12
60 14
90 16
3c 18
4c 19
f4 1a
20 17
44 14
2c 13
48 13
68 13
b8 14
28 17
e4 18
3c 1a
ac 19
70 16
c8 13
24 13
d0 12
6c 13
Notifications stopped.
--- 0
Notifications started.
54 14
cc 16
a0 18
6c 19
80 1a
f8 16
ec 13
38 13
dc 12
ac 13
5c 15
a4 17
00 19
ec 1a
84 18
44 15
7c 13
64 13
00 13
bc 14
e8 16
a0 18
30 19
44 1a
98 16
a0 13
98 13
cc 12
70 13
ec 15
18 18
3c 19
c8 1a
cc 17
f0 14
78 13
60 13
0c 13
fc 14
bc 16
d4 18
4c 1a
98 19
48 16
8c 13
00 13
a0 12
c0 13
40 16
1c 18
34 19
f8 1a
fc 16
50 14
60 13
60 13
dc 12
34 15
50 17
e4 18
70 1a
1c 19
f0 15
3c 13
e4 12
a8 12
e4 13
24 16
fc 17
14 19
94 1a
b4 16
30 14
18 13
c4 12
f8 12
e0 14
40 17
f4 18
74 1a
f0 18
bc 15
60 13
10 13
d8 12
b4 13
38 16
fc 17
18 19
ac 1a
64 17
50 14
2c 13
20 13
cc 12
e4 14
f0 16
6c 18
c4 19
68 19
3c 16
a4 13
08 13
88 12
Notifications stopped.
--- 1
Notifications started.
20 13
a8 13
24 16
10 18
80 19
2c 1b
a8 18
7c 15
00 14
5c 13
48 13
b4 14
0c 17
d4 17
6c 19
f0 1a
34 17
bc 14
b4 13
38 13
90 13
c0 15
c4 17
e0 18
d4 1a
64 19
04 16
04 14
94 13
f8 12
a8 14
0c 17
5c 18
8c 19
ac 1a
94 17
d0 14
e4 13
94 13
d0 13
a8 15
7c 17
38 19
d8 1a
8c 19
6c 16
b8 13
f4 13
4c 13
8c 14
98 16
68 18
b8 19
40 1b
f4 17
20 15
e8 13
a4 13
c4 13
5c 15
84 17
14 19
1c 1a
70 1a
dc 16
64 14
a4 13
48 13
ec 13
f4 15
5c 18
a8 19
3c 1b
04 19
e0 15
e0 13
78 13
3c 13
20 15
48 17
d0 18
68 19
a4 1a
04 17
c8 14
cc 13
30 13
cc 13
90 15
f0 17
98 19
b8 1a
3c 19
20 16
08 14
a0 13
28 13
a4 14
04 17
a4 18
80 19
e0 1a
90 17
ec 14
ac 13
54 13
b4 13
c4 15
c4 17
74 19
94 1a
2c 19
1c 16
d0 13
bc 13
04 13
c8 14
14 17
3c 18
78 19
a0 1a
24 17
8c 14
bc 13
Notifications stopped.
--- 2
Notifications started.
38 15
d8 14
64 14
78 15
04 18
a0 19
8c 1a
30 1c
5c 18
c0 15
fc 14
84 14
e4 14
28 17
fc 18
8c 1a
bc 1b
ec 19
e4 16
20 15
dc 14
90 14
30 16
80 18
d0 19
dc 1a
0c 1b
08 18
a0 15
b8 14
8c 14
a4 15
d0 17
58 19
6c 1a
24 1c
a0 18
18 16
fc 14
7c 14
04 15
f4 16
dc 18
70 1a
f4 1b
3c 1a
ec 16
48 15
f4 14
64 14
9c 15
80 18
c4 19
a0 1a
b4 1b
6c 18
d8 15
0c 15
94 14
1c 15
dc 16
0c 19
88 1a
f0 1b
e4 19
18 17
3c 15
00 15
f0 14
28 16
48 18
dc 19
84 1a
94 1b
30 18
e0 15
04 15
a0 14
50 15
d4 16
20 19
80 1a
dc 1b
38 1a
fc 16
14 15
2c 15
80 14
e0 15
74 18
d8 19
84 1a
c0 1b
34 18
04 16
9c 15
78 14
Notifications stopped.
--- 3
Notifications started.
2c 16
d8 17
f8 19
3c 1b
ec 1b
dc 1c
a8 19
64 17
74 16
10 16
bc 16
d4 18
64 1a
58 1c
74 1d
5c 1b
80 18
f4 16
a8 16
6c 16
e8 17
dc 19
10 1b
54 1c
5c 1d
2c 1a
c8 17
d4 16
50 16
a0 16
e8 18
f0 1a
24 1c
24 1d
dc 1b
cc 18
1c 17
a8 16
54 16
08 18
0c 1a
04 1b
30 1c
b4 1d
3c 1a
08 18
04 17
a4 16
14 17
14 19
f4 1a
50 1c
d4 1d
08 1c
24 19
7c 17
34 17
a0 16
80 17
d8 19
7c 1b
48 1c
e4 1d
ec 1a
14 18
58 17
34 17
e0 16
7c 18
6c 1a
c0 1b
Notifications stopped.
--- 4
Notifications started.
04 18
9c 18
c8 1a
30 1c
f8 1c
e0 1e
20 1c
dc 19
2c 18
e8 17
90 17
a0 18
f4 1a
6c 1c
54 1d
78 1e
e8 1b
44 19
80 18
1c 18
98 17
c0 19
6c 1b
90 1c
48 1d
3c 1e
20 1b
d0 18
48 18
a4 17
34 18
f8 19
00 1c
1c 1d
50 1e
14 1d
84 1a
d4 18
2c 18
00 18
64 18
80 1a
84 1c
90 1d
c8 1e
9c 1c
d4 19
a0 18
bc 18
8c 17
50 19
60 1b
a4 1c
6c 1d
f8 1e
6c 1b
58 19
54 18
1c 18
4c 18
b8 19
b4 1b
ec 1c
f4 1d
ac 1d
e8 1a
dc 18
24 18
d8 17
20 18
38 1a
00 1c
60 1d
d0 1e
b0 1c
74 1a
58 18
44 18
84 17
dc 18
d8 1a
4c 1c
64 1d
e4 1e
48 1c
ac 19
a4 18
e4 17
Notifications stopped.
--- 5
Notifications started.
80 18
10 18
04 19
00 1b
dc 1c
84 1d
dc 1e
40 1c
f0 19
bc 18
78 18
54 18
10 1a
b0 1b
20 1d
b0 1d
24 1e
3c 1b
38 19
7c 18
58 18
f4 18
a4 1a
7c 1c
ac 1d
40 1f
b8 1c
d0 19
b8 18
ac 18
1c 18
e0 19
00 1c
e0 1c
c4 1d
40 1e
28 1b
34 19
a0 18
40 18
e4 18
d4 1a
60 1c
a8 1d
d4 1e
74 1c
04 1a
b4 18
a4 18
b0 18
24 1a
10 1c
4c 1d
78 1e
38 1e
40 1b
60 19
a0 18
2c 18
3c 19
24 1b
90 1c
80 1d
38 1f
00 1c
9c 19
b8 18
c4 18
7c 18
28 1a
64 1c
d0 1d
f8 1e
20 1d
20 1a
e0 18
c0 18
7c 18
00 1a
f8 1b
38 1d
3c 1e
00 1e
0c 1b
74 19
b4 18
74 18
5c 19
c4 1b
c0 1c
c0 1d
14 1f
14 1c
9c 19
c8 18
d4 17
a4 18
08 1b
80 1c
f0 1d
ec 1e
44 1d
ac 1a
e8 18
b8 18
94 18
d8 19
dc 1b
40 1d
e8 1d
24 1e
80 1b
Notifications stopped.
--- 6
Notifications started.
6c 1a
bc 19
54 19
bc 19
bc 1b
98 1d
e4 1d
fc 1f
58 1d
c0 1a
e4 19
a8 19
00 1a
40 1b
5c 1d
68 1e
b8 1f
44 1e
60 1b
fc 19
d0 19
98 19
1c 1b
b8 1c
08 1e
2c 1f
14 1f
18 1c
10 1a
c8 19
80 19
70 1a
30 1c
d8 1d
a4 1e
80 1f
10 1d
70 1a
c4 19
58 19
4c 1a
28 1c
f4 1d
9c 1e
24 20
38 1d
d8 1a
e4 19
fc 18
d4 19
a0 1b
84 1d
c4 1e
fc 1f
f8 1d
80 1b
24 1a
1c 1a
00 1a
28 1b
30 1d
18 1e
d8 1f
20 1f
40 1c
3c 1a
f0 19
9c 19
d0 1a
94 1c
28 1e
e4 1e
58 20
3c 1d
00 1b
20 1a
ac 19
2c 1a
04 1c
d4 1d
08 1f
28 20
fc 1d
04 1b
24 1a
0c 1a
a0 19
74 1b
2c 1d
54 1e
a0 1f
20 1f
54 1c
88 1a
10 1a
b4 19
8c 1a
9c 1c
4c 1e
b4 1e
ec 1f
1c 1d
c4 1a
1c 1a
c0 19
30 1a
cc 1b
c8 1d
e8 1e
14 20
48 1e
b0 1b
18 1a
14 1a
a0 19
34 1b
bc 1c
50 1e
b4 1e
6c 1f
88 1c
94 1a
d8 19
90 19
64 1a
38 1c
f0 1d
d0 1e
10 20
e4 1d
38 1b
28 1a
f0 19
e4 19
6c 1b
40 1d
88 1e
7c 1f
14 1f
38 1c
3c 1a
f0 19
84 19
80 1a
84 1c
e0 1d
cc 1e
24 20
a0 1c
20 1b
d4 19
d8 19
88 19
88 1b
5c 1d
94 1e
74 1f
1c 1f
40 1c
68 1a
d4 19
48 19
54 1a
28 1c
dc 1d
fc 1e
68 20
c4 1d
44 1b
48 1a
f0 19
6c 19
Notifications stopped.
--- 7
Notifications started.
64 1e
24 1f
c8 20
2c 22
14 23
50 24
2c 22
08 20
0c 1f
e0 1e
a0 1e
d8 1f
74 21
9c 22
3c 23
28 24
8c 21
b8 1f
ec 1e
e0 1e
dc 1e
54 20
00 22
2c 23
08 24
90 23
1c 21
64 1f
fc 1e
d4 1e
6c 1f
00 21
90 22
68 23
84 24
80 22
68 20
2c 1f
20 1f
bc 1e
00 20
98 21
ac 22
70 23
3c 24
c0 21
e0 1f
34 1f
d4 1e
f4 1e
64 20
f8 21
1c 23
24 24
48 23
30 21
74 1f
f8 1e
ac 1e
74 1f
20 21
7c 22
48 23
70 24
1c 22
14 20
30 1f
00 1f
bc 1e
40 20
d8 21
e8 22
b4 23
c4 23
40 21
8c 1f
14 1f
c4 1e
50 1f
00 21
4c 22
6c 23
6c 24
a0 22
58 20
50 1f
3c 1f
ac 1e
24 20
ac 21
cc 22
6c 23
24 24
9c 21
c4 1f
20 1f
bc 1e
40 1f
a4 20
40 22
3c 23
58 24
08 23
c8 20
5c 1f
2c 1f
dc 1e
f8 1f
Notifications stopped.
--- 8
Notifications started.
94 20
10 22
34 23
d4 23
a8 24
64 22
90 20
ec 1f
90 1f
c8 1f
38 21
b4 22
d8 23
cc 24
d0 23
7c 21
20 20
dc 1f
a8 1f
80 20
30 22
60 23
0c 24
c4 24
a4 22
bc 20
0c 20
b0 1f
f4 1f
7c 21
ec 22
0c 24
20 25
c0 23
b4 21
3c 20
20 20
c4 1f
b4 20
50 22
78 23
20 24
b0 24
90 22
9c 20
08 20
a0 1f
00 20
5c 21
e8 22
dc 23
e0 24
58 23
44 21
20 20
e8 1f
8c 1f
9c 20
40 22
80 23
24 24
80 24
48 22
68 20
dc 1f
90 1f
00 20
84 21
08 23
f0 23
0c 25
18 23
10 21
10 20
f4 1f
dc 1f
0c 21
a4 22
d4 23
b0 24
20 24
f4 21
34 20
f0 1f
c0 1f
6c 20
14 22
50 23
0c 24
f0 24
a0 22
9c 20
08 20
a8 1f
f4 1f
6c 21
e0 22
e8 23
f0 24
60 23
50 21
10 20
ec 1f
c0 1f
d8 20
68 22
7c 23
6c 24
40 24
3c 22
60 20
dc 1f
ac 1f
Notifications stopped.
--- 9
Notifications started.
18 22
14 22
40 22
40 22
40 22
14 22
00 22
dc 21
d4 21
00 22
08 22
08 22
28 22
20 22
10 22
f0 21
e4 21
d8 21
e4 21
04 22
28 22
20 22
44 22
10 22
fc 21
00 22
f0 21
ec 21
04 22
14 22
48 22
40 22
28 22
0c 22
f4 21
f0 21
fc 21
10 22
20 22
30 22
50 22
64 22
30 22
0c 22
18 22
f0 21
00 22
24 22
20 22
48 22
44 22
30 22
20 22
14 22
f4 21
f4 21
14 22
44 22
58 22
70 22
48 22
28 22
28 22
28 22
0c 22
1c 22
3c 22
44 22
54 22
5c 22
30 22
30 22
14 22
04 22
20 22
40 22
54 22
64 22
78 22
5c 22
34 22
2c 22
18 22
24 22
4c 22
Notifications stopped.
--- 10
Notifications started.
c0 22
b8 22
d8 22
c0 22
a4 22
98 22
8c 22
a0 22
c0 22
c4 22
d8 22
d4 22
f4 22
c4 22
ac 22
98 22
a0 22
8c 22
b8 22
b4 22
cc 22
cc 22
b8 22
8c 22
80 22
7c 22
6c 22
98 22
a8 22
a8 22
b8 22
b4 22
9c 22
88 22
88 22
68 22
80 22
9c 22
c4 22
d4 22
d0 22
b8 22
a4 22
94 22
88 22
84 22
a0 22
b4 22
c4 22
c0 22
b8 22
a8 22
80 22
78 22
80 22
6c 22
98 22
90 22
b4 22
b8 22
ac 22
98 22
7c 22
a0 22
80 22
9c 22
c0 22
c8 22
c4 22
d0 22
b8 22
c0 22
84 22
78 22
98 22
b8 22
b8 22
c0 22
bc 22
a8 22
9c 22
94 22
7c 22
94 22
a8 22
98 22
b4 22
c8 22
c0 22
b0 22
9c 22
98 22
80 22
a4 22
b4 22
c0 22
9c 22
bc 22
a0 22
88 22
8c 22
90 22
70 22
9c 22
ac 22
b4 22
b4 22
a8 22
7c 22
7c 22
80 22
80 22
98 22
ac 22
a0 22
b4 22
9c 22
a0 22
84 22
84 22
68 22
88 22
9c 22
ac 22
c4 22
c8 22
bc 22
ac 22
c0 22
a0 22
98 22
ac 22
cc 22
dc 22
e0 22
cc 22
c0 22
a0 22
98 22
88 22
Notifications stopped.
--- 11
Notifications started.
00 23
f0 22
f8 22
0c 23
04 23
e4 22
e8 22
e4 22
cc 22
bc 22
f8 22
04 23
14 23
04 23
14 23
f4 22
e4 22
ec 22
d8 22
f4 22
fc 22
10 23
f4 22
30 23
20 23
fc 22
04 23
d8 22
08 23
14 23
10 23
28 23
28 23
0c 23
04 23
00 23
f4 22
f4 22
f4 22
10 23
28 23
24 23
10 23
00 23
f8 22
f0 22
dc 22
10 23
20 23
24 23
0c 23
fc 22
f0 22
e0 22
cc 22
e0 22
d8 22
e8 22
ec 22
00 23
f4 22
e0 22
c4 22
bc 22
c0 22
c0 22
d8 22
f8 22
f4 22
08 23
00 23
c4 22
dc 22
c4 22
c8 22
e8 22
e4 22
e8 22
f0 22
00 23
e4 22
d4 22
cc 22
c8 22
e0 22
ec 22
04 23
10 23
10 23
ec 22
cc 22
d8 22
e8 22
e4 22
e4 22
e8 22
0c 23
00 23
e4 22
f4 22
e0 22
f0 22
e0 22
ec 22
10 23
0c 23
1c 23
34 23
30 23
10 23
04 23
00 23
04 23
28 23
3c 23
1c 23
34 23
1c 23
18 23
fc 22
18 23
00 23
24 23
14 23
24 23
2c 23
28 23
0c 23
fc 22
fc 22
f0 22
08 23
Notifications stopped.
--- 12
Notifications started.
30 23
4c 23
40 23
50 23
3c 23
34 23
1c 23
1c 23
24 23
28 23
48 23
38 23
4c 23
64 23
34 23
38 23
38 23
40 23
40 23
54 23
38 23
54 23
60 23
58 23
4c 23
50 23
58 23
38 23
48 23
4c 23
70 23
54 23
70 23
70 23
5c 23
54 23
44 23
40 23
44 23
68 23
60 23
80 23
7c 23
60 23
5c 23
54 23
70 23
74 23
a0 23
98 23
8c 23
98 23
84 23
74 23
64 23
6c 23
60 23
80 23
78 23
78 23
5c 23
6c 23
5c 23
50 23
44 23
28 23
5c 23
58 23
68 23
70 23
64 23
58 23
3c 23
44 23
44 23
3c 23
40 23
60 23
54 23
68 23
74 23
3c 23
40 23
48 23
44 23
54 23
4c 23
5c 23
84 23
60 23
60 23
50 23
50 23
60 23
50 23
64 23
64 23
80 23
74 23
78 23
4c 23
6c 23
3c 23
5c 23
70 23
60 23
70 23
74 23
88 23
80 23
6c 23
68 23
80 23
60 23
64 23
74 23
70 23
80 23
84 23
68 23
54 23
50 23
5c 23
60 23
6c 23
74 23
80 23
8c 23
64 23
64 23
58 23
54 23
Notifications stopped.
--- 13
Notifications started.
24 23
10 23
30 23
20 23
30 23
50 23
68 23
60 23
50 23
50 23
2c 23
2c 23
18 23
5c 23
4c 23
4c 23
50 23
5c 23
64 23
54 23
38 23
40 23
3c 23
64 23
74 23
70 23
74 23
78 23
50 23
68 23
48 23
44 23
54 23
74 23
88 23
68 23
8c 23
6c 23
5c 23
78 23
7c 23
80 23
a4 23
9c 23
9c 23
a4 23
a0 23
7c 23
74 23
78 23
78 23
88 23
a0 23
9c 23
9c 23
b0 23
a0 23
88 23
7c 23
94 23
74 23
94 23
94 23
94 23
94 23
78 23
88 23
70 23
6c 23
68 23
7c 23
88 23
70 23
8c 23
88 23
7c 23
64 23
60 23
Notifications stopped.
--- 14
Notifications started.
7c 23
a0 23
ac 23
c8 23
bc 23
cc 23
e0 23
c8 23
c0 23
c0 23
c8 23
ec 23
dc 23
e0 23
dc 23
10 24
bc 23
cc 23
d0 23
c8 23
e0 23
e4 23
f4 23
dc 23
e4 23
e4 23
d8 23
dc 23
e8 23
f0 23
04 24
d4 23
00 24
00 24
e4 23
d8 23
c8 23
c4 23
b4 23
e4 23
d8 23
e0 23
e0 23
f4 23
e0 23
bc 23
c0 23
ac 23
ac 23
b4 23
c0 23
c0 23
bc 23
c4 23
a8 23
ac 23
a0 23
a8 23
c0 23
c0 23
b4 23
d0 23
dc 23
b8 23
ac 23
a4 23
a4 23
a4 23
bc 23
bc 23
b4 23
a4 23
bc 23
b8 23
a4 23
8c 23
a0 23
9c 23
b8 23
bc 23
b4 23
d0 23
cc 23
c8 23
d0 23
bc 23
c0 23
bc 23
00 24
e0 23
f0 23
00 24
cc 23
e4 23
d8 23
c0 23
d0 23
f4 23
f8 23
d8 23
e8 23
cc 23
d0 23
c8 23
c4 23
bc 23
c8 23
dc 23
d0 23
d4 23
c0 23
c4 23
a4 23
b0 23
a0 23
a4 23
ac 23
d4 23
a4 23
d0 23
Notifications stopped.
--- 15
Notifications started.
b8 23
bc 23
b0 23
c0 23
c8 23
c8 23
dc 23
e0 23
e0 23
c4 23
b8 23
d8 23
bc 23
c4 23
c4 23
d8 23
d4 23
c0 23
d0 23
bc 23
c0 23
ac 23
c0 23
c0 23
bc 23
e4 23
d4 23
c0 23
b8 23
c0 23
ac 23
ac 23
c8 23
d0 23
d0 23
e0 23
c4 23
e0 23
c0 23
c4 23
b4 23
d0 23
bc 23
c4 23
cc 23
d4 23
c8 23
a4 23
c8 23
b4 23
a4 23
a4 23
bc 23
ac 23
b8 23
b8 23
a8 23
a4 23
8c 23
90 23
ac 23
b4 23
b0 23
c4 23
c0 23
a8 23
b0 23
b0 23
a8 23
b4 23
9c 23
b0 23
ac 23
ac 23
b8 23
a4 23
a4 23
ac 23
88 23
a8 23
cc 23
b4 23
bc 23
c0 23
b4 23
d0 23
b0 23
d0 23
d8 23
d8 23
e8 23
e8 23
e8 23
88 24
e0 23
d0 23
cc 23
d0 23
cc 23
d4 23
f8 23
e4 23
d0 23
e8 23
d0 23
c0 23
c8 23
d0 23
dc 23
c8 23
dc 23
f4 23
d4 23
c4 23
d4 23
b8 23
c0 23
Notifications stopped.
--- 16
Notifications started.
f8 23
f4 23
00 24
fc 23
08 24
24 24
0c 24
1c 24
00 24
04 24
fc 23
00 24
f4 23
10 24
18 24
28 24
24 24
24 24
24 24
30 24
24 24
10 24
10 24
20 24
1c 24
18 24
24 24
20 24
20 24
18 24
10 24
10 24
ec 23
10 24
24 24
20 24
28 24
2c 24
0c 24
08 24
08 24
00 24
1c 24
24 24
50 24
30 24
44 24
50 24
40 24
1c 24
30 24
24 24
40 24
34 24
44 24
60 24
54 24
54 24
48 24
44 24
30 24
30 24
3c 24
30 24
48 24
3c 24
3c 24
28 24
30 24
30 24
20 24
10 24
20 24
24 24
28 24
20 24
24 24
14 24
10 24
00 24
04 24
dc 23
f4 23
fc 23
08 24
fc 23
18 24
08 24
fc 23
f0 23
ec 23
fc 23
04 24
00 24
18 24
14 24
18 24
f0 23
ec 23
f0 23
f8 23
f8 23
0c 24
08 24
00 24
00 24
f0 23
0c 24
f8 23
00 24
f8 23
08 24
08 24
28 24
10 24
00 24
fc 23
f8 23
00 24
e8 23
f0 23
00 24
10 24
14 24
08 24
00 24
0c 24
f4 23
e0 23
e8 23
Notifications stopped.
--- 17
Notifications started.
50 24
40 24
40 24
44 24
2c 24
14 24
40 24
40 24
2c 24
48 24
3c 24
24 24
2c 24
44 24
14 24
34 24
2c 24
28 24
40 24
40 24
38 24
40 24
24 24
04 24
24 24
30 24
24 24
40 24
44 24
50 24
44 24
24 24
40 24
40 24
60 24
54 24
68 24
60 24
88 24
78 24
64 24
60 24
5c 24
60 24
7c 24
58 24
74 24
78 24
5c 24
6c 24
64 24
64 24
60 24
4c 24
60 24
74 24
80 24
74 24
68 24
64 24
6c 24
74 24
64 24
74 24
80 24
84 24
80 24
88 24
64 24
70 24
78 24
80 24
5c 24
54 24
80 24
90 24
88 24
8c 24
7c 24
5c 24
80 24
88 24
84 24
78 24
98 24
88 24
90 24
80 24
7c 24
80 24
6c 24
80 24
90 24
80 24
88 24
78 24
84 24
78 24
80 24
60 24
58 24
58 24
5c 24
70 24
70 24
64 24
60 24
64 24
34 24
30 24
48 24
3c 24
4c 24
44 24
48 24
60 24
4c 24
40 24
44 24
44 24
40 24
48 24
50 24
3c 24
48 24
4c 24
38 24
38 24
38 24
2c 24
48 24
38 24
40 24
3c 24
50 24
48 24
50 24
3c 24
54 24
40 24
54 24
50 24
40 24
50 24
44 24
4c 24
24 24
34 24
38 24
30 24
2c 24
2c 24
28 24
34 24
18 24
14 24
1c 24
Notifications stopped.
--- 18
Notifications started.
4c 24
3c 24
4c 24
50 24
50 24
40 24
48 24
40 24
60 24
34 24
58 24
2c 24
50 24
44 24
3c 24
54 24
50 24
54 24
28 24
2c 24
38 24
50 24
38 24
40 24
44 24
3c 24
60 24
54 24
3c 24
40 24
40 24
2c 24
3c 24
2c 24
54 24
48 24
50 24
40 24
38 24
30 24
24 24
30 24
34 24
4c 24
40 24
38 24
48 24
20 24
40 24
2c 24
30 24
38 24
24 24
2c 24
30 24
34 24
34 24
34 24
34 24
5c 24
30 24
3c 24
60 24
40 24
60 24
4c 24
40 24
34 24
40 24
2c 24
30 24
3c 24
3c 24
40 24
34 24
40 24
40 24
18 24
28 24
40 24
34 24
4c 24
54 24
60 24
58 24
6c 24
5c 24
5c 24
80 24
5c 24
5c 24
6c 24
7c 24
90 24
74 24
80 24
80 24
6c 24
74 24
6c 24
90 24
88 24
8c 24
80 24
88 24
74 24
74 24
7c 24
64 24
78 24
88 24
88 24
98 24
94 24
64 24
5c 24
74 24
60 24
70 24
80 24
70 24
80 24
6c 24
68 24
64 24
5c 24
58 24
5c 24
5c 24
Notifications stopped.
--- 19
Notifications started.
5c 24
78 24
68 24
80 24
78 24
78 24
80 24
74 24
5c 24
84 24
70 24
80 24
80 24
90 24
7c 24
84 24
88 24
7c 24
7c 24
94 24
84 24
80 24
70 24
80 24
78 24
88 24
90 24
80 24
6c 24
5c 24
68 24
60 24
6c 24
7c 24
7c 24
58 24
74 24
64 24
74 24
78 24
70 24
68 24
80 24
78 24
68 24
74 24
7c 24
80 24
90 24
80 24
88 24
84 24
98 24
94 24
a0 24
90 24
84 24
80 24
a0 24
74 24
74 24
7c 24
94 24
98 24
98 24
90 24
74 24
7c 24
84 24
74 24
80 24
98 24
90 24
7c 24
88 24
70 24
84 24
7c 24
6c 24
88 24
90 24
98 24
90 24
88 24
90 24
7c 24
80 24
80 24
80 24
78 24
80 24
84 24
7c 24
80 24
70 24
6c 24
6c 24
5c 24
6c 24
60 24
6c 24
74 24
6c 24
64 24
6c 24
64 24
50 24
60 24
54 24
58 24
64 24
64 24
70 24
78 24
60 24
50 24
3c 24
4c 24
60 24
5c 24
58 24
6c 24
6c 24
64 24
48 24
50 24
38 24
60 24
3c 24
50 24
50 24
68 24
54 24
44 24
3c 24
4c 24
3c 24
3c 24
40 24
28 24
4c 24
3c 24
54 24
44 24
4c 24
44 24
3c 24
38 24
48 24
Notifications stopped.
--- 20
Notifications started.
7c 24
70 24
80 24
94 24
90 24
88 24
80 24
84 24
78 24
7c 24
90 24
80 24
80 24
90 24
98 24
78 24
88 24
84 24
88 24
70 24
94 24
88 24
6c 24
80 24
84 24
88 24
74 24
78 24
7c 24
7c 24
7c 24
88 24
8c 24
b0 24
74 24
80 24
7c 24
94 24
6c 24
84 24
88 24
98 24
98 24
78 24
6c 24
70 24
6c 24
5c 24
80 24
58 24
78 24
6c 24
74 24
6c 24
88 24
64 24
78 24
5c 24
80 24
8c 24
78 24
78 24
8c 24
60 24
64 24
64 24
68 24
7c 24
98 24
94 24
78 24
94 24
90 24
68 24
7c 24
80 24
80 24
7c 24
a0 24
84 24
98 24
7c 24
88 24
6c 24
70 24
6c 24
84 24
80 24
80 24
74 24
90 24
74 24
58 24
68 24
68 24
54 24
60 24
6c 24
5c 24
68 24
64 24
64 24
7c 24
80 24
70 24
78 24
64 24
60 24
6c 24
70 24
58 24
54 24
60 24
54 24
60 24
5c 24
68 24
64 24
68 24
5c 24
5c 24
78 24
6c 24
5c 24
6c 24
68 24
5c 24
80 24
70 24
68 24
6c 24
60 24
54 24
5c 24
60 24
5c 24
68 24
64 24
68 24
64 24
64 24
5c 24
60 24
74 24
54 24
68 24
4c 24
58 24
54 24
3c 24
34 24
3c 24
50 24
4c 24
34 24
3c 24
50 24
4c 24
48 24
30 24
50 24
30 24
44 24
40 24
3c 24
40 24
44 24
2c 24
48 24
2c 24
24 24
34 24
38 24
50 24
4c 24
48 24
40 24
40 24
24 24
4c 24
38 24
40 24
48 24
60 24
40 24
40 24
40 24
40 24
2c 24
3c 24
3c 24
50 24
44 24
50 24
5c 24
48 24
34 24
2c 24
20 24
34 24
38 24
34 24
64 24
44 24
54 24
58 24
3c 24
2c 24
40 24
34 24
2c 24
3c 24
1c 24
40 24
30 24
3c 24
50 24
24 24
44 24
44 24
50 24
50 24
34 24
54 24
48 24
48 24
30 24
Notifications stopped.
--- 21
Notifications started.
80 24
6c 24
8c 24
7c 24
9c 24
98 24
a0 24
94 24
a0 24
88 24
84 24
80 24
94 24
6c 24
6c 24
88 24
84 24
6c 24
84 24
70 24
84 24
7c 24
68 24
70 24
94 24
7c 24
90 24
88 24
88 24
6c 24
6c 24
80 24
80 24
78 24
90 24
74 24
90 24
80 24
88 24
7c 24
78 24
6c 24
58 24
7c 24
94 24
8c 24
94 24
88 24
8c 24
88 24
94 24
88 24
88 24
88 24
8c 24
8c 24
9c 24
80 24
88 24
84 24
70 24
6c 24
74 24
68 24
6c 24
68 24
80 24
80 24
64 24
64 24
5c 24
80 24
64 24
68 24
6c 24
80 24
70 24
78 24
68 24
68 24
88 24
80 24
68 24
64 24
64 24
6c 24
64 24
68 24
60 24
60 24
88 24
54 24
68 24
5c 24
6c 24
88 24
64 24
58 24
68 24
6c 24
68 24
80 24
78 24
74 24
90 24
84 24
88 24
80 24
78 24
7c 24
94 24
90 24
88 24
80 24
74 24
88 24
Notifications stopped.
--- 22