Notifications started.
58 05
5c 05
7c 05
74 05
3c 05
48 05
40 05
1c 05
34 05
4c 05
74 05
80 05
60 05
64 05
60 05
48 05
20 05
3c 05
78 05
70 05
78 05
78 05
68 05
44 05
3c 05
2c 05
40 05
30 05
60 05
64 05
80 05
7c 05
58 05
44 05
60 05
38 05
40 05
54 05
70 05
74 05
90 05
54 05
3c 05
48 05
34 05
20 05
4c 05
b8 05
70 05
2c 05
90 05
3c 05
44 05
2c 05
28 05
50 05
54 05
64 05
70 05
5c 05
60 05
40 05
3c 05
48 05
48 05
60 05
68 05
6c 05
80 05
58 05
60 05
4c 05
24 05
44 05
Notifications stopped.
--- 0
Notifications started.
70 05
4c 05
7c 05
ac 05
8c 05
68 05
5c 05
60 05
48 05
70 05
74 05
9c 05
9c 05
c0 05
6c 05
74 05
38 05
5c 05
6c 05
88 05
98 05
78 05
94 05
9c 05
68 05
5c 05
54 05
74 05
4c 05
84 05
98 05
80 05
98 05
5c 05
64 05
60 05
50 05
74 05
8c 05
b0 05
94 05
84 05
70 05
80 05
4c 05
6c 05
80 05
a0 05
9c 05
94 05
8c 05
80 05
68 05
5c 05
4c 05
7c 05
84 05
98 05
9c 05
a8 05
80 05
74 05
78 05
68 05
6c 05
54 05
94 05
88 05
9c 05
40 05
6c 05
74 05
4c 05
54 05
7c 05
88 05
90 05
8c 05
7c 05
68 05
74 05
60 05
4c 05
58 05
6c 05
Notifications stopped.
--- 1
Notifications started.
c4 05
b4 05
bc 05
bc 05
ac 05
a4 05
88 05
a8 05
b4 05
b0 05
bc 05
d0 05
bc 05
9c 05
94 05
a4 05
94 05
94 05
ac 05
b8 05
d0 05
bc 05
a4 05
9c 05
9c 05
90 05
ac 05
ac 05
a0 05
d0 05
e0 05
b4 05
9c 05
a8 05
90 05
88 05
b4 05
c0 05
88 04
cc 05
d0 05
ac 05
8c 05
90 05
98 05
98 05
c0 05
cc 05
e4 05
bc 05
ac 05
9c 05
9c 05
84 05
98 05
68 05
c4 05
bc 05
d0 05
a8 05
7c 05
94 05
90 05
6c 05
a0 05
b4 05
d0 05
d4 05
d0 05
a4 05
a0 05
78 05
94 05
94 05
bc 05
a8 05
c8 05
b0 05
a0 05
98 05
8c 05
90 05
9c 05
a8 05
bc 05
e4 05
b4 05
bc 05
88 05
a4 05
8c 05
98 05
ac 05
ac 05
e0 05
cc 05
a8 05
9c 05
Notifications stopped.
--- 2
Notifications started.
e4 05
f0 05
f8 05
10 06
58 06
00 06
f0 05
dc 05
1c 06
d0 05
dc 05
04 06
18 06
2c 06
0c 06
fc 05
f4 05
e8 05
98 05
e4 05
14 06
10 06
24 06
00 06
0c 06
f4 05
d8 05
f0 05
08 06
f8 05
10 06
14 06
18 06
2c 06
ec 05
dc 05
d0 05
cc 05
08 06
0c 06
00 06
38 06
10 06
f4 05
e8 05
d8 05
f0 05
10 06
20 06
10 06
28 06
1c 06
fc 05
f8 05
dc 05
f8 05
e4 05
00 06
1c 06
2c 06
08 06
24 06
ec 05
9c 05
d0 05
e0 05
00 06
08 06
30 06
18 06
10 06
08 06
f0 05
d0 05
dc 05
0c 06
14 06
24 06
24 06
18 06
14 06
d8 05
e8 05
dc 05
ec 05
20 06
18 06
24 06
1c 06
f8 05
40 06
e8 05
cc 05
f0 05
ec 05
1c 06
18 06
20 06
18 06
Notifications stopped.
--- 3
Notifications started.
60 06
50 06
30 06
0c 06
5c 06
58 06
74 06
80 06
80 06
58 06
2c 06
30 06
40 06
48 06
a4 06
5c 06
78 06
90 06
5c 06
48 06
4c 06
40 06
38 06
60 06
70 06
90 06
a4 06
48 06
60 06
48 06
54 06
44 06
54 06
64 06
24 06
90 06
7c 06
88 06
60 06
3c 06
40 06
3c 06
6c 06
78 06
90 06
74 06
7c 06
58 06
50 06
38 06
50 06
58 06
54 06
54 06
94 06
a0 06
68 06
4c 06
5c 06
f8 05
50 06
68 06
80 06
78 06
a0 06
7c 06
64 06
4c 06
4c 06
54 06
64 06
5c 06
7c 06
88 06
80 06
6c 06
4c 06
48 06
20 06
54 06
4c 06
78 06
7c 06
f4 06
80 06
80 06
50 06
40 06
50 06
5c 06
70 06
7c 06
a0 06
88 06
54 06
58 06
10 07
38 06
54 06
74 06
50 06
84 06
90 06
5c 06
64 06
3c 06
40 06
48 06
58 06
6c 06
6c 06
90 06
90 06
Notifications stopped.
--- 4
Notifications started.
f0 06
dc 06
ec 06
e0 06
d4 06
00 07
fc 06
04 07
1c 07
08 07
dc 06
cc 06
dc 06
bc 06
d4 06
f8 06
04 07
20 07
0c 07
fc 06
ec 06
d8 06
d0 06
dc 06
f4 06
20 07
20 07
14 07
ec 06
dc 06
ec 06
e4 06
e8 06
e8 06
fc 06
2c 07
34 07
20 07
0c 07
fc 06
f4 06
bc 06
00 07
f8 06
18 07
10 07
40 07
0c 07
08 07
00 07
dc 06
10 07
00 07
04 07
2c 07
28 07
40 07
20 07
0c 07
dc 06
d8 06
cc 06
08 07
ec 06
30 07
30 07
20 07
1c 07
e4 06
ec 06
e0 06
ec 06
0c 07
24 07
24 07
34 07
30 07
f0 06
f8 06
08 07
f0 06
e8 06
08 07
20 07
28 07
2c 07
fc 06
00 07
f4 06
e0 06
e4 06
dc 06
24 07
30 07
3c 07
18 07
08 07
f0 06
ec 06
fc 06
00 07
0c 07
f4 06
20 07
2c 07
10 07
f4 06
fc 06
4c 06
f0 06
24 07
e0 07
40 07
3c 07
28 07
1c 07
14 07
fc 06
f0 06
fc 06
18 07
1c 07
30 07
44 07
2c 07
0c 07
00 07
d8 06
ec 06
Notifications stopped.
--- 5
Notifications started.
d8 07
b4 07
c0 07
e8 07
e8 07
e4 07
28 08
e8 07
e4 07
d4 07
cc 07
bc 07
c8 07
dc 07
00 08
08 08
18 08
08 08
f0 07
f4 07
e0 07
f4 07
e0 07
e4 07
00 08
b8 07
1c 08
08 08
f0 07
e8 07
f4 07
c0 07
e8 07
ec 07
24 08
18 08
0c 08
f0 07
fc 07
e8 07
e8 07
bc 07
dc 07
e4 07
0c 08
0c 08
24 08
08 08
18 08
dc 07
e8 07
dc 07
f0 07
fc 07
18 08
0c 08
2c 08
0c 08
10 08
dc 07
e8 07
e8 07
f8 07
08 08
04 08
38 08
2c 08
f4 07
08 08
f4 07
dc 07
cc 07
d4 07
f4 07
10 08
2c 08
38 08
fc 07
10 08
ec 07
cc 07
d8 07
f8 07
18 08
1c 08
20 08
40 08
10 08
14 08
e8 07
dc 07
e8 07
fc 07
04 08
24 08
38 08
3c 08
1c 08
28 08
00 08
f0 07
d8 07
f4 07
08 08
1c 08
30 08
38 08
14 08
14 08
ec 07
00 08
d4 07
f0 07
fc 07
14 08
48 08
40 08
0c 08
08 08
00 08
Notifications stopped.
--- 6
Notifications started.
c0 0a
a4 0a
84 0a
8c 0a
a0 0a
c0 0a
b4 0a
d0 0a
c8 0a
98 0a
80 0a
68 0a
54 0a
80 0a
78 0a
a0 0a
9c 0a
c0 0a
7c 0a
6c 0a
58 0a
18 0a
0c 0a
30 0a
44 0a
70 0a
48 0a
50 0a
50 0a
0c 0a
10 0a
f4 09
04 0a
0c 0a
28 0a
40 0a
44 0a
50 0a
40 0a
fc 09
14 0a
dc 09
fc 09
30 0a
20 0a
3c 0a
4c 0a
44 0a
20 0a
10 0a
f4 09
04 0a
20 0a
18 0a
4c 0a
60 0a
54 0a
30 0a
20 0a
1c 0a
f4 09
10 0a
0c 0a
40 0a
44 0a
60 0a
40 0a
30 0a
0c 0a
10 0a
e8 09
18 0a
20 0a
60 0a
54 0a
54 0a
40 0a
28 0a
0c 0a
f4 09
08 0a
18 0a
4c 0a
60 0a
80 0a
34 0a
28 0a
2c 0a
28 0a
f8 09
18 0a
2c 0a
50 0a
54 0a
5c 0a
40 0a
30 0a
24 0a
04 0a
00 0a
3c 0a
40 0a
5c 0a
68 0a
2c 0a
3c 0a
38 0a
10 0a
00 0a
1c 0a
68 0a
4c 0a
70 0a
6c 0a
40 0a
34 0a
Notifications stopped.
--- 7
Notifications started.
7c 20
5c 20
48 20
20 20
40 20
44 20
4c 20
64 20
6c 20
64 20
64 20
60 20
38 20
3c 20
2c 20
48 20
50 20
70 20
84 20
60 20
5c 20
50 20
54 20
48 20
64 20
64 20
54 20
60 20
88 20
58 20
60 20
4c 20
40 20
44 20
3c 20
50 20
54 20
74 20
70 20
58 20
54 20
60 20
54 20
60 20
6c 20
5c 20
5c 20
80 20
5c 20
48 20
50 20
2c 20
38 20
4c 20
48 20
50 20
58 20
54 20
50 20
38 20
2c 20
18 20
40 20
54 20
4c 20
74 20
68 20
4c 20
48 20
3c 20
40 20
20 20
44 20
40 20
2c 20
58 20
50 20
40 20
50 20
0c 20
1c 20
38 20
48 20
48 20
4c 20
5c 20
50 20
48 20
30 20
30 20
14 20
3c 20
50 20
68 20
58 20
4c 20
44 20
50 20
34 20
4c 20
50 20
5c 20
64 20
74 20
80 20
64 20
4c 20
Notifications stopped.
--- 8
Notifications started.
3c 22
2c 22
40 22
44 22
34 22
3c 22
3c 22
44 22
38 22
3c 22
40 22
48 22
34 22
38 22
34 22
3c 22
44 22
2c 22
2c 22
48 22
34 22
40 22
1c 22
3c 22
34 22
40 22
28 22
40 22
28 22
30 22
30 22
30 22
3c 22
30 22
40 22
34 22
34 22
48 22
24 22
28 22
38 22
50 22
2c 22
30 22
50 22
2c 22
3c 22
1c 22
50 22
54 22
48 22
44 22
44 22
4c 22
54 22
3c 22
50 22
48 22
60 22
3c 22
50 22
48 22
3c 22
44 22
38 22
2c 22
2c 22
40 22
3c 22
48 22
40 22
0c 22
40 22
24 22
34 22
50 22
28 22
2c 22
44 22
38 22
1c 22
1c 22
28 22
18 22
1c 22
1c 22
24 22
28 22
38 22
38 22
24 22
20 22
00 22
08 22
1c 22
1c 22
38 22
20 22
1c 22
18 22
10 22
20 22
28 22
1c 22
10 22
1c 22
1c 22
28 22
1c 22
1c 22
30 22
20 22
08 22
20 22
14 22
1c 22
20 22
1c 22
20 22
24 22
1c 22
0c 22
24 22
28 22
1c 22
08 22
18 22
24 22
08 22
18 22
24 22
28 22
20 22
24 22
28 22
14 22
14 22
24 22
10 22
28 22
0c 22
1c 22
14 22
18 22
18 22
20 22
1c 22
28 22
20 22
10 22
30 22
fc 21
24 22
14 22
18 22
10 22
10 22
20 22
20 22
0c 22
04 22
0c 22
1c 22
18 22
f4 21
04 22
20 22
20 22
28 22
1c 22
14 22
Notifications stopped.
--- 9
Notifications started.
a4 22
a4 22
ac 22
a4 22
94 22
94 22
8c 22
98 22
ac 22
a0 22
c0 22
9c 22
a0 22
90 22
a0 22
b0 22
ac 22
b4 22
b8 22
c4 22
a0 22
b0 22
9c 22
b4 22
b4 22
9c 22
a8 22
b0 22
c0 22
a8 22
9c 22
b8 22
a4 22
9c 22
b0 22
ac 22
ac 22
9c 22
a0 22
a4 22
8c 22
a4 22
a4 22
c0 22
c0 22
c8 22
ac 22
b8 22
d0 22
b8 22
b4 22
b4 22
ac 22
d0 22
b8 22
bc 22
bc 22
bc 22
bc 22
c8 22
c8 22
c4 22
cc 22
b8 22
bc 22
c8 22
d4 22
c8 22
bc 22
c8 22
e0 22
d4 22
e4 22
c4 22
e0 22
dc 22
bc 22
d8 22
c0 22
c8 22
c0 22
c8 22
bc 22
bc 22
d4 22
e4 22
d4 22
c8 22
e0 22
d8 22
c8 22
b0 22
c4 22
c8 22
dc 22
d8 22
cc 22
c8 22
d8 22
d4 22
c4 22
ec 22
c8 22
d4 22
d0 22
dc 22
d4 22
d0 22
d4 22
e4 22
b8 22
d0 22
c0 22
c8 22
d8 22
Notifications stopped.
--- 10
Notifications started.
fc 22
f4 22
f4 22
ec 22
f4 22
e8 22
dc 22
00 23
e8 22
f4 22
f8 22
f4 22
ec 22
08 23
00 23
00 23
ec 22
04 23
00 23
08 23
0c 23
0c 23
20 23
18 23
0c 23
14 23
28 23
3c 23
18 23
14 23
24 23
40 23
1c 23
34 23
30 23
20 23
34 23
28 23
40 23
28 23
3c 23
2c 23
20 23
04 23
18 23
30 23
3c 23
24 23
14 23
30 23
1c 23
24 23
14 23
20 23
14 23
28 23
2c 23
fc 22
1c 23
24 23
20 23
1c 23
38 23
2c 23
28 23
40 23
30 23
2c 23
30 23
44 23
1c 23
30 23
48 23
1c 23
30 23
24 23
1c 23
28 23
34 23
44 23
20 23
34 23
34 23
2c 23
40 23
2c 23
40 23
2c 23
3c 23
28 23
2c 23
2c 23
38 23
30 23
3c 23
1c 23
2c 23
40 23
1c 23
2c 23
18 23
40 23
38 23
44 23
2c 23
30 23
30 23
1c 23
Notifications stopped.
--- 11
Notifications started.
84 23
88 23
6c 23
78 23
70 23
6c 23
70 23
5c 23
70 23
60 23
60 23
68 23
64 23
78 23
74 23
74 23
68 23
80 23
70 23
64 23
78 23
50 23
50 23
64 23
54 23
54 23
50 23
4c 23
64 23
60 23
58 23
64 23
60 23
58 23
68 23
5c 23
6c 23
6c 23
84 23
b0 23
7c 23
94 23
a4 23
b0 23
a0 23
a4 23
c0 23
ac 23
c4 23
b0 23
d0 23
bc 23
b0 23
ac 23
28 24
a8 23
c0 23
b0 23
b0 23
ac 23
b0 23
c4 23
ac 23
c0 23
ac 23
e0 23
b4 23
c8 23
bc 23
b0 23
b4 23
c8 23
ac 23
9c 23
ac 23
ac 23
a4 23
98 23
a8 23
a4 23
94 23
c0 23
94 23
b0 23
88 23
98 23
a4 23
90 23
9c 23
94 23
94 23
a0 23
94 23
84 23
9c 23
98 23
94 23
a0 23
a0 23
Notifications stopped.
--- 12
Notifications started.
90 23
9c 23
a8 23
a4 23
b0 23
a8 23
9c 23
a0 23
b8 23
a4 23
94 23
a8 23
94 23
a0 23
a4 23
c0 23
9c 23
d0 23
a8 23
9c 23
ac 23
ac 23
b4 23
c4 23
b0 23
bc 23
b8 23
bc 23
cc 23
bc 23
b4 23
d4 23
dc 23
e0 23
e8 23
c8 23
f8 23
e0 23
d4 23
e4 23
d8 23
d8 23
e4 23
d4 23
e8 23
dc 23
e4 23
cc 23
bc 23
cc 23
c4 23
bc 23
cc 23
cc 23
c4 23
dc 23
b4 23
ac 23
bc 23
b8 23
d0 23
c0 23
b4 23
9c 23
9c 23
9c 23
a8 23
94 23
7c 23
94 23
a8 23
94 23
84 23
88 23
a0 23
70 23
98 23
90 23
8c 23
b4 23
a0 23
a8 23
a0 23
c4 23
c0 23
c8 23
cc 23
b8 23
d8 23
c8 23
d4 23
00 24
e4 23
d8 23
d8 23
e4 23
d8 23
fc 23
fc 23
04 24
04 24
ec 23
14 24
20 24
0c 24
08 24
10 24
18 24
f8 23
08 24
fc 23
10 24
00 24
00 24
10 24
0c 24
18 24
ec 23
00 24
10 24
08 24
18 24
04 24
00 24
00 24
f4 23
04 24
f0 23
fc 23
e4 23
e4 23
f0 23
Notifications stopped.
--- 13
Notifications started.
44 24
3c 24
2c 24
20 24
28 24
30 24
30 24
28 24
24 24
28 24
40 24
18 24
20 24
24 24
18 24
20 24
28 24
0c 24
18 24
08 24
0c 24
10 24
10 24
0c 24
10 24
1c 24
0c 24
24 24
0c 24
0c 24
20 24
20 24
04 24
20 24
08 24
20 24
2c 24
20 24
28 24
24 24
24 24
28 24
38 24
14 24
1c 24
10 24
18 24
08 24
20 24
10 24
10 24
04 24
10 24
18 24
f8 23
10 24
04 24
f8 23
0c 24
10 24
04 24
fc 23
14 24
04 24
00 24
fc 23
08 24
00 24
0c 24
1c 24
04 24
fc 23
08 24
e8 23
04 24
08 24
f4 23
10 24
00 24
08 24
10 24
08 24
10 24
04 24
10 24
04 24
f0 23
00 24
04 24
20 24
10 24
10 24
08 24
f4 23
fc 23
00 24
00 24
08 24
08 24
00 24
fc 23
10 24
00 24
f4 23
fc 23
f4 23
f4 23
0c 24
04 24
00 24
08 24
dc 23
ec 23
f8 23
00 24
d4 23
e4 23
f0 23
Notifications stopped.
--- 14
Notifications started.
24 24
40 24
44 24
30 24
38 24
34 24
44 24
44 24
3c 24
44 24
34 24
28 24
24 24
34 24
1c 24
38 24
2c 24
30 24
2c 24
18 24
30 24
40 24
1c 24
2c 24
18 24
18 24
20 24
30 24
30 24
0c 24
1c 24
24 24
28 24
2c 24
30 24
28 24
30 24
38 24
2c 24
48 24
50 24
54 24
48 24
3c 24
5c 24
3c 24
5c 24
70 24
5c 24
64 24
5c 24
8c 24
58 24
5c 24
68 24
74 24
70 24
68 24
6c 24
94 24
88 24
60 24
58 24
5c 24
78 24
54 24
54 24
64 24
70 24
5c 24
60 24
64 24
5c 24
68 24
5c 24
50 24
60 24
5c 24
78 24
74 24
68 24
58 24
74 24
80 24
58 24
54 24
78 24
4c 24
84 24
74 24
70 24
68 24
4c 24
5c 24
64 24
70 24
5c 24
74 24
60 24
68 24
4c 24
4c 24
5c 24
5c 24
68 24
58 24
58 24
64 24
6c 24
6c 24
5c 24
68 24
4c 24
80 24
70 24
68 24
74 24
5c 24
4c 24
58 24
5c 24
5c 24
3c 24
5c 24
50 24
3c 24
48 24
48 24
3c 24
50 24
40 24
38 24
28 24
2c 24
Notifications stopped.
--- 15
Notifications started.
80 24
7c 24
6c 24
80 24
5c 24
70 24
74 24
7c 24
5c 24
80 24
78 24
a0 24
80 24
88 24
78 24
80 24
70 24
64 24
5c 24
80 24
6c 24
78 24
78 24
5c 24
74 24
64 24
88 24
80 24
70 24
64 24
74 24
6c 24
70 24
6c 24
5c 24
6c 24
74 24
60 24
84 24
6c 24
80 24
80 24
60 24
74 24
68 24
68 24
64 24
78 24
74 24
78 24
94 24
84 24
7c 24
84 24
74 24
84 24
64 24
88 24
94 24
74 24
94 24
78 24
84 24
6c 24
74 24
7c 24
90 24
8c 24
80 24
78 24
90 24
84 24
94 24
94 24
84 24
9c 24
84 24
88 24
88 24
88 24
8c 24
78 24
7c 24
88 24
90 24
84 24
8c 24
88 24
7c 24
80 24
7c 24
80 24
94 24
a0 24
84 24
90 24
98 24
80 24
7c 24
84 24
78 24
8c 24
7c 24
90 24
7c 24
94 24
7c 24
8c 24
7c 24
88 24
80 24
88 24
78 24
a0 24
a8 24
a0 24
80 24
8c 24
7c 24
78 24
74 24
80 24
84 24
74 24
78 24
84 24
9c 24
90 24
7c 24
84 24
84 24
84 24
78 24
74 24
6c 24
88 24
7c 24
80 24
7c 24
7c 24
90 24
94 24
78 24
70 24
80 24
80 24
80 24
88 24
88 24
80 24
94 24
88 24
74 24
6c 24
8c 24
80 24
84 24
90 24
Notifications stopped.
--- 16
Notifications started.
9c 24
9c 24
9c 24
a0 24
90 24
a0 24
9c 24
a8 24
98 24
94 24
94 24
94 24
8c 24
a8 24
88 24
ac 24
88 24
98 24
8c 24
88 24
9c 24
90 24
78 24
7c 24
b0 24
a0 24
98 24
a0 24
80 24
a0 24
7c 24
9c 24
84 24
94 24
a0 24
7c 24
88 24
90 24
78 24
94 24
90 24
90 24
88 24
90 24
84 24
7c 24
90 24
a0 24
7c 24
80 24
5c 24
5c 24
6c 24
70 24
80 24
84 24
70 24
60 24
84 24
5c 24
78 24
7c 24
7c 24
80 24
78 24
84 24
70 24
70 24
84 24
88 24
7c 24
78 24
78 24
88 24
80 24
8c 24
84 24
88 24
74 24
80 24
90 24
84 24
88 24
88 24
98 24
84 24
90 24
8c 24
80 24
74 24
74 24
88 24
84 24
84 24
6c 24
78 24
80 24
6c 24
6c 24
68 24
84 24
80 24
88 24
78 24
78 24
68 24
a0 24
74 24
88 24
88 24
74 24
90 24
7c 24
74 24
68 24
74 24
74 24
7c 24
8c 24
Notifications stopped.
--- 17
Notifications started.
80 24
70 24
90 24
78 24
90 24
9c 24
84 24
90 24
7c 24
70 24
90 24
80 24
88 24
84 24
90 24
80 24
90 24
88 24
90 24
90 24
88 24
94 24
a4 24
98 24
8c 24
8c 24
b0 24
90 24
a8 24
c0 24
94 24
7c 24
b0 24
a4 24
88 24
a4 24
98 24
ac 24
b0 24
9c 24
a4 24
9c 24
98 24
90 24
b8 24
a0 24
9c 24
8c 24
90 24
90 24
8c 24
9c 24
a8 24
8c 24
8c 24
94 24
a4 24
a8 24
84 24
9c 24
90 24
8c 24
98 24
8c 24
94 24
b0 24
8c 24
a8 24
9c 24
88 24
98 24
a0 24
8c 24
94 24
94 24
94 24
b0 24
94 24
a0 24
8c 24
a0 24
9c 24
98 24
8c 24
a0 24
90 24
a4 24
90 24
8c 24
8c 24
74 24
94 24
98 24
a0 24
Notifications stopped.
--- 18
Notifications started.
84 24
98 24
a0 24
a0 24
8c 24
80 24
88 24
84 24
78 24
8c 24
84 24
90 24
7c 24
6c 24
90 24
80 24
70 24
78 24
88 24
70 24
80 24
78 24
78 24
84 24
78 24
80 24
6c 24
64 24
70 24
78 24
7c 24
64 24
78 24
80 24
74 24
70 24
60 24
80 24
70 24
80 24
58 24
70 24
74 24
70 24
64 24
50 24
64 24
68 24
5c 24
60 24
4c 24
5c 24
60 24
60 24
60 24
64 24
5c 24
6c 24
54 24
68 24
60 24
58 24
78 24
54 24
5c 24
64 24
70 24
5c 24
74 24
74 24
74 24
80 24
70 24
70 24
88 24
64 24
6c 24
8c 24
88 24
80 24
7c 24
88 24
80 24
78 24
80 24
84 24
84 24
70 24
68 24
6c 24
7c 24
80 24
6c 24
6c 24
6c 24
80 24
80 24
60 24
78 24
7c 24
70 24
64 24
84 24
84 24
84 24
80 24
74 24
8c 24
7c 24
80 24
a0 24
7c 24
80 24
88 24
90 24
98 24
Notifications stopped.
--- 19
Notifications started.
8c 24
88 24
b4 24
a0 24
7c 24
a8 24
98 24
8c 24
9c 24
90 24
98 24
8c 24
a0 24
9c 24
a4 24
a0 24
9c 24
a8 24
a8 24
b0 24
94 24
a0 24
94 24
98 24
9c 24
9c 24
a8 24
a4 24
90 24
9c 24
98 24
a4 24
a8 24
a8 24
ac 24
a0 24
a4 24
98 24
a8 24
ac 24
90 24
a8 24
a4 24
c4 24
ac 24
b0 24
a8 24
a4 24
ac 24
a4 24
a4 24
9c 24
a4 24
a8 24
9c 24
a4 24
98 24
c0 24
a0 24
b8 24
94 24
a0 24
b4 24
a8 24
a8 24
a4 24
b4 24
9c 24
b4 24
94 24
98 24
c0 24
ac 24
a8 24
a0 24
a4 24
ac 24
c0 24
a8 24
8c 24
90 24
b8 24
98 24
bc 24
ac 24
b0 24
a4 24
9c 24
9c 24
a4 24
a0 24
9c 24
a8 24
8c 24
94 24
88 24
98 24
a8 24
a8 24
7c 24
a0 24
9c 24
9c 24
98 24
98 24
a0 24
a4 24
a4 24
c0 24
a0 24
a8 24
9c 24
b0 24
a8 24
a0 24
b4 24
a8 24
98 24
a0 24
Notifications stopped.
--- 20
Notifications started.
9c 24
9c 24
b4 24
ac 24
b8 24
b8 24
b0 24
b4 24
ac 24
b8 24
ac 24
c0 24
d0 24
c0 24
9c 24
cc 24
b0 24
ac 24
b0 24
b0 24
9c 24
b0 24
b4 24
c8 24
a8 24
b4 24
c0 24
ac 24
b8 24
b0 24
98 24
a8 24
c4 24
b4 24
b8 24
c8 24
a0 24
a8 24
b0 24
9c 24
bc 24
a8 24
a4 24
b0 24
9c 24
b4 24
94 24
94 24
ac 24
a4 24
b0 24
ac 24
b0 24
a4 24
a4 24
bc 24
b0 24
b0 24
b0 24
c8 24
b0 24
98 24
b0 24
ac 24
b0 24
b4 24
c8 24
a4 24
9c 24
d0 24
b0 24
b8 24
b4 24
b0 24
b0 24
a8 24
b4 24
9c 24
b4 24
a4 24
9c 24
b4 24
9c 24
a0 24
b0 24
98 24
c4 24
a8 24
b0 24
a4 24
c0 24
a0 24
ac 24
b0 24
b0 24
b4 24
b8 24
b0 24
ac 24
c0 24
bc 24
a0 24
b8 24
a8 24
a0 24
bc 24
a8 24
c0 24
b8 24
ac 24
a8 24
a8 24
ac 24
a4 24
a8 24
a8 24
ac 24
b0 24
a0 24
ac 24
b8 24
a4 24
a8 24
b0 24
ac 24
a0 24
b0 24
a0 24
b0 24
a8 24
b0 24
c0 24
9c 24
c4 24
98 24
a4 24
a8 24
a4 24
ac 24
94 24
c0 24
b4 24
ac 24
b0 24
ac 24
b4 24
b0 24
b0 24
c4 24
a4 24
9c 24
c0 24
b0 24
9c 24
b8 24
9c 24
Notifications stopped.
--- 21
Notifications started.
Notifications started.
b0 24
ac 24
b4 24
b0 24
c4 24
a8 24
a4 24
a4 24
98 24
b8 24
b0 24
b4 24
8c 24
ac 24
ac 24
b8 24
a4 24
b8 24
c4 24
b0 24
b8 24
b4 24
c8 24
a8 24
c8 24
c4 24
b4 24
ac 24
b4 24
c4 24
9c 24
b0 24
ac 24
b8 24
98 24
9c 24
9c 24
b8 24
b4 24
a4 24
b0 24
a4 24
c0 24
98 24
ac 24
b4 24
b8 24
b4 24
b8 24
b8 24
ac 24
9c 24
9c 24
c8 24
cc 24
b4 24
c0 24
a4 24
b8 24
c0 24
98 24
bc 24
a8 24
c0 24
cc 24
c0 24
b4 24
b8 24
c0 24
9c 24
c0 24
a8 24
c0 24
b8 24
b4 24
d0 24
c8 24
a0 24
9c 24
c0 24
c0 24
b0 24
c8 24
a8 24
b4 24
c0 24
ac 24
8c 24
9c 24
bc 24
b4 24
ac 24
b0 24
ac 24
b4 24
b8 24
c8 24
a8 24
ac 24
c4 24
b0 24
a8 24
b8 24
ac 24
bc 24
bc 24
c0 24
ac 24
b4 24
b0 24
b0 24
b0 24
b0 24
b0 24
b8 24
b8 24
ac 24
b0 24
b4 24
b0 24
bc 24
b0 24
c0 24
a8 24
94 24
ac 24
b0 24
ac 24
a8 24
Notifications stopped.
--- 22