Notifications started.
d1 00 d0 00 7f 00
d2 00 d0 00 7f 00
d2 00 d0 00 7f 00
d1 00 d0 00 7f 00
d2 00 d0 00 7f 00
d1 00 d0 00 7f 00
d1 00 d0 00 7f 00
d1 00 d0 00 7f 00
d2 00 d0 00 7f 00
d1 00 d0 00 7f 00
d1 00 d0 00 7f 00
d1 00 d0 00 7f 00
d1 00 d0 00 7f 00
d1 00 d0 00 7f 00
d1 00 d0 00 7f 00
d1 00 d0 00 7f 00
d1 00 d0 00 7f 00
d1 00 d0 00 7f 00
d1 00 d0 00 7f 00
d1 00 d0 00 7f 00
d1 00 d0 00 7f 00
d1 00 d0 00 7f 00
d1 00 d0 00 7f 00
d1 00 d0 00 7f 00
d1 00 d0 00 7f 00
d1 00 d0 00 7f 00
d1 00 d0 00 7f 00
d1 00 d0 00 7f 00
d0 00 cf 00 7f 00
d1 00 cf 00 7f 00
d1 00 cf 00 7f 00
d1 00 cf 00 7f 00
d0 00 cf 00 7f 00
d0 00 cf 00 7f 00
d0 00 cf 00 7f 00
d0 00 cf 00 7f 00
d0 00 cf 00 7f 00
d0 00 cf 00 7f 00
d0 00 cf 00 7f 00
d0 00 cf 00 7f 00
d0 00 cf 00 7f 00
d0 00 cf 00 7f 00
d0 00 cf 00 7f 00
cf 00 ce 00 7f 00
d0 00 ce 00 7f 00
d0 00 ce 00 7f 00
cf 00 ce 00 7f 00
d0 00 ce 00 7f 00
d0 00 ce 00 7f 00
d0 00 ce 00 7f 00
cf 00 ce 00 7f 00
d0 00 ce 00 7f 00
d0 00 ce 00 7f 00
d0 00 ce 00 7f 00
cf 00 ce 00 7f 00
cf 00 ce 00 7f 00
d0 00 ce 00 7f 00
cf 00 ce 00 7f 00
d0 00 ce 00 7f 00
d0 00 ce 00 7f 00
cf 00 ce 00 7f 00
Notifications stopped.
--- 0
Notifications started.
d1 00 cf 00 7f 00
d1 00 cf 00 7f 00
d1 00 cf 00 7f 00
d1 00 cf 00 7f 00
d1 00 cf 00 7f 00
d1 00 cf 00 7f 00
d1 00 cf 00 7f 00
d1 00 cf 00 7f 00
d1 00 cf 00 7f 00
d1 00 cf 00 7f 00
d1 00 cf 00 7f 00
d1 00 cf 00 7f 00
d1 00 cf 00 7f 00
d1 00 cf 00 7f 00
d0 00 cf 00 7f 00
d1 00 cf 00 7f 00
d0 00 cf 00 7f 00
d0 00 cf 00 7f 00
d0 00 cf 00 7f 00
d0 00 cf 00 7f 00
d1 00 cf 00 7f 00
d0 00 cf 00 7f 00
d1 00 cf 00 7f 00
d0 00 cf 00 7f 00
d1 00 cf 00 7f 00
d0 00 cf 00 7f 00
d0 00 cf 00 7f 00
d1 00 cf 00 7f 00
d1 00 cf 00 7f 00
d0 00 cf 00 7f 00
d1 00 cf 00 7f 00
d0 00 cf 00 7f 00
d1 00 cf 00 7f 00
d1 00 cf 00 7f 00
d1 00 cf 00 7f 00
d0 00 cf 00 7f 00
d1 00 cf 00 7f 00
d0 00 cf 00 7f 00
d1 00 cf 00 7f 00
d1 00 cf 00 7f 00
d0 00 cf 00 7f 00
d1 00 cf 00 7f 00
d1 00 cf 00 7f 00
d1 00 cf 00 7f 00
d1 00 cf 00 7f 00
d1 00 cf 00 7f 00
d1 00 cf 00 7f 00
d0 00 cf 00 7f 00
Notifications stopped.
--- 1
Notifications started.
d4 00 d3 00 7f 00
d4 00 d3 00 7f 00
d4 00 d3 00 7f 00
d4 00 d3 00 7f 00
d4 00 d3 00 7f 00
d4 00 d3 00 7f 00
d4 00 d3 00 7f 00
d4 00 d3 00 7f 00
d4 00 d3 00 7f 00
d5 00 d3 00 7f 00
d4 00 d3 00 7f 00
d4 00 d3 00 7f 00
d4 00 d3 00 7f 00
d4 00 d3 00 7f 00
d4 00 d3 00 7f 00
d4 00 d3 00 7f 00
d4 00 d3 00 7f 00
d4 00 d3 00 7f 00
d4 00 d3 00 7f 00
d4 00 d3 00 7f 00
d4 00 d3 00 7f 00
d4 00 d3 00 7f 00
d4 00 d3 00 7f 00
d4 00 d3 00 7f 00
d4 00 d3 00 7f 00
d4 00 d3 00 7f 00
d4 00 d3 00 7f 00
d4 00 d3 00 7f 00
d4 00 d3 00 7f 00
d5 00 d3 00 7f 00
d4 00 d3 00 7f 00
d4 00 d3 00 7f 00
d4 00 d3 00 7f 00
d4 00 d3 00 7f 00
d4 00 d3 00 7f 00
d4 00 d3 00 7f 00
d4 00 d3 00 7f 00
d4 00 d3 00 7f 00
d4 00 d3 00 7f 00
d4 00 d3 00 7f 00
d3 00 d2 00 7f 00
d4 00 d2 00 7f 00
d4 00 d2 00 7f 00
d4 00 d2 00 7f 00
d5 00 d3 00 7f 00
d3 00 d2 00 7f 00
d4 00 d2 00 7f 00
d3 00 d2 00 7f 00
d4 00 d2 00 7f 00
d4 00 d2 00 7f 00
d4 00 d2 00 7f 00
d4 00 d2 00 7f 00
d4 00 d2 00 7f 00
d4 00 d2 00 7f 00
d4 00 d2 00 7f 00
d3 00 d2 00 7f 00
d4 00 d2 00 7f 00
d4 00 d2 00 7f 00
d4 00 d2 00 7f 00
d4 00 d2 00 7f 00
d4 00 d2 00 7f 00
d4 00 d2 00 7f 00
d4 00 d2 00 7f 00
d4 00 d2 00 7f 00
d4 00 d2 00 7f 00
d3 00 d2 00 7f 00
d4 00 d2 00 7f 00
d3 00 d2 00 7f 00
d3 00 d2 00 7f 00
d4 00 d2 00 7f 00
d4 00 d2 00 7f 00
d3 00 d2 00 7f 00
d4 00 d2 00 7f 00
d3 00 d2 00 7f 00
d3 00 d2 00 7f 00
d3 00 d2 00 7f 00
d4 00 d2 00 7f 00
d3 00 d2 00 7f 00
d3 00 d2 00 7f 00
d3 00 d2 00 7f 00
d4 00 d2 00 7f 00
d4 00 d2 00 7f 00
d4 00 d2 00 7f 00
d4 00 d2 00 7f 00
d4 00 d2 00 7f 00
d3 00 d2 00 7f 00
d4 00 d2 00 7f 00
d3 00 d2 00 7f 00
d4 00 d2 00 7f 00
d4 00 d2 00 7f 00
d3 00 d2 00 7f 00
d3 00 d2 00 7f 00
d3 00 d2 00 7f 00
d3 00 d2 00 7f 00
Notifications stopped.
--- 2
Notifications started.
d7 00 d6 00 7f 00
d7 00 d6 00 7f 00
d7 00 d6 00 7f 00
d7 00 d6 00 7f 00
d7 00 d6 00 7f 00
d7 00 d6 00 7f 00
d7 00 d6 00 7f 00
d7 00 d6 00 7f 00
d7 00 d6 00 7f 00
d7 00 d6 00 7f 00
d7 00 d6 00 7f 00
d6 00 d5 00 7f 00
d7 00 d5 00 7f 00
d7 00 d5 00 7f 00
d7 00 d5 00 7f 00
d7 00 d5 00 7f 00
d7 00 d5 00 7f 00
d7 00 d5 00 7f 00
d7 00 d5 00 7f 00
d7 00 d5 00 7f 00
d7 00 d5 00 7f 00
d7 00 d5 00 7f 00
d6 00 d5 00 7f 00
d7 00 d5 00 7f 00
d7 00 d5 00 7f 00
d7 00 d5 00 7f 00
d7 00 d5 00 7f 00
d7 00 d5 00 7f 00
d7 00 d5 00 7f 00
d7 00 d5 00 7f 00
d7 00 d5 00 7f 00
d7 00 d5 00 7f 00
d7 00 d5 00 7f 00
d7 00 d5 00 7f 00
d7 00 d5 00 7f 00
d7 00 d5 00 7f 00
d7 00 d5 00 7f 00
d7 00 d5 00 7f 00
d7 00 d5 00 7f 00
d7 00 d5 00 7f 00
d7 00 d5 00 7f 00
d7 00 d5 00 7f 00
d7 00 d5 00 7f 00
d7 00 d5 00 7f 00
d7 00 d5 00 7f 00
d7 00 d5 00 7f 00
d7 00 d5 00 7f 00
d7 00 d5 00 7f 00
d7 00 d5 00 7f 00
d7 00 d5 00 7f 00
d7 00 d5 00 7f 00
d7 00 d5 00 7f 00
d7 00 d5 00 7f 00
d7 00 d5 00 7f 00
d7 00 d5 00 7f 00
d7 00 d5 00 7f 00
d7 00 d5 00 7f 00
d7 00 d5 00 7f 00
d7 00 d5 00 7f 00
d7 00 d5 00 7f 00
d7 00 d5 00 7f 00
d7 00 d5 00 7f 00
d7 00 d5 00 7f 00
d7 00 d5 00 7f 00
d7 00 d5 00 7f 00
d7 00 d5 00 7f 00
d8 00 d6 00 7f 00
d8 00 d6 00 7f 00
d7 00 d6 00 7f 00
d7 00 d6 00 7f 00
d7 00 d6 00 7f 00
d7 00 d6 00 7f 00
d7 00 d6 00 7f 00
d7 00 d6 00 7f 00
d8 00 d6 00 7f 00
d7 00 d6 00 7f 00
d7 00 d6 00 7f 00
d7 00 d6 00 7f 00
d7 00 d6 00 7f 00
d7 00 d6 00 7f 00
d7 00 d6 00 7f 00
d7 00 d6 00 7f 00
d7 00 d6 00 7f 00
d7 00 d6 00 7f 00
d6 00 d5 00 7f 00
d7 00 d5 00 7f 00
d6 00 d5 00 7f 00
d7 00 d5 00 7f 00
d7 00 d5 00 7f 00
d7 00 d5 00 7f 00
d7 00 d5 00 7f 00
d6 00 d5 00 7f 00
d6 00 d5 00 7f 00
d7 00 d5 00 7f 00
d7 00 d5 00 7f 00
Notifications stopped.
--- 3
Notifications started.
db 00 da 00 7f 00
db 00 da 00 7f 00
db 00 da 00 7f 00
db 00 da 00 7f 00
db 00 da 00 7f 00
db 00 da 00 7f 00
db 00 da 00 7f 00
db 00 da 00 7f 00
db 00 da 00 7f 00
db 00 da 00 7f 00
dc 00 da 00 7f 00
db 00 da 00 7f 00
db 00 da 00 7f 00
db 00 da 00 7f 00
da 00 d9 00 7f 00
db 00 d9 00 7f 00
db 00 d9 00 7f 00
db 00 d9 00 7f 00
db 00 d9 00 7f 00
db 00 d9 00 7f 00
db 00 d9 00 7f 00
db 00 d9 00 7f 00
db 00 d9 00 7f 00
db 00 d9 00 7f 00
db 00 d9 00 7f 00
db 00 d9 00 7f 00
db 00 d9 00 7f 00
db 00 d9 00 7f 00
db 00 d9 00 7f 00
db 00 d9 00 7f 00
db 00 d9 00 7f 00
db 00 d9 00 7f 00
db 00 d9 00 7f 00
db 00 d9 00 7f 00
db 00 d9 00 7f 00
db 00 d9 00 7f 00
db 00 d9 00 7f 00
db 00 d9 00 7f 00
db 00 d9 00 7f 00
db 00 d9 00 7f 00
db 00 d9 00 7f 00
db 00 d9 00 7f 00
db 00 d9 00 7f 00
db 00 d9 00 7f 00
db 00 d9 00 7f 00
db 00 d9 00 7f 00
db 00 d9 00 7f 00
db 00 d9 00 7f 00
db 00 d9 00 7f 00
db 00 d9 00 7f 00
db 00 d9 00 7f 00
db 00 d9 00 7f 00
db 00 d9 00 7f 00
db 00 d9 00 7f 00
db 00 d9 00 7f 00
db 00 d9 00 7f 00
db 00 d9 00 7f 00
db 00 d9 00 7f 00
db 00 d9 00 7f 00
db 00 d9 00 7f 00
db 00 d9 00 7f 00
Notifications stopped.
--- 4
Notifications started.
e0 00 de 00 7f 00
df 00 de 00 7f 00
df 00 de 00 7f 00
df 00 de 00 7f 00
df 00 de 00 7f 00
e0 00 de 00 7f 00
df 00 de 00 7f 00
e0 00 de 00 7f 00
df 00 de 00 7f 00
e0 00 de 00 7f 00
df 00 de 00 7f 00
e0 00 de 00 7f 00
df 00 de 00 7f 00
df 00 de 00 7f 00
df 00 de 00 7f 00
df 00 de 00 7f 00
df 00 de 00 7f 00
df 00 de 00 7f 00
df 00 de 00 7f 00
e0 00 de 00 7f 00
df 00 de 00 7f 00
df 00 de 00 7f 00
df 00 de 00 7f 00
df 00 de 00 7f 00
df 00 de 00 7f 00
df 00 de 00 7f 00
df 00 de 00 7f 00
df 00 de 00 7f 00
df 00 de 00 7f 00
df 00 de 00 7f 00
df 00 de 00 7f 00
df 00 de 00 7f 00
df 00 de 00 7f 00
df 00 de 00 7f 00
df 00 de 00 7f 00
df 00 de 00 7f 00
df 00 de 00 7f 00
df 00 de 00 7f 00
df 00 de 00 7f 00
df 00 de 00 7f 00
df 00 de 00 7f 00
df 00 de 00 7f 00
df 00 de 00 7f 00
df 00 de 00 7f 00
df 00 de 00 7f 00
df 00 de 00 7f 00
df 00 de 00 7f 00
df 00 de 00 7f 00
df 00 de 00 7f 00
df 00 de 00 7f 00
df 00 de 00 7f 00
df 00 de 00 7f 00
df 00 de 00 7f 00
df 00 de 00 7f 00
df 00 de 00 7f 00
df 00 de 00 7f 00
df 00 de 00 7f 00
df 00 de 00 7f 00
df 00 de 00 7f 00
df 00 de 00 7f 00
df 00 de 00 7f 00
df 00 de 00 7f 00
df 00 de 00 7f 00
df 00 de 00 7f 00
df 00 de 00 7f 00
df 00 de 00 7f 00
e0 00 de 00 7f 00
df 00 de 00 7f 00
df 00 de 00 7f 00
df 00 de 00 7f 00
e0 00 de 00 7f 00
df 00 de 00 7f 00
df 00 de 00 7f 00
df 00 de 00 7f 00
df 00 de 00 7f 00
e0 00 de 00 7f 00
df 00 de 00 7f 00
df 00 de 00 7f 00
Notifications stopped.
--- 5
Notifications started.
e6 00 e4 00 7f 00
e5 00 e4 00 7f 00
e6 00 e4 00 7f 00
e5 00 e4 00 7f 00
e5 00 e4 00 7f 00
e5 00 e4 00 7f 00
e5 00 e4 00 7f 00
e6 00 e4 00 7f 00
e5 00 e4 00 7f 00
e5 00 e4 00 7f 00
e5 00 e4 00 7f 00
e5 00 e4 00 7f 00
e6 00 e4 00 7f 00
e5 00 e4 00 7f 00
e5 00 e4 00 7f 00
e6 00 e4 00 7f 00
e6 00 e4 00 7f 00
e6 00 e4 00 7f 00
e5 00 e4 00 7f 00
e5 00 e4 00 7f 00
e5 00 e4 00 7f 00
e6 00 e4 00 7f 00
e5 00 e4 00 7f 00
e6 00 e4 00 7f 00
e6 00 e4 00 7f 00
e6 00 e4 00 7f 00
e5 00 e4 00 7f 00
e6 00 e4 00 7f 00
e6 00 e4 00 7f 00
e6 00 e4 00 7f 00
e6 00 e4 00 7f 00
e6 00 e4 00 7f 00
e6 00 e4 00 7f 00
e6 00 e4 00 7f 00
e5 00 e4 00 7f 00
e5 00 e4 00 7f 00
e6 00 e4 00 7f 00
e6 00 e4 00 7f 00
e6 00 e4 00 7f 00
e6 00 e4 00 7f 00
e6 00 e4 00 7f 00
e5 00 e4 00 7f 00
e6 00 e4 00 7f 00
e5 00 e4 00 7f 00
e6 00 e4 00 7f 00
e5 00 e4 00 7f 00
e5 00 e4 00 7f 00
e5 00 e4 00 7f 00
e5 00 e4 00 7f 00
e6 00 e4 00 7f 00
e6 00 e4 00 7f 00
e6 00 e4 00 7f 00
e6 00 e4 00 7f 00
e6 00 e4 00 7f 00
e6 00 e4 00 7f 00
e5 00 e4 00 7f 00
e6 00 e4 00 7f 00
e6 00 e4 00 7f 00
e5 00 e4 00 7f 00
e6 00 e4 00 7f 00
e5 00 e4 00 7f 00
e6 00 e4 00 7f 00
e6 00 e4 00 7f 00
e6 00 e4 00 7f 00
e6 00 e4 00 7f 00
e6 00 e4 00 7f 00
e6 00 e4 00 7f 00
e6 00 e4 00 7f 00
e6 00 e4 00 7f 00
e6 00 e4 00 7f 00
e6 00 e4 00 7f 00
e6 00 e4 00 7f 00
e6 00 e4 00 7f 00
e6 00 e4 00 7f 00
e6 00 e4 00 7f 00
e6 00 e4 00 7f 00
e6 00 e4 00 7f 00
e6 00 e4 00 7f 00
e6 00 e4 00 7f 00
e6 00 e4 00 7f 00
e6 00 e4 00 7f 00
e6 00 e4 00 7f 00
e6 00 e4 00 7f 00
e6 00 e4 00 7f 00
e6 00 e4 00 7f 00
e6 00 e4 00 7f 00
e7 00 e5 00 7f 00
e6 00 e5 00 7f 00
e6 00 e5 00 7f 00
e7 00 e5 00 7f 00
e6 00 e5 00 7f 00
e6 00 e5 00 7f 00
e6 00 e5 00 7f 00
Notifications stopped.
--- 6
Notifications started.
f2 00 f1 00 7f 00
f2 00 f1 00 7f 00
f3 00 f1 00 7f 00
f3 00 f1 00 7f 00
f1 00 f0 00 7f 00
f2 00 f0 00 7f 00
f2 00 f0 00 7f 00
f2 00 f0 00 7f 00
f3 00 f1 00 7f 00
f2 00 f1 00 7f 00
f3 00 f1 00 7f 00
f3 00 f1 00 7f 00
f3 00 f1 00 7f 00
f3 00 f1 00 7f 00
f3 00 f1 00 7f 00
f3 00 f1 00 7f 00
f3 00 f1 00 7f 00
f3 00 f1 00 7f 00
f4 00 f2 00 7f 00
f3 00 f2 00 7f 00
f3 00 f2 00 7f 00
f3 00 f2 00 7f 00
f3 00 f2 00 7f 00
f4 00 f2 00 7f 00
f4 00 f2 00 7f 00
f4 00 f2 00 7f 00
f4 00 f2 00 7f 00
f3 00 f2 00 7f 00
f4 00 f2 00 7f 00
f3 00 f2 00 7f 00
f3 00 f2 00 7f 00
f3 00 f2 00 7f 00
f4 00 f2 00 7f 00
f4 00 f2 00 7f 00
f4 00 f2 00 7f 00
f4 00 f2 00 7f 00
f3 00 f2 00 7f 00
f3 00 f2 00 7f 00
f4 00 f2 00 7f 00
f3 00 f2 00 7f 00
f3 00 f2 00 7f 00
f4 00 f2 00 7f 00
f3 00 f2 00 7f 00
f3 00 f2 00 7f 00
f3 00 f2 00 7f 00
f4 00 f2 00 7f 00
f3 00 f2 00 7f 00
f4 00 f2 00 7f 00
Notifications stopped.
--- 7
Notifications started.
0f 01 0d 01 7f 00
10 01 0e 01 7f 00
0f 01 0e 01 7f 00
0f 01 0e 01 7f 00
0f 01 0e 01 7f 00
0f 01 0e 01 7f 00
0f 01 0e 01 7f 00
0d 01 0c 01 7f 00
0e 01 0c 01 7f 00
0f 01 0d 01 7f 00
0e 01 0d 01 7f 00
0e 01 0d 01 7f 00
0f 01 0d 01 7f 00
0f 01 0d 01 7f 00
0e 01 0d 01 7f 00
0f 01 0d 01 7f 00
0f 01 0d 01 7f 00
10 01 0e 01 7f 00
10 01 0e 01 7f 00
10 01 0e 01 7f 00
10 01 0e 01 7f 00
11 01 0f 01 7f 00
11 01 0f 01 7f 00
10 01 0f 01 7f 00
10 01 0f 01 7f 00
11 01 0f 01 7f 00
10 01 0f 01 7f 00
10 01 0f 01 7f 00
10 01 0f 01 7f 00
10 01 0f 01 7f 00
11 01 0f 01 7f 00
10 01 0f 01 7f 00
11 01 0f 01 7f 00
12 01 10 01 7f 00
11 01 10 01 7f 00
12 01 10 01 7f 00
12 01 10 01 7f 00
12 01 10 01 7f 00
12 01 10 01 7f 00
11 01 10 01 7f 00
11 01 10 01 7f 00
12 01 10 01 7f 00
12 01 10 01 7f 00
11 01 10 01 7f 00
12 01 10 01 7f 00
12 01 10 01 7f 00
12 01 10 01 7f 00
12 01 10 01 7f 00
13 01 11 01 7f 00
12 01 11 01 7f 00
13 01 11 01 7f 00
13 01 11 01 7f 00
13 01 11 01 7f 00
13 01 11 01 7f 00
13 01 11 01 7f 00
14 01 12 01 7f 00
13 01 12 01 7f 00
12 01 11 01 7f 00
13 01 11 01 7f 00
13 01 11 01 7f 00
13 01 11 01 7f 00
13 01 11 01 7f 00
12 01 11 01 7f 00
13 01 11 01 7f 00
13 01 11 01 7f 00
12 01 11 01 7f 00
13 01 11 01 7f 00
13 01 11 01 7f 00
Notifications stopped.
--- 8
Notifications started.
3b 07 2f 07 00 00
3a 07 2e 07 00 00
3c 07 2f 07 00 00
39 07 2e 07 00 00
3a 07 2e 07 00 00
3e 07 30 07 00 00
3e 07 31 07 00 00
3e 07 32 07 00 00
39 07 2f 07 00 00
3d 07 30 07 00 00
3b 07 2f 07 00 00
3a 07 2e 07 00 00
3a 07 2e 07 00 00
3e 07 30 07 00 00
3a 07 2f 07 00 00
3d 07 30 07 00 00
3a 07 2f 07 00 00
3d 07 30 07 00 00
3d 07 31 07 00 00
3d 07 31 07 00 00
39 07 2f 07 00 00
39 07 2e 07 00 00
39 07 2d 07 00 00
35 07 2b 07 00 00
39 07 2c 07 00 00
3d 07 2f 07 00 00
3d 07 30 07 00 00
3a 07 2f 07 00 00
39 07 2e 07 00 00
3d 07 30 07 00 00
3d 07 31 07 00 00
3a 07 2f 07 00 00
3b 07 2f 07 00 00
3a 07 2e 07 00 00
3d 07 30 07 00 00
3d 07 31 07 00 00
3e 07 32 07 00 00
42 07 34 07 00 00
3b 07 31 07 00 00
40 07 33 07 00 00
3e 07 32 07 00 00
3e 07 32 07 00 00
41 07 34 07 00 00
3e 07 33 07 00 00
3d 07 32 07 00 00
3f 07 33 07 00 00
3c 07 31 07 00 00
3d 07 31 07 00 00
3c 07 30 07 00 00
3d 07 31 07 00 00
3a 07 2f 07 00 00
3c 07 30 07 00 00
3c 07 30 07 00 00
3d 07 31 07 00 00
3e 07 32 07 00 00
3d 07 31 07 00 00
3f 07 32 07 00 00
3e 07 32 07 00 00
3e 07 32 07 00 00
40 07 33 07 00 00
3e 07 32 07 00 00
3a 07 30 07 00 00
3e 07 31 07 00 00
38 07 2e 07 00 00
3e 07 30 07 00 00
3c 07 30 07 00 00
3d 07 31 07 00 00
3a 07 2f 07 00 00
3a 07 2e 07 00 00
37 07 2c 07 00 00
3b 07 2e 07 00 00
3c 07 2f 07 00 00
3d 07 30 07 00 00
38 07 2e 07 00 00
3c 07 2f 07 00 00
3b 07 2f 07 00 00
3f 07 31 07 00 00
Notifications stopped.
--- 9
Notifications started.
7d 07 6e 07 00 00
7a 07 6e 07 00 00
7c 07 6f 07 00 00
79 07 6e 07 00 00
78 07 6d 07 00 00
7b 07 6e 07 00 00
78 07 6d 07 00 00
78 07 6c 07 00 00
77 07 6b 07 00 00
78 07 6b 07 00 00
78 07 6b 07 00 00
79 07 6c 07 00 00
77 07 6b 07 00 00
7b 07 6d 07 00 00
77 07 6c 07 00 00
78 07 6c 07 00 00
77 07 6b 07 00 00
79 07 6c 07 00 00
7a 07 6d 07 00 00
77 07 6c 07 00 00
7a 07 6d 07 00 00
79 07 6d 07 00 00
77 07 6c 07 00 00
79 07 6c 07 00 00
77 07 6b 07 00 00
74 07 69 07 00 00
76 07 69 07 00 00
77 07 6a 07 00 00
7b 07 6d 07 00 00
78 07 6c 07 00 00
7b 07 6e 07 00 00
79 07 6d 07 00 00
7b 07 6e 07 00 00
7d 07 70 07 00 00
7b 07 6f 07 00 00
7b 07 6f 07 00 00
7c 07 6f 07 00 00
79 07 6e 07 00 00
7a 07 6e 07 00 00
7a 07 6e 07 00 00
79 07 6d 07 00 00
75 07 6a 07 00 00
77 07 6a 07 00 00
77 07 6a 07 00 00
7d 07 6e 07 00 00
77 07 6c 07 00 00
78 07 6c 07 00 00
7b 07 6e 07 00 00
79 07 6d 07 00 00
7b 07 6e 07 00 00
7f 07 71 07 00 00
7b 07 70 07 00 00
7e 07 71 07 00 00
7a 07 6f 07 00 00
7a 07 6e 07 00 00
7d 07 70 07 00 00
7a 07 6f 07 00 00
Notifications stopped.
--- 10
Notifications started.
96 07 8a 07 00 00
96 07 8a 07 00 00
99 07 8b 07 00 00
99 07 8c 07 00 00
99 07 8c 07 00 00
96 07 8a 07 00 00
9a 07 8c 07 00 00
99 07 8c 07 00 00
9b 07 8d 07 00 00
9a 07 8d 07 00 00
9b 07 8e 07 00 00
96 07 8b 07 00 00
97 07 8b 07 00 00
98 07 8b 07 00 00
9a 07 8c 07 00 00
9b 07 8d 07 00 00
97 07 8b 07 00 00
99 07 8c 07 00 00
a0 07 90 07 00 00
99 07 8e 07 00 00
98 07 8c 07 00 00
9c 07 8e 07 00 00
9a 07 8e 07 00 00
98 07 8c 07 00 00
99 07 8c 07 00 00
9b 07 8d 07 00 00
9b 07 8e 07 00 00
9c 07 8f 07 00 00
98 07 8d 07 00 00
9d 07 8f 07 00 00
9a 07 8e 07 00 00
96 07 8b 07 00 00
99 07 8c 07 00 00
99 07 8c 07 00 00
97 07 8b 07 00 00
9a 07 8c 07 00 00
9a 07 8d 07 00 00
9e 07 90 07 00 00
9d 07 90 07 00 00
a1 07 93 07 00 00
a0 07 93 07 00 00
a0 07 93 07 00 00
9b 07 90 07 00 00
9b 07 8f 07 00 00
9c 07 8f 07 00 00
99 07 8d 07 00 00
9e 07 90 07 00 00
9a 07 8e 07 00 00
99 07 8d 07 00 00
9c 07 8e 07 00 00
9c 07 8f 07 00 00
99 07 8d 07 00 00
a0 07 91 07 00 00
9a 07 8f 07 00 00
99 07 8d 07 00 00
99 07 8d 07 00 00
98 07 8c 07 00 00
96 07 8a 07 00 00
9d 07 8e 07 00 00
97 07 8c 07 00 00
9c 07 8e 07 00 00
9d 07 8f 07 00 00
97 07 8c 07 00 00
9a 07 8d 07 00 00
97 07 8b 07 00 00
97 07 8b 07 00 00
99 07 8c 07 00 00
99 07 8c 07 00 00
9a 07 8d 07 00 00
9a 07 8d 07 00 00
9a 07 8d 07 00 00
9b 07 8e 07 00 00
96 07 8b 07 00 00
96 07 8a 07 00 00
9a 07 8c 07 00 00
9b 07 8d 07 00 00
Notifications stopped.
--- 11
Notifications started.
aa 07 9c 07 00 00
a6 07 9a 07 00 00
a7 07 9a 07 00 00
a6 07 9a 07 00 00
a8 07 9b 07 00 00
a6 07 9a 07 00 00
a8 07 9b 07 00 00
ab 07 9d 07 00 00
aa 07 9d 07 00 00
a9 07 9d 07 00 00
aa 07 9d 07 00 00
aa 07 9d 07 00 00
ad 07 9f 07 00 00
ab 07 9f 07 00 00
a9 07 9d 07 00 00
ac 07 9e 07 00 00
ab 07 9e 07 00 00
ab 07 9e 07 00 00
a8 07 9c 07 00 00
ad 07 9f 07 00 00
a9 07 9d 07 00 00
ae 07 a0 07 00 00
a8 07 9d 07 00 00
a8 07 9c 07 00 00
ad 07 9f 07 00 00
ae 07 a0 07 00 00
a7 07 9d 07 00 00
ac 07 9e 07 00 00
a8 07 9c 07 00 00
ac 07 9e 07 00 00
a8 07 9c 07 00 00
a7 07 9b 07 00 00
a9 07 9c 07 00 00
a6 07 9a 07 00 00
a8 07 9b 07 00 00
a7 07 9b 07 00 00
ac 07 9e 07 00 00
ac 07 9f 07 00 00
a7 07 9c 07 00 00
ae 07 9f 07 00 00
ae 07 a0 07 00 00
ad 07 a0 07 00 00
a9 07 9e 07 00 00
a7 07 9c 07 00 00
aa 07 9d 07 00 00
a9 07 9d 07 00 00
a7 07 9b 07 00 00
a8 07 9b 07 00 00
a6 07 9a 07 00 00
a9 07 9b 07 00 00
ac 07 9e 07 00 00
a8 07 9c 07 00 00
a8 07 9c 07 00 00
aa 07 9d 07 00 00
a7 07 9b 07 00 00
ac 07 9e 07 00 00
ac 07 9f 07 00 00
ac 07 9f 07 00 00
ab 07 9f 07 00 00
b0 07 a2 07 00 00
ad 07 a1 07 00 00
a9 07 9e 07 00 00
a7 07 9c 07 00 00
ad 07 9f 07 00 00
af 07 a1 07 00 00
a9 07 9e 07 00 00
a9 07 9d 07 00 00
ab 07 9e 07 00 00
af 07 a1 07 00 00
ac 07 a0 07 00 00
a7 07 9d 07 00 00
ae 07 a0 07 00 00
aa 07 9e 07 00 00
a8 07 9c 07 00 00
ad 07 9f 07 00 00
aa 07 9e 07 00 00
ad 07 9f 07 00 00
aa 07 9e 07 00 00
a8 07 9c 07 00 00
a8 07 9c 07 00 00
aa 07 9d 07 00 00
ad 07 9f 07 00 00
a8 07 9d 07 00 00
Notifications stopped.
--- 12
Notifications started.
b2 07 a7 07 00 00
b4 07 a7 07 00 00
b4 07 a7 07 00 00
af 07 a4 07 00 00
b2 07 a5 07 00 00
ad 07 a2 07 00 00
b0 07 a3 07 00 00
b5 07 a6 07 00 00
b0 07 a4 07 00 00
b1 07 a4 07 00 00
b5 07 a7 07 00 00
b5 07 a8 07 00 00
b3 07 a7 07 00 00
b4 07 a7 07 00 00
b3 07 a7 07 00 00
b4 07 a7 07 00 00
b2 07 a6 07 00 00
b5 07 a7 07 00 00
b1 07 a5 07 00 00
b2 07 a5 07 00 00
b0 07 a4 07 00 00
b2 07 a5 07 00 00
b6 07 a8 07 00 00
b4 07 a8 07 00 00
b1 07 a6 07 00 00
b1 07 a5 07 00 00
b6 07 a8 07 00 00
b7 07 a9 07 00 00
b6 07 a9 07 00 00
b4 07 a8 07 00 00
b6 07 a9 07 00 00
b7 07 aa 07 00 00
b4 07 a8 07 00 00
b3 07 a7 07 00 00
b4 07 a7 07 00 00
bc 07 ac 07 00 00
ba 07 ad 07 00 00
bc 07 ae 07 00 00
b8 07 ac 07 00 00
b7 07 ab 07 00 00
b9 07 ac 07 00 00
b9 07 ac 07 00 00
b8 07 ac 07 00 00
ba 07 ad 07 00 00
bb 07 ae 07 00 00
bb 07 ae 07 00 00
ba 07 ad 07 00 00
b8 07 ac 07 00 00
ba 07 ad 07 00 00
bd 07 af 07 00 00
bc 07 af 07 00 00
bc 07 af 07 00 00
b7 07 ac 07 00 00
bd 07 ae 07 00 00
bb 07 ae 07 00 00
bd 07 af 07 00 00
bb 07 ae 07 00 00
b9 07 ad 07 00 00
bb 07 ae 07 00 00
c0 07 b1 07 00 00
bd 07 b0 07 00 00
c2 07 b3 07 00 00
bd 07 b1 07 00 00
c1 07 b3 07 00 00
bd 07 b1 07 00 00
bf 07 b2 07 00 00
c1 07 b3 07 00 00
bf 07 b2 07 00 00
bd 07 b1 07 00 00
c3 07 b4 07 00 00
c2 07 b5 07 00 00
c0 07 b4 07 00 00
bd 07 b2 07 00 00
be 07 b1 07 00 00
bd 07 b0 07 00 00
be 07 b1 07 00 00
bb 07 af 07 00 00
bc 07 af 07 00 00
bb 07 ae 07 00 00
be 07 b0 07 00 00
bd 07 b0 07 00 00
b9 07 ae 07 00 00
Notifications stopped.
--- 13
Notifications started.
b9 07 ae 07 00 00
be 07 b0 07 00 00
bd 07 b0 07 00 00
c1 07 b2 07 00 00
bc 07 b0 07 00 00
c1 07 b2 07 00 00
bf 07 b2 07 00 00
bc 07 b0 07 00 00
c1 07 b2 07 00 00
b9 07 ae 07 00 00
bb 07 ae 07 00 00
bd 07 af 07 00 00
bf 07 b1 07 00 00
bd 07 b0 07 00 00
bf 07 b1 07 00 00
c3 07 b4 07 00 00
bf 07 b3 07 00 00
bd 07 b1 07 00 00
c0 07 b2 07 00 00
be 07 b1 07 00 00
c1 07 b3 07 00 00
be 07 b2 07 00 00
bf 07 b2 07 00 00
bc 07 b0 07 00 00
c1 07 b2 07 00 00
c6 07 b6 07 00 00
c4 07 b7 07 00 00
c0 07 b5 07 00 00
c2 07 b5 07 00 00
c2 07 b5 07 00 00
c3 07 b6 07 00 00
bf 07 b4 07 00 00
c1 07 b4 07 00 00
c3 07 b5 07 00 00
bf 07 b3 07 00 00
c0 07 b3 07 00 00
c0 07 b3 07 00 00
bf 07 b2 07 00 00
c4 07 b5 07 00 00
c1 07 b4 07 00 00
be 07 b2 07 00 00
be 07 b1 07 00 00
c2 07 b3 07 00 00
c0 07 b3 07 00 00
c1 07 b4 07 00 00
bf 07 b3 07 00 00
c0 07 b3 07 00 00
c1 07 b4 07 00 00
c4 07 b6 07 00 00
bf 07 b4 07 00 00
c1 07 b4 07 00 00
c0 07 b3 07 00 00
c5 07 b6 07 00 00
bf 07 b4 07 00 00
c1 07 b4 07 00 00
c3 07 b5 07 00 00
c4 07 b6 07 00 00
c5 07 b7 07 00 00
c2 07 b6 07 00 00
c3 07 b6 07 00 00
c1 07 b5 07 00 00
c0 07 b4 07 00 00
c1 07 b4 07 00 00
c2 07 b5 07 00 00
c3 07 b6 07 00 00
be 07 b3 07 00 00
bf 07 b2 07 00 00
c5 07 b6 07 00 00
c1 07 b5 07 00 00
c2 07 b5 07 00 00
c3 07 b6 07 00 00
c3 07 b6 07 00 00
c6 07 b8 07 00 00
c7 07 b9 07 00 00
c6 07 b9 07 00 00
c1 07 b6 07 00 00
c0 07 b4 07 00 00
c7 07 b8 07 00 00
c1 07 b6 07 00 00
c3 07 b6 07 00 00
c6 07 b8 07 00 00
c4 07 b7 07 00 00
c1 07 b5 07 00 00
c1 07 b4 07 00 00
c1 07 b4 07 00 00
bd 07 b2 07 00 00
bd 07 b1 07 00 00
c0 07 b2 07 00 00
c3 07 b4 07 00 00
c1 07 b4 07 00 00
c2 07 b5 07 00 00
c0 07 b4 07 00 00
c2 07 b5 07 00 00
c4 07 b6 07 00 00
bf 07 b4 07 00 00
c0 07 b3 07 00 00
c1 07 b4 07 00 00
c4 07 b6 07 00 00
c2 07 b5 07 00 00
c1 07 b4 07 00 00
c2 07 b5 07 00 00
bf 07 b3 07 00 00
c4 07 b5 07 00 00
c0 07 b4 07 00 00
c3 07 b5 07 00 00
c5 07 b7 07 00 00
be 07 b3 07 00 00
bc 07 b1 07 00 00
c2 07 b3 07 00 00
c3 07 b5 07 00 00
Notifications stopped.
--- 14
Notifications started.
c8 07 bb 07 00 00
c6 07 ba 07 00 00
c9 07 bb 07 00 00
c2 07 b7 07 00 00
c7 07 b9 07 00 00
c9 07 bb 07 00 00
c8 07 bb 07 00 00
c5 07 b9 07 00 00
c6 07 b9 07 00 00
c3 07 b7 07 00 00
c3 07 b6 07 00 00
c3 07 b6 07 00 00
c2 07 b5 07 00 00
c9 07 b9 07 00 00
c7 07 ba 07 00 00
c8 07 bb 07 00 00
c1 07 b7 07 00 00
c3 07 b6 07 00 00
c7 07 b8 07 00 00
c3 07 b7 07 00 00
c7 07 b9 07 00 00
c7 07 ba 07 00 00
c5 07 b9 07 00 00
c4 07 b8 07 00 00
cc 07 bc 07 00 00
c6 07 ba 07 00 00
c6 07 b9 07 00 00
c7 07 ba 07 00 00
c9 07 bb 07 00 00
c5 07 b9 07 00 00
c7 07 ba 07 00 00
cb 07 bc 07 00 00
c7 07 bb 07 00 00
cb 07 bd 07 00 00
c9 07 bc 07 00 00
ca 07 bd 07 00 00
ca 07 bd 07 00 00
c8 07 bc 07 00 00
c5 07 ba 07 00 00
c8 07 bb 07 00 00
c7 07 ba 07 00 00
cb 07 bc 07 00 00
ca 07 bd 07 00 00
c9 07 bc 07 00 00
cc 07 be 07 00 00
ca 07 bd 07 00 00
cc 07 be 07 00 00
cc 07 bf 07 00 00
d0 07 c1 07 00 00
cb 07 bf 07 00 00
c7 07 bc 07 00 00
cf 07 c0 07 00 00
cb 07 bf 07 00 00
cb 07 be 07 00 00
cd 07 bf 07 00 00
d3 07 c3 07 00 00
cd 07 c1 07 00 00
cb 07 bf 07 00 00
cc 07 bf 07 00 00
cd 07 c0 07 00 00
d1 07 c2 07 00 00
d0 07 c3 07 00 00
cc 07 c1 07 00 00
d0 07 c2 07 00 00
d0 07 c3 07 00 00
cd 07 c1 07 00 00
d2 07 c3 07 00 00
cc 07 c1 07 00 00
ce 07 c1 07 00 00
cd 07 c0 07 00 00
cb 07 bf 07 00 00
d0 07 c1 07 00 00
d1 07 c3 07 00 00
cf 07 c2 07 00 00
cf 07 c2 07 00 00
d2 07 c4 07 00 00
d1 07 c4 07 00 00
d2 07 c5 07 00 00
d3 07 c6 07 00 00
d6 07 c8 07 00 00
d1 07 c6 07 00 00
cf 07 c4 07 00 00
d3 07 c5 07 00 00
d1 07 c4 07 00 00
d3 07 c5 07 00 00
d0 07 c4 07 00 00
d1 07 c4 07 00 00
d3 07 c5 07 00 00
d7 07 c8 07 00 00
d1 07 c6 07 00 00
d3 07 c6 07 00 00
d1 07 c5 07 00 00
d0 07 c4 07 00 00
d0 07 c3 07 00 00
d1 07 c4 07 00 00
cb 07 c0 07 00 00
ce 07 c1 07 00 00
cd 07 c0 07 00 00
ce 07 c1 07 00 00
cf 07 c2 07 00 00
cf 07 c2 07 00 00
d1 07 c3 07 00 00
Notifications stopped.
--- 15
Notifications started.
d6 07 c9 07 00 00
d1 07 c6 07 00 00
d4 07 c7 07 00 00
db 07 cb 07 00 00
d9 07 cc 07 00 00
da 07 cd 07 00 00
d4 07 c9 07 00 00
d9 07 cb 07 00 00
d8 07 cb 07 00 00
d5 07 c9 07 00 00
d9 07 cb 07 00 00
d8 07 cb 07 00 00
da 07 cc 07 00 00
d8 07 cb 07 00 00
d9 07 cc 07 00 00
d7 07 cb 07 00 00
d4 07 c9 07 00 00
d7 07 ca 07 00 00
da 07 cc 07 00 00
d8 07 cb 07 00 00
da 07 cc 07 00 00
d9 07 cc 07 00 00
dc 07 ce 07 00 00
db 07 ce 07 00 00
d6 07 cb 07 00 00
d5 07 c9 07 00 00
db 07 cc 07 00 00
d6 07 ca 07 00 00
dd 07 ce 07 00 00
db 07 ce 07 00 00
d7 07 cc 07 00 00
d7 07 cb 07 00 00
da 07 cc 07 00 00
da 07 cd 07 00 00
d5 07 ca 07 00 00
da 07 cc 07 00 00
d9 07 cc 07 00 00
d3 07 c8 07 00 00
d1 07 c6 07 00 00
d7 07 c8 07 00 00
d5 07 c8 07 00 00
d2 07 c6 07 00 00
d4 07 c7 07 00 00
d3 07 c6 07 00 00
d5 07 c7 07 00 00
d4 07 c7 07 00 00
d6 07 c8 07 00 00
d9 07 ca 07 00 00
d9 07 cb 07 00 00
d5 07 c9 07 00 00
d7 07 ca 07 00 00
d1 07 c6 07 00 00
d5 07 c7 07 00 00
d3 07 c6 07 00 00
d0 07 c4 07 00 00
d8 07 c8 07 00 00
d5 07 c8 07 00 00
d2 07 c6 07 00 00
d0 07 c4 07 00 00
d2 07 c5 07 00 00
cf 07 c3 07 00 00
d2 07 c4 07 00 00
d6 07 c7 07 00 00
d6 07 c8 07 00 00
d4 07 c7 07 00 00
d7 07 c9 07 00 00
d3 07 c7 07 00 00
d2 07 c6 07 00 00
d0 07 c4 07 00 00
d2 07 c5 07 00 00
d2 07 c5 07 00 00
ce 07 c3 07 00 00
d2 07 c4 07 00 00
d1 07 c4 07 00 00
d3 07 c5 07 00 00
ce 07 c3 07 00 00
cb 07 c0 07 00 00
d0 07 c2 07 00 00
d1 07 c3 07 00 00
ce 07 c2 07 00 00
cd 07 c1 07 00 00
cb 07 bf 07 00 00
cb 07 be 07 00 00
ca 07 bd 07 00 00
ce 07 bf 07 00 00
cf 07 c1 07 00 00
ce 07 c1 07 00 00
cd 07 c0 07 00 00
d1 07 c2 07 00 00
cb 07 c0 07 00 00
cb 07 bf 07 00 00
ce 07 c0 07 00 00
d4 07 c4 07 00 00
ce 07 c2 07 00 00
Notifications stopped.
--- 16
Notifications started.
d6 07 c8 07 00 00
d3 07 c7 07 00 00
d3 07 c6 07 00 00
d4 07 c7 07 00 00
d1 07 c5 07 00 00
d4 07 c6 07 00 00
d9 07 ca 07 00 00
d9 07 cb 07 00 00
d9 07 cc 07 00 00
d8 07 cb 07 00 00
d6 07 ca 07 00 00
d9 07 cb 07 00 00
da 07 cc 07 00 00
d9 07 cc 07 00 00
dc 07 ce 07 00 00
d9 07 cd 07 00 00
d9 07 cc 07 00 00
da 07 cd 07 00 00
dd 07 cf 07 00 00
db 07 ce 07 00 00
da 07 cd 07 00 00
de 07 cf 07 00 00
db 07 ce 07 00 00
df 07 d0 07 00 00
db 07 cf 07 00 00
d9 07 cd 07 00 00
d7 07 cb 07 00 00
db 07 cd 07 00 00
dd 07 cf 07 00 00
d8 07 cd 07 00 00
da 07 cd 07 00 00
dc 07 ce 07 00 00
d7 07 cc 07 00 00
d8 07 cb 07 00 00
d8 07 cb 07 00 00
d8 07 cb 07 00 00
d8 07 cb 07 00 00
d9 07 cc 07 00 00
d8 07 cb 07 00 00
d4 07 c9 07 00 00
da 07 cb 07 00 00
d7 07 ca 07 00 00
d9 07 cb 07 00 00
d7 07 ca 07 00 00
dd 07 ce 07 00 00
d8 07 cc 07 00 00
d5 07 ca 07 00 00
d7 07 ca 07 00 00
d4 07 c8 07 00 00
d9 07 ca 07 00 00
d6 07 c9 07 00 00
d7 07 ca 07 00 00
d3 07 c8 07 00 00
d7 07 c9 07 00 00
d7 07 ca 07 00 00
d3 07 c8 07 00 00
d6 07 c9 07 00 00
d5 07 c8 07 00 00
d3 07 c7 07 00 00
d9 07 ca 07 00 00
d5 07 c9 07 00 00
d8 07 ca 07 00 00
d7 07 ca 07 00 00
d8 07 cb 07 00 00
d8 07 cb 07 00 00
db 07 cd 07 00 00
db 07 ce 07 00 00
d5 07 ca 07 00 00
d5 07 c9 07 00 00
d5 07 c8 07 00 00
dc 07 cc 07 00 00
d7 07 cb 07 00 00
d5 07 c9 07 00 00
d5 07 c8 07 00 00
d9 07 ca 07 00 00
d5 07 c9 07 00 00
d6 07 c9 07 00 00
d3 07 c7 07 00 00
db 07 cb 07 00 00
d3 07 c8 07 00 00
d7 07 c9 07 00 00
d5 07 c8 07 00 00
d6 07 c9 07 00 00
d5 07 c8 07 00 00
d9 07 ca 07 00 00
d6 07 c9 07 00 00
d7 07 ca 07 00 00
d9 07 cb 07 00 00
d9 07 cc 07 00 00
d3 07 c8 07 00 00
d3 07 c7 07 00 00
d6 07 c8 07 00 00
d5 07 c8 07 00 00
d3 07 c7 07 00 00
d3 07 c6 07 00 00
d6 07 c8 07 00 00
d7 07 c9 07 00 00
Notifications stopped.
--- 17
Notifications started.
d7 07 ca 07 00 00
d7 07 ca 07 00 00
d2 07 c7 07 00 00
d8 07 c9 07 00 00
d5 07 c8 07 00 00
da 07 cb 07 00 00
d8 07 cb 07 00 00
d5 07 c9 07 00 00
db 07 cc 07 00 00
da 07 cd 07 00 00
da 07 cd 07 00 00
d9 07 cc 07 00 00
d9 07 cc 07 00 00
d9 07 cc 07 00 00
dc 07 ce 07 00 00
dd 07 cf 07 00 00
d9 07 cd 07 00 00
df 07 d0 07 00 00
dd 07 d0 07 00 00
db 07 cf 07 00 00
e0 07 d1 07 00 00
de 07 d1 07 00 00
e0 07 d2 07 00 00
df 07 d2 07 00 00
e0 07 d3 07 00 00
e3 07 d5 07 00 00
e1 07 d4 07 00 00
e2 07 d5 07 00 00
e0 07 d4 07 00 00
e3 07 d5 07 00 00
e2 07 d5 07 00 00
e0 07 d4 07 00 00
e4 07 d6 07 00 00
e3 07 d6 07 00 00
e1 07 d5 07 00 00
e1 07 d4 07 00 00
e3 07 d5 07 00 00
e3 07 d6 07 00 00
e1 07 d5 07 00 00
e4 07 d6 07 00 00
ea 07 da 07 00 00
e0 07 d6 07 00 00
e2 07 d5 07 00 00
e3 07 d6 07 00 00
e2 07 d5 07 00 00
e3 07 d6 07 00 00
e7 07 d8 07 00 00
e4 07 d7 07 00 00
e3 07 d6 07 00 00
e6 07 d8 07 00 00
e4 07 d7 07 00 00
e8 07 d9 07 00 00
e8 07 da 07 00 00
e6 07 d9 07 00 00
e2 07 d7 07 00 00
e2 07 d6 07 00 00
e5 07 d7 07 00 00
e4 07 d7 07 00 00
e6 07 d8 07 00 00
e8 07 da 07 00 00
ea 07 dc 07 00 00
e8 07 db 07 00 00
e9 07 dc 07 00 00
e3 07 d8 07 00 00
e5 07 d8 07 00 00
e4 07 d7 07 00 00
e4 07 d7 07 00 00
e5 07 d8 07 00 00
e4 07 d7 07 00 00
e5 07 d8 07 00 00
df 07 d4 07 00 00
e3 07 d5 07 00 00
e4 07 d6 07 00 00
e6 07 d8 07 00 00
e3 07 d7 07 00 00
e3 07 d6 07 00 00
e6 07 d8 07 00 00
e3 07 d7 07 00 00
e2 07 d6 07 00 00
e0 07 d4 07 00 00
e1 07 d4 07 00 00
e1 07 d4 07 00 00
e3 07 d5 07 00 00
df 07 d3 07 00 00
df 07 d2 07 00 00
e3 07 d4 07 00 00
e3 07 d5 07 00 00
e1 07 d4 07 00 00
e3 07 d5 07 00 00
de 07 d3 07 00 00
dd 07 d1 07 00 00
dd 07 d0 07 00 00
de 07 d1 07 00 00
dc 07 d0 07 00 00
db 07 cf 07 00 00
dd 07 d0 07 00 00
e3 07 d4 07 00 00
df 07 d3 07 00 00
dd 07 d1 07 00 00
dd 07 d0 07 00 00
db 07 cf 07 00 00
dc 07 cf 07 00 00
df 07 d1 07 00 00
e0 07 d2 07 00 00
dd 07 d1 07 00 00
e1 07 d3 07 00 00
e3 07 d5 07 00 00
e1 07 d4 07 00 00
de 07 d2 07 00 00
df 07 d2 07 00 00
e3 07 d4 07 00 00
e2 07 d5 07 00 00
e0 07 d4 07 00 00
e2 07 d5 07 00 00
dd 07 d2 07 00 00
df 07 d2 07 00 00
Notifications stopped.
--- 18
Notifications started.
dc 07 ce 07 00 00
da 07 cd 07 00 00
da 07 cd 07 00 00
df 07 d0 07 00 00
d9 07 ce 07 00 00
d8 07 cc 07 00 00
dc 07 ce 07 00 00
dc 07 cf 07 00 00
db 07 ce 07 00 00
d8 07 cc 07 00 00
d6 07 ca 07 00 00
d6 07 c9 07 00 00
d7 07 ca 07 00 00
d7 07 ca 07 00 00
db 07 cc 07 00 00
df 07 d0 07 00 00
d7 07 cc 07 00 00
dc 07 ce 07 00 00
dc 07 cf 07 00 00
d9 07 cd 07 00 00
dd 07 cf 07 00 00
dd 07 d0 07 00 00
db 07 cf 07 00 00
d9 07 cd 07 00 00
dd 07 cf 07 00 00
d5 07 cb 07 00 00
d0 07 c6 07 00 00
d2 07 c5 07 00 00
db 07 ca 07 00 00
d4 07 c8 07 00 00
d5 07 c8 07 00 00
d5 07 c8 07 00 00
d8 07 ca 07 00 00
d8 07 cb 07 00 00
d6 07 ca 07 00 00
dd 07 ce 07 00 00
d8 07 cc 07 00 00
de 07 cf 07 00 00
dd 07 d0 07 00 00
d9 07 ce 07 00 00
d9 07 cd 07 00 00
da 07 cd 07 00 00
d8 07 cc 07 00 00
d7 07 cb 07 00 00
d9 07 cc 07 00 00
db 07 cd 07 00 00
d5 07 ca 07 00 00
dd 07 ce 07 00 00
d8 07 cc 07 00 00
de 07 cf 07 00 00
db 07 ce 07 00 00
da 07 cd 07 00 00
d9 07 cc 07 00 00
d8 07 cb 07 00 00
dd 07 ce 07 00 00
dc 07 cf 07 00 00
da 07 ce 07 00 00
dd 07 cf 07 00 00
dc 07 cf 07 00 00
dc 07 cf 07 00 00
db 07 ce 07 00 00
d9 07 cd 07 00 00
df 07 d0 07 00 00
dc 07 cf 07 00 00
d9 07 cd 07 00 00
d5 07 ca 07 00 00
d9 07 cb 07 00 00
da 07 cc 07 00 00
d9 07 cc 07 00 00
d8 07 cb 07 00 00
da 07 cc 07 00 00
d8 07 cb 07 00 00
d8 07 cb 07 00 00
da 07 cc 07 00 00
d8 07 cb 07 00 00
de 07 cf 07 00 00
d9 07 cd 07 00 00
dd 07 cf 07 00 00
dc 07 cf 07 00 00
d9 07 cd 07 00 00
e0 07 d1 07 00 00
df 07 d2 07 00 00
da 07 cf 07 00 00
dc 07 cf 07 00 00
d9 07 cd 07 00 00
dc 07 ce 07 00 00
db 07 ce 07 00 00
db 07 ce 07 00 00
da 07 cd 07 00 00
da 07 cd 07 00 00
dc 07 ce 07 00 00
d9 07 cd 07 00 00
da 07 cd 07 00 00
da 07 cd 07 00 00
df 07 d0 07 00 00
d9 07 ce 07 00 00
dc 07 cf 07 00 00
da 07 ce 07 00 00
db 07 ce 07 00 00
e0 07 d1 07 00 00
dd 07 d0 07 00 00
e1 07 d2 07 00 00
da 07 cf 07 00 00
de 07 d0 07 00 00
df 07 d1 07 00 00
de 07 d1 07 00 00
dd 07 d0 07 00 00
e1 07 d2 07 00 00
db 07 d0 07 00 00
e1 07 d2 07 00 00
dd 07 d1 07 00 00
dd 07 d0 07 00 00
df 07 d1 07 00 00
dd 07 d0 07 00 00
e0 07 d2 07 00 00
df 07 d2 07 00 00
e3 07 d4 07 00 00
e0 07 d3 07 00 00
df 07 d2 07 00 00
de 07 d1 07 00 00
db 07 cf 07 00 00
e0 07 d1 07 00 00
de 07 d1 07 00 00
e3 07 d4 07 00 00
dd 07 d2 07 00 00
dc 07 d0 07 00 00
dd 07 d0 07 00 00
df 07 d1 07 00 00
df 07 d2 07 00 00
e1 07 d3 07 00 00
e2 07 d4 07 00 00
e1 07 d4 07 00 00
e2 07 d5 07 00 00
e0 07 d4 07 00 00
dd 07 d2 07 00 00
df 07 d2 07 00 00
df 07 d2 07 00 00
df 07 d2 07 00 00
de 07 d1 07 00 00
df 07 d2 07 00 00
de 07 d1 07 00 00
de 07 d1 07 00 00
df 07 d2 07 00 00
dd 07 d1 07 00 00
e2 07 d3 07 00 00
df 07 d2 07 00 00
e0 07 d3 07 00 00
df 07 d2 07 00 00
e0 07 d3 07 00 00
df 07 d2 07 00 00
e1 07 d3 07 00 00
dd 07 d1 07 00 00
e0 07 d2 07 00 00
e3 07 d4 07 00 00
e5 07 d6 07 00 00
e1 07 d5 07 00 00
e3 07 d6 07 00 00
e2 07 d5 07 00 00
e1 07 d4 07 00 00
e3 07 d5 07 00 00
e2 07 d5 07 00 00
e6 07 d7 07 00 00
e4 07 d7 07 00 00
e1 07 d5 07 00 00
e2 07 d5 07 00 00
df 07 d3 07 00 00
Notifications stopped.
--- 19
Notifications started.
dd 07 d1 07 00 00
dd 07 d0 07 00 00
dd 07 d0 07 00 00
e0 07 d2 07 00 00
e1 07 d3 07 00 00
e0 07 d3 07 00 00
e3 07 d5 07 00 00
e3 07 d6 07 00 00
e0 07 d4 07 00 00
df 07 d3 07 00 00
e0 07 d3 07 00 00
dc 07 d1 07 00 00
da 07 cf 07 00 00
de 07 d0 07 00 00
e2 07 d3 07 00 00
e0 07 d3 07 00 00
e2 07 d4 07 00 00
e2 07 d5 07 00 00
de 07 d3 07 00 00
df 07 d2 07 00 00
e4 07 d5 07 00 00
e4 07 d6 07 00 00
e1 07 d5 07 00 00
e1 07 d4 07 00 00
e0 07 d3 07 00 00
e0 07 d3 07 00 00
e1 07 d4 07 00 00
e0 07 d3 07 00 00
e1 07 d4 07 00 00
e3 07 d5 07 00 00
e2 07 d5 07 00 00
e0 07 d4 07 00 00
df 07 d3 07 00 00
e4 07 d5 07 00 00
e3 07 d6 07 00 00
e1 07 d5 07 00 00
e1 07 d4 07 00 00
e4 07 d6 07 00 00
e1 07 d5 07 00 00
e1 07 d4 07 00 00
e2 07 d5 07 00 00
e6 07 d7 07 00 00
df 07 d4 07 00 00
e0 07 d3 07 00 00
e3 07 d5 07 00 00
e2 07 d5 07 00 00
e3 07 d6 07 00 00
e2 07 d5 07 00 00
e2 07 d5 07 00 00
e5 07 d7 07 00 00
e0 07 d5 07 00 00
dd 07 d2 07 00 00
e0 07 d3 07 00 00
e0 07 d3 07 00 00
e2 07 d4 07 00 00
e1 07 d4 07 00 00
dc 07 d1 07 00 00
dc 07 d0 07 00 00
e2 07 d3 07 00 00
e4 07 d5 07 00 00
de 07 d3 07 00 00
df 07 d2 07 00 00
dd 07 d1 07 00 00
e0 07 d2 07 00 00
df 07 d2 07 00 00
e1 07 d3 07 00 00
e2 07 d4 07 00 00
db 07 d0 07 00 00
e1 07 d2 07 00 00
de 07 d1 07 00 00
df 07 d2 07 00 00
df 07 d2 07 00 00
db 07 d0 07 00 00
de 07 d1 07 00 00
e0 07 d2 07 00 00
de 07 d1 07 00 00
da 07 cf 07 00 00
dc 07 cf 07 00 00
de 07 d0 07 00 00
e2 07 d3 07 00 00
df 07 d2 07 00 00
de 07 d1 07 00 00
dd 07 d0 07 00 00
e0 07 d2 07 00 00
df 07 d2 07 00 00
df 07 d2 07 00 00
de 07 d1 07 00 00
de 07 d1 07 00 00
e1 07 d3 07 00 00
e5 07 d6 07 00 00
e2 07 d5 07 00 00
e2 07 d5 07 00 00
df 07 d3 07 00 00
e5 07 d6 07 00 00
e0 07 d4 07 00 00
e0 07 d3 07 00 00
e4 07 d5 07 00 00
e3 07 d6 07 00 00
e2 07 d5 07 00 00
e0 07 d4 07 00 00
df 07 d3 07 00 00
e0 07 d3 07 00 00
e2 07 d4 07 00 00
de 07 d2 07 00 00
e1 07 d3 07 00 00
df 07 d2 07 00 00
e4 07 d5 07 00 00
e1 07 d4 07 00 00
e7 07 d8 07 00 00
df 07 d4 07 00 00
e1 07 d4 07 00 00
e3 07 d5 07 00 00
de 07 d3 07 00 00
e0 07 d3 07 00 00
dd 07 d1 07 00 00
de 07 d1 07 00 00
e2 07 d3 07 00 00
e3 07 d5 07 00 00
dd 07 d2 07 00 00
df 07 d2 07 00 00
de 07 d1 07 00 00
e1 07 d3 07 00 00
e5 07 d6 07 00 00
e1 07 d5 07 00 00
e2 07 d5 07 00 00
e0 07 d4 07 00 00
de 07 d2 07 00 00
de 07 d1 07 00 00
e1 07 d3 07 00 00
de 07 d2 07 00 00
dd 07 d1 07 00 00
da 07 cf 07 00 00
dc 07 cf 07 00 00
dd 07 d0 07 00 00
da 07 ce 07 00 00
dc 07 cf 07 00 00
e0 07 d1 07 00 00
e2 07 d3 07 00 00
e1 07 d4 07 00 00
e1 07 d4 07 00 00
e0 07 d3 07 00 00
dd 07 d1 07 00 00
df 07 d2 07 00 00
e1 07 d3 07 00 00
e0 07 d3 07 00 00
de 07 d2 07 00 00
e2 07 d4 07 00 00
de 07 d2 07 00 00
e1 07 d3 07 00 00
e1 07 d4 07 00 00
e0 07 d3 07 00 00
df 07 d2 07 00 00
e0 07 d3 07 00 00
e2 07 d4 07 00 00
e5 07 d6 07 00 00
e0 07 d4 07 00 00
e0 07 d3 07 00 00
e4 07 d5 07 00 00
e1 07 d4 07 00 00
e2 07 d5 07 00 00
e1 07 d4 07 00 00
dc 07 d1 07 00 00
e2 07 d3 07 00 00
e1 07 d4 07 00 00
df 07 d3 07 00 00
e2 07 d4 07 00 00
dd 07 d2 07 00 00
df 07 d2 07 00 00
e1 07 d3 07 00 00
de 07 d2 07 00 00
db 07 d0 07 00 00
db 07 cf 07 00 00
db 07 ce 07 00 00
df 07 d0 07 00 00
df 07 d1 07 00 00
e0 07 d2 07 00 00
dc 07 d0 07 00 00
db 07 cf 07 00 00
dc 07 cf 07 00 00
dc 07 cf 07 00 00
Notifications stopped.
--- 20
Notifications started.
e5 07 d8 07 00 00
e3 07 d7 07 00 00
e7 07 d9 07 00 00
e7 07 da 07 00 00
e5 07 d9 07 00 00
e6 07 d9 07 00 00
e8 07 da 07 00 00
e8 07 db 07 00 00
eb 07 dd 07 00 00
e7 07 db 07 00 00
ea 07 dc 07 00 00
e9 07 dc 07 00 00
e6 07 da 07 00 00
e5 07 d9 07 00 00
e6 07 d9 07 00 00
e4 07 d8 07 00 00
e5 07 d8 07 00 00
e4 07 d7 07 00 00
e5 07 d8 07 00 00
e7 07 d9 07 00 00
de 07 d4 07 00 00
e5 07 d6 07 00 00
e8 07 d9 07 00 00
e4 07 d8 07 00 00
e1 07 d6 07 00 00
e7 07 d8 07 00 00
e7 07 d9 07 00 00
e3 07 d7 07 00 00
e2 07 d6 07 00 00
e1 07 d5 07 00 00
e2 07 d5 07 00 00
e5 07 d7 07 00 00
e1 07 d5 07 00 00
e2 07 d5 07 00 00
e0 07 d4 07 00 00
e3 07 d5 07 00 00
e6 07 d7 07 00 00
e2 07 d6 07 00 00
e0 07 d4 07 00 00
dd 07 d2 07 00 00
e1 07 d3 07 00 00
df 07 d2 07 00 00
e0 07 d3 07 00 00
df 07 d2 07 00 00
e2 07 d4 07 00 00
df 07 d3 07 00 00
dc 07 d1 07 00 00
de 07 d1 07 00 00
e4 07 d5 07 00 00
e0 07 d4 07 00 00
dd 07 d2 07 00 00
df 07 d2 07 00 00
de 07 d1 07 00 00
de 07 d1 07 00 00
e3 07 d4 07 00 00
df 07 d3 07 00 00
df 07 d2 07 00 00
e0 07 d3 07 00 00
e3 07 d5 07 00 00
e2 07 d5 07 00 00
de 07 d3 07 00 00
df 07 d2 07 00 00
de 07 d1 07 00 00
de 07 d1 07 00 00
df 07 d2 07 00 00
e3 07 d4 07 00 00
e0 07 d3 07 00 00
dc 07 d1 07 00 00
e0 07 d2 07 00 00
dd 07 d1 07 00 00
db 07 cf 07 00 00
e2 07 d3 07 00 00
e1 07 d4 07 00 00
dd 07 d2 07 00 00
dd 07 d1 07 00 00
dd 07 d0 07 00 00
dc 07 cf 07 00 00
e2 07 d3 07 00 00
e1 07 d4 07 00 00
de 07 d2 07 00 00
e3 07 d4 07 00 00
dd 07 d2 07 00 00
e3 07 d4 07 00 00
e1 07 d4 07 00 00
e0 07 d3 07 00 00
de 07 d2 07 00 00
dc 07 d0 07 00 00
d8 07 cd 07 00 00
e1 07 d1 07 00 00
dc 07 d0 07 00 00
db 07 cf 07 00 00
d6 07 cb 07 00 00
df 07 cf 07 00 00
e0 07 d1 07 00 00
dc 07 d0 07 00 00
dd 07 d0 07 00 00
db 07 cf 07 00 00
dd 07 d0 07 00 00
dd 07 d0 07 00 00
de 07 d1 07 00 00
db 07 cf 07 00 00
da 07 ce 07 00 00
e0 07 d1 07 00 00
Notifications stopped.