Notifications started.
e4 07 dd 07 00 00
e7 07 db 07 00 00
e3 07 d8 07 00 00
e3 07 d7 07 00 00
e3 07 d6 07 00 00
e5 07 d7 07 00 00
e2 07 d6 07 00 00
e2 07 d5 07 00 00
e2 07 d5 07 00 00
e0 07 d4 07 00 00
e0 07 d3 07 00 00
e4 07 d5 07 00 00
e7 07 d8 07 00 00
e0 07 d5 07 00 00
e6 07 d7 07 00 00
e2 07 d6 07 00 00
e1 07 d5 07 00 00
e2 07 d5 07 00 00
e1 07 d4 07 00 00
e2 07 d5 07 00 00
e2 07 d5 07 00 00
e0 07 d4 07 00 00
e0 07 d3 07 00 00
e6 07 d7 07 00 00
e1 07 d5 07 00 00
e2 07 d5 07 00 00
e2 07 d5 07 00 00
e6 07 d7 07 00 00
e7 07 d9 07 00 00
e3 07 d7 07 00 00
e9 07 da 07 00 00
e4 07 d8 07 00 00
e2 07 d6 07 00 00
e6 07 d8 07 00 00
e5 07 d8 07 00 00
e3 07 d7 07 00 00
e2 07 d6 07 00 00
e3 07 d6 07 00 00
e1 07 d5 07 00 00
e5 07 d7 07 00 00
e5 07 d8 07 00 00
e4 07 d7 07 00 00
e4 07 d7 07 00 00
e6 07 d8 07 00 00
ea 07 db 07 00 00
e7 07 da 07 00 00
e9 07 db 07 00 00
e8 07 db 07 00 00
e8 07 db 07 00 00
eb 07 dd 07 00 00
eb 07 de 07 00 00
e6 07 db 07 00 00
e5 07 d9 07 00 00
ee 07 de 07 00 00
e7 07 dc 07 00 00
ec 07 de 07 00 00
eb 07 de 07 00 00
e6 07 db 07 00 00
e9 07 dc 07 00 00
ea 07 dd 07 00 00
e5 07 da 07 00 00
e5 07 d9 07 00 00
ea 07 db 07 00 00
e5 07 d9 07 00 00
e6 07 d9 07 00 00
e9 07 db 07 00 00
e6 07 da 07 00 00
e9 07 db 07 00 00
e6 07 da 07 00 00
e8 07 db 07 00 00
e7 07 da 07 00 00
e8 07 db 07 00 00
e7 07 da 07 00 00
e7 07 da 07 00 00
e6 07 d9 07 00 00
e3 07 d7 07 00 00
e2 07 d6 07 00 00
e4 07 d7 07 00 00
e3 07 d6 07 00 00
e2 07 d5 07 00 00
e1 07 d4 07 00 00
e7 07 d8 07 00 00
e5 07 d8 07 00 00
e2 07 d6 07 00 00
e3 07 d6 07 00 00
e4 07 d7 07 00 00
e1 07 d5 07 00 00
e5 07 d7 07 00 00
e3 07 d6 07 00 00
e4 07 d7 07 00 00
Notifications stopped.