Notifications started.
7e 03 79 03 5a 00
7d 03 78 03 5a 00
7c 03 77 03 5b 00
7d 03 77 03 5b 00
7c 03 77 03 5b 00
7b 03 76 03 5b 00
7b 03 76 03 5b 00
7c 03 76 03 5b 00
7c 03 76 03 5b 00
7d 03 77 03 5b 00
7a 03 75 03 5b 00
7b 03 75 03 5b 00
78 03 73 03 5c 00
79 03 73 03 5c 00
7a 03 74 03 5b 00
78 03 73 03 5c 00
7a 03 74 03 5b 00
78 03 73 03 5c 00
78 03 73 03 5c 00
77 03 72 03 5c 00
7b 03 74 03 5b 00
78 03 73 03 5c 00
79 03 73 03 5c 00
76 03 71 03 5c 00
77 03 71 03 5c 00
76 03 71 03 5c 00
77 03 71 03 5c 00
75 03 70 03 5c 00
76 03 70 03 5c 00
76 03 70 03 5c 00
76 03 70 03 5c 00
75 03 70 03 5c 00
74 03 6f 03 5d 00
74 03 6f 03 5d 00
76 03 70 03 5c 00
74 03 6f 03 5d 00
73 03 6e 03 5d 00
75 03 6f 03 5d 00
72 03 6d 03 5d 00
74 03 6e 03 5d 00
73 03 6e 03 5d 00
72 03 6d 03 5d 00
72 03 6d 03 5d 00
74 03 6e 03 5d 00
74 03 6e 03 5d 00
75 03 6f 03 5d 00
71 03 6d 03 5d 00
73 03 6d 03 5d 00
6e 03 6a 03 5e 00
71 03 6b 03 5d 00
71 03 6b 03 5d 00
6f 03 6a 03 5e 00
71 03 6b 03 5d 00
6f 03 6a 03 5e 00
70 03 6a 03 5e 00
6e 03 69 03 5e 00
6e 03 69 03 5e 00
6e 03 69 03 5e 00
6f 03 69 03 5e 00
6f 03 69 03 5e 00
6e 03 69 03 5e 00
6c 03 67 03 5e 00
6e 03 68 03 5e 00
Notifications stopped.
--- 0
Notifications started.
6b 03 65 03 5f 00
6b 03 65 03 5f 00
69 03 64 03 5f 00
6b 03 65 03 5f 00
6a 03 65 03 5f 00
6b 03 65 03 5f 00
69 03 64 03 5f 00
69 03 64 03 5f 00
69 03 64 03 5f 00
69 03 64 03 5f 00
69 03 64 03 5f 00
68 03 63 03 5f 00
6a 03 64 03 5f 00
69 03 64 03 5f 00
6a 03 64 03 5f 00
6b 03 65 03 5f 00
69 03 64 03 5f 00
6c 03 65 03 5f 00
68 03 63 03 5f 00
6a 03 64 03 5f 00
6a 03 64 03 5f 00
6b 03 65 03 5f 00
6b 03 65 03 5f 00
6b 03 65 03 5f 00
6b 03 65 03 5f 00
6a 03 65 03 5f 00
68 03 63 03 5f 00
69 03 63 03 5f 00
69 03 63 03 5f 00
68 03 63 03 5f 00
69 03 63 03 5f 00
69 03 63 03 5f 00
69 03 63 03 5f 00
68 03 63 03 5f 00
68 03 63 03 5f 00
68 03 63 03 5f 00
68 03 63 03 5f 00
67 03 62 03 60 00
67 03 62 03 60 00
68 03 62 03 60 00
65 03 60 03 60 00
67 03 61 03 60 00
69 03 62 03 60 00
69 03 63 03 5f 00
67 03 62 03 60 00
69 03 63 03 5f 00
67 03 62 03 60 00
67 03 62 03 60 00
67 03 62 03 60 00
67 03 62 03 60 00
69 03 63 03 5f 00
68 03 63 03 5f 00
69 03 63 03 5f 00
68 03 63 03 5f 00
67 03 62 03 60 00
68 03 62 03 60 00
65 03 60 03 60 00
66 03 60 03 60 00
67 03 61 03 60 00
66 03 61 03 60 00
68 03 62 03 60 00
68 03 62 03 60 00
66 03 61 03 60 00
67 03 61 03 60 00
65 03 60 03 60 00
65 03 60 03 60 00
65 03 60 03 60 00
68 03 61 03 60 00
69 03 62 03 60 00
67 03 62 03 60 00
67 03 62 03 60 00
65 03 60 03 60 00
64 03 5f 03 60 00
66 03 60 03 60 00
64 03 5f 03 60 00
66 03 60 03 60 00
67 03 61 03 60 00
65 03 60 03 60 00
Notifications stopped.
--- 1
Notifications started.
70 03 6a 03 5e 00
6e 03 69 03 5e 00
6f 03 69 03 5e 00
71 03 6a 03 5e 00
70 03 6a 03 5e 00
70 03 6a 03 5e 00
6f 03 6a 03 5e 00
72 03 6b 03 5d 00
70 03 6b 03 5d 00
71 03 6b 03 5d 00
72 03 6c 03 5d 00
71 03 6c 03 5d 00
6f 03 6a 03 5e 00
71 03 6b 03 5d 00
72 03 6c 03 5d 00
70 03 6b 03 5d 00
72 03 6c 03 5d 00
70 03 6b 03 5d 00
70 03 6b 03 5d 00
73 03 6c 03 5d 00
71 03 6c 03 5d 00
72 03 6c 03 5d 00
71 03 6c 03 5d 00
72 03 6c 03 5d 00
71 03 6c 03 5d 00
71 03 6c 03 5d 00
72 03 6c 03 5d 00
70 03 6b 03 5d 00
71 03 6b 03 5d 00
71 03 6b 03 5d 00
72 03 6c 03 5d 00
70 03 6b 03 5d 00
74 03 6d 03 5d 00
72 03 6d 03 5d 00
74 03 6e 03 5d 00
72 03 6d 03 5d 00
72 03 6d 03 5d 00
70 03 6b 03 5d 00
71 03 6b 03 5d 00
72 03 6c 03 5d 00
74 03 6d 03 5d 00
71 03 6c 03 5d 00
71 03 6c 03 5d 00
71 03 6c 03 5d 00
72 03 6c 03 5d 00
72 03 6c 03 5d 00
70 03 6b 03 5d 00
72 03 6c 03 5d 00
74 03 6d 03 5d 00
72 03 6d 03 5d 00
72 03 6d 03 5d 00
72 03 6d 03 5d 00
76 03 6f 03 5d 00
73 03 6e 03 5d 00
72 03 6d 03 5d 00
73 03 6d 03 5d 00
76 03 6f 03 5d 00
76 03 70 03 5c 00
73 03 6e 03 5d 00
71 03 6c 03 5d 00
74 03 6d 03 5d 00
71 03 6c 03 5d 00
73 03 6d 03 5d 00
73 03 6d 03 5d 00
70 03 6b 03 5d 00
72 03 6c 03 5d 00
73 03 6d 03 5d 00
75 03 6e 03 5d 00
75 03 6f 03 5d 00
73 03 6e 03 5d 00
73 03 6e 03 5d 00
73 03 6e 03 5d 00
73 03 6e 03 5d 00
73 03 6e 03 5d 00
73 03 6e 03 5d 00
74 03 6e 03 5d 00
71 03 6c 03 5d 00
73 03 6d 03 5d 00
73 03 6d 03 5d 00
74 03 6e 03 5d 00
72 03 6d 03 5d 00
70 03 6b 03 5d 00
75 03 6e 03 5d 00
74 03 6e 03 5d 00
73 03 6e 03 5d 00
74 03 6e 03 5d 00
74 03 6e 03 5d 00
74 03 6e 03 5d 00
72 03 6d 03 5d 00
73 03 6d 03 5d 00
73 03 6d 03 5d 00
73 03 6d 03 5d 00
71 03 6c 03 5d 00
Notifications stopped.
--- 2
Notifications started.
a3 03 9c 03 52 00
a2 03 9c 03 52 00
a5 03 9e 03 52 00
a6 03 9f 03 52 00
a7 03 a0 03 52 00
a4 03 9f 03 52 00
a7 03 a0 03 52 00
a6 03 a0 03 52 00
a5 03 9f 03 52 00
a7 03 a0 03 52 00
a6 03 a0 03 52 00
a5 03 9f 03 52 00
a7 03 a0 03 52 00
ab 03 a3 03 51 00
a9 03 a3 03 51 00
ab 03 a4 03 51 00
a9 03 a3 03 51 00
aa 03 a4 03 51 00
ac 03 a5 03 51 00
ab 03 a5 03 51 00
ab 03 a5 03 51 00
aa 03 a4 03 51 00
ab 03 a5 03 51 00
aa 03 a4 03 51 00
a7 03 a2 03 51 00
a7 03 a1 03 51 00
a7 03 a1 03 51 00
a9 03 a2 03 51 00
aa 03 a3 03 51 00
a8 03 a2 03 51 00
a8 03 a2 03 51 00
a8 03 a2 03 51 00
a9 03 a3 03 51 00
a9 03 a3 03 51 00
a9 03 a3 03 51 00
a9 03 a3 03 51 00
aa 03 a4 03 51 00
a7 03 a2 03 51 00
a4 03 a0 03 52 00
a4 03 9f 03 52 00
a4 03 9e 03 52 00
a3 03 9d 03 52 00
a1 03 9c 03 52 00
a3 03 9d 03 52 00
a2 03 9c 03 52 00
a3 03 9d 03 52 00
a3 03 9d 03 52 00
a3 03 9d 03 52 00
a6 03 9f 03 52 00
a4 03 9e 03 52 00
a3 03 9d 03 52 00
a5 03 9e 03 52 00
a3 03 9d 03 52 00
a1 03 9c 03 52 00
a2 03 9c 03 52 00
a3 03 9d 03 52 00
9f 03 9b 03 53 00
a1 03 9b 03 53 00
a3 03 9c 03 52 00
a3 03 9d 03 52 00
a2 03 9c 03 52 00
a3 03 9d 03 52 00
a0 03 9b 03 53 00
a2 03 9c 03 52 00
a3 03 9d 03 52 00
a5 03 9e 03 52 00
a2 03 9d 03 52 00
a3 03 9d 03 52 00
a5 03 9e 03 52 00
a3 03 9d 03 52 00
a3 03 9d 03 52 00
a2 03 9c 03 52 00
a6 03 9e 03 52 00
a5 03 9f 03 52 00
a6 03 a0 03 52 00
a3 03 9e 03 52 00
a5 03 9f 03 52 00
a5 03 9f 03 52 00
a5 03 9f 03 52 00
a6 03 a0 03 52 00
a7 03 a1 03 51 00
a7 03 a1 03 51 00
a4 03 9f 03 52 00
a6 03 a0 03 52 00
a4 03 9f 03 52 00
a7 03 a0 03 52 00
a4 03 9f 03 52 00
a4 03 9e 03 52 00
a5 03 9f 03 52 00
a6 03 a0 03 52 00
a6 03 a0 03 52 00
a8 03 a1 03 51 00
a7 03 a1 03 51 00
a5 03 a0 03 52 00
a6 03 a0 03 52 00
a6 03 a0 03 52 00
a4 03 9f 03 52 00
Notifications stopped.
--- 3
Notifications started.
d8 03 d2 03 47 00
d8 03 d2 03 47 00
d8 03 d2 03 47 00
da 03 d3 03 47 00
dc 03 d5 03 47 00
d9 03 d4 03 47 00
d9 03 d3 03 47 00
db 03 d4 03 47 00
da 03 d4 03 47 00
de 03 d6 03 47 00
dd 03 d6 03 47 00
de 03 d7 03 46 00
df 03 d8 03 46 00
dc 03 d7 03 46 00
dd 03 d7 03 46 00
dd 03 d7 03 46 00
de 03 d7 03 46 00
dd 03 d7 03 46 00
df 03 d8 03 46 00
df 03 d8 03 46 00
e1 03 da 03 46 00
e3 03 dc 03 45 00
e0 03 db 03 46 00
e1 03 db 03 46 00
e1 03 db 03 46 00
e3 03 dc 03 45 00
e3 03 dc 03 45 00
e5 03 de 03 45 00
e2 03 dd 03 45 00
e3 03 dd 03 45 00
e5 03 de 03 45 00
e4 03 de 03 45 00
e3 03 dd 03 45 00
e5 03 de 03 45 00
e3 03 dd 03 45 00
e3 03 dd 03 45 00
e4 03 dd 03 45 00
e4 03 dd 03 45 00
e4 03 dd 03 45 00
e6 03 df 03 45 00
e3 03 de 03 45 00
e4 03 de 03 45 00
e8 03 e0 03 45 00
e7 03 e0 03 45 00
e5 03 df 03 45 00
e9 03 e1 03 44 00
e6 03 e0 03 45 00
e9 03 e2 03 44 00
e7 03 e1 03 44 00
ea 03 e3 03 44 00
e9 03 e3 03 44 00
ea 03 e3 03 44 00
ea 03 e3 03 44 00
e8 03 e2 03 44 00
ea 03 e3 03 44 00
e7 03 e2 03 44 00
e7 03 e1 03 44 00
ea 03 e3 03 44 00
e7 03 e2 03 44 00
e9 03 e2 03 44 00
eb 03 e3 03 44 00
ea 03 e3 03 44 00
e9 03 e3 03 44 00
eb 03 e4 03 44 00
eb 03 e4 03 44 00
ea 03 e4 03 44 00
eb 03 e4 03 44 00
e9 03 e3 03 44 00
ec 03 e4 03 44 00
ea 03 e4 03 44 00
e8 03 e3 03 44 00
eb 03 e4 03 44 00
ea 03 e4 03 44 00
ed 03 e5 03 44 00
ea 03 e4 03 44 00
e9 03 e3 03 44 00
ea 03 e3 03 44 00
ec 03 e4 03 44 00
eb 03 e4 03 44 00
eb 03 e4 03 44 00
e9 03 e3 03 44 00
eb 03 e4 03 44 00
ea 03 e4 03 44 00
ea 03 e4 03 44 00
eb 03 e4 03 44 00
e9 03 e3 03 44 00
eb 03 e4 03 44 00
eb 03 e4 03 44 00
eb 03 e4 03 44 00
e9 03 e3 03 44 00
ee 03 e6 03 44 00
eb 03 e5 03 44 00
ed 03 e6 03 44 00
ee 03 e7 03 43 00
ed 03 e7 03 43 00
ee 03 e7 03 43 00
ee 03 e7 03 43 00
ee 03 e7 03 43 00
ec 03 e6 03 44 00
ed 03 e6 03 44 00
ee 03 e7 03 43 00
ed 03 e7 03 43 00
e9 03 e4 03 44 00
ea 03 e4 03 44 00
Notifications stopped.
--- 4
Notifications started.
03 04 fc 03 3f 00
01 04 fb 03 40 00
03 04 fc 03 3f 00
01 04 fb 03 40 00
03 04 fc 03 3f 00
07 04 ff 03 3f 00
01 04 fc 03 3f 00
02 04 fc 03 3f 00
ff 03 fa 03 40 00
02 04 fb 03 40 00
01 04 fb 03 40 00
03 04 fc 03 3f 00
02 04 fc 03 3f 00
05 04 fd 03 3f 00
05 04 fe 03 3f 00
05 04 fe 03 3f 00
04 04 fe 03 3f 00
07 04 ff 03 3f 00
06 04 ff 03 3f 00
03 04 fd 03 3f 00
05 04 fe 03 3f 00
04 04 fe 03 3f 00
04 04 fe 03 3f 00
06 04 ff 03 3f 00
05 04 ff 03 3f 00
04 04 fe 03 3f 00
05 04 fe 03 3f 00
04 04 fe 03 3f 00
05 04 fe 03 3f 00
05 04 fe 03 3f 00
06 04 ff 03 3f 00
04 04 fe 03 3f 00
03 04 fd 03 3f 00
06 04 fe 03 3f 00
08 04 00 04 3f 00
07 04 00 04 3f 00
06 04 00 04 3f 00
09 04 01 04 3e 00
09 04 02 04 3e 00
06 04 00 04 3f 00
05 04 ff 03 3f 00
08 04 00 04 3f 00
07 04 00 04 3f 00
0b 04 03 04 3e 00
09 04 03 04 3e 00
0a 04 03 04 3e 00
09 04 03 04 3e 00
0b 04 04 04 3e 00
06 04 01 04 3e 00
08 04 01 04 3e 00
0a 04 02 04 3e 00
08 04 02 04 3e 00
0a 04 03 04 3e 00
0a 04 03 04 3e 00
09 04 03 04 3e 00
0a 04 03 04 3e 00
0c 04 04 04 3e 00
0d 04 05 04 3e 00
09 04 03 04 3e 00
0b 04 04 04 3e 00
09 04 03 04 3e 00
0b 04 04 04 3e 00
09 04 03 04 3e 00
0a 04 03 04 3e 00
0c 04 04 04 3e 00
0b 04 04 04 3e 00
0a 04 04 04 3e 00
08 04 02 04 3e 00
0a 04 03 04 3e 00
0d 04 05 04 3e 00
0a 04 04 04 3e 00
0b 04 04 04 3e 00
0a 04 04 04 3e 00
0a 04 04 04 3e 00
0d 04 05 04 3e 00
09 04 03 04 3e 00
0b 04 04 04 3e 00
0c 04 05 04 3e 00
0d 04 06 04 3e 00
0b 04 05 04 3e 00
0a 04 04 04 3e 00
0e 04 06 04 3e 00
0d 04 06 04 3e 00
0b 04 05 04 3e 00
0d 04 06 04 3e 00
0d 04 06 04 3e 00
0e 04 07 04 3d 00
0d 04 07 04 3d 00
0c 04 06 04 3e 00
0b 04 05 04 3e 00
0b 04 05 04 3e 00
0d 04 06 04 3e 00
0f 04 07 04 3d 00
0e 04 07 04 3d 00
0c 04 06 04 3e 00
0d 04 06 04 3e 00
0d 04 06 04 3e 00
0e 04 07 04 3d 00
Notifications stopped.
--- 5
Notifications started.
1c 04 16 04 3b 00
1a 04 14 04 3b 00
1b 04 14 04 3b 00
1e 04 16 04 3b 00
1d 04 16 04 3b 00
1c 04 16 04 3b 00
19 04 14 04 3b 00
1e 04 16 04 3b 00
1d 04 16 04 3b 00
1e 04 17 04 3b 00
1d 04 16 04 3b 00
1d 04 16 04 3b 00
1d 04 16 04 3b 00
1f 04 17 04 3b 00
1e 04 17 04 3b 00
1e 04 17 04 3b 00
1f 04 18 04 3a 00
1d 04 17 04 3b 00
1d 04 16 04 3b 00
20 04 18 04 3a 00
20 04 19 04 3a 00
1e 04 18 04 3a 00
21 04 19 04 3a 00
1c 04 17 04 3b 00
1f 04 18 04 3a 00
1e 04 17 04 3b 00
20 04 18 04 3a 00
21 04 19 04 3a 00
21 04 1a 04 3a 00
20 04 19 04 3a 00
20 04 19 04 3a 00
1f 04 18 04 3a 00
23 04 1a 04 3a 00
21 04 1a 04 3a 00
23 04 1b 04 3a 00
23 04 1c 04 3a 00
20 04 1a 04 3a 00
22 04 1b 04 3a 00
1f 04 19 04 3a 00
22 04 1a 04 3a 00
20 04 19 04 3a 00
20 04 19 04 3a 00
20 04 19 04 3a 00
21 04 1a 04 3a 00
20 04 19 04 3a 00
21 04 1a 04 3a 00
22 04 1b 04 3a 00
20 04 1a 04 3a 00
20 04 19 04 3a 00
21 04 1a 04 3a 00
21 04 1a 04 3a 00
23 04 1b 04 3a 00
21 04 1a 04 3a 00
21 04 1a 04 3a 00
24 04 1c 04 3a 00
21 04 1b 04 3a 00
21 04 1a 04 3a 00
22 04 1b 04 3a 00
24 04 1c 04 3a 00
20 04 1a 04 3a 00
21 04 1a 04 3a 00
22 04 1b 04 3a 00
22 04 1b 04 3a 00
21 04 1a 04 3a 00
22 04 1b 04 3a 00
20 04 1a 04 3a 00
22 04 1b 04 3a 00
23 04 1c 04 3a 00
23 04 1c 04 3a 00
22 04 1b 04 3a 00
20 04 1a 04 3a 00
22 04 1b 04 3a 00
22 04 1b 04 3a 00
23 04 1c 04 3a 00
23 04 1c 04 3a 00
21 04 1b 04 3a 00
21 04 1a 04 3a 00
22 04 1b 04 3a 00
20 04 1a 04 3a 00
22 04 1b 04 3a 00
22 04 1b 04 3a 00
20 04 1a 04 3a 00
21 04 1a 04 3a 00
23 04 1b 04 3a 00
22 04 1b 04 3a 00
21 04 1a 04 3a 00
21 04 1a 04 3a 00
23 04 1b 04 3a 00
21 04 1a 04 3a 00
22 04 1b 04 3a 00
21 04 1a 04 3a 00
21 04 1a 04 3a 00
22 04 1b 04 3a 00
24 04 1c 04 3a 00
25 04 1d 04 39 00
24 04 1d 04 39 00
25 04 1e 04 39 00
23 04 1d 04 39 00
21 04 1b 04 3a 00
21 04 1a 04 3a 00
23 04 1b 04 3a 00
24 04 1c 04 3a 00
25 04 1d 04 39 00
22 04 1c 04 3a 00
24 04 1d 04 39 00
Notifications stopped.
--- 6
Notifications started.
37 04 2f 04 36 00
35 04 2e 04 37 00
37 04 2f 04 36 00
34 04 2e 04 37 00
34 04 2d 04 37 00
37 04 2f 04 36 00
34 04 2e 04 37 00
36 04 2f 04 36 00
35 04 2e 04 37 00
35 04 2e 04 37 00
36 04 2f 04 36 00
37 04 30 04 36 00
34 04 2e 04 37 00
34 04 2d 04 37 00
36 04 2e 04 37 00
37 04 2f 04 36 00
35 04 2e 04 37 00
35 04 2e 04 37 00
35 04 2e 04 37 00
38 04 30 04 36 00
36 04 2f 04 36 00
36 04 2f 04 36 00
34 04 2e 04 37 00
36 04 2f 04 36 00
36 04 2f 04 36 00
35 04 2e 04 37 00
38 04 30 04 36 00
36 04 2f 04 36 00
37 04 30 04 36 00
37 04 30 04 36 00
3a 04 32 04 36 00
36 04 30 04 36 00
35 04 2f 04 36 00
37 04 30 04 36 00
36 04 2f 04 36 00
37 04 30 04 36 00
39 04 31 04 36 00
39 04 32 04 36 00
38 04 31 04 36 00
37 04 30 04 36 00
39 04 31 04 36 00
3a 04 32 04 36 00
38 04 31 04 36 00
38 04 31 04 36 00
37 04 30 04 36 00
3b 04 32 04 36 00
39 04 32 04 36 00
37 04 31 04 36 00
38 04 31 04 36 00
3a 04 32 04 36 00
39 04 32 04 36 00
39 04 32 04 36 00
39 04 32 04 36 00
3a 04 33 04 36 00
3b 04 34 04 36 00
3a 04 33 04 36 00
39 04 32 04 36 00
3b 04 33 04 36 00
3a 04 33 04 36 00
3a 04 33 04 36 00
3d 04 35 04 35 00
39 04 33 04 36 00
3a 04 33 04 36 00
3b 04 34 04 36 00
3b 04 34 04 36 00
3a 04 33 04 36 00
38 04 32 04 36 00
3b 04 33 04 36 00
39 04 32 04 36 00
3c 04 34 04 36 00
3b 04 34 04 36 00
3c 04 35 04 35 00
38 04 33 04 36 00
3a 04 33 04 36 00
39 04 32 04 36 00
39 04 32 04 36 00
37 04 31 04 36 00
3a 04 32 04 36 00
3a 04 33 04 36 00
39 04 32 04 36 00
3b 04 33 04 36 00
3a 04 33 04 36 00
39 04 32 04 36 00
3a 04 33 04 36 00
39 04 32 04 36 00
3c 04 34 04 36 00
3c 04 35 04 35 00
3b 04 34 04 36 00
39 04 33 04 36 00
3c 04 34 04 36 00
3c 04 35 04 35 00
3b 04 34 04 36 00
3b 04 34 04 36 00
3a 04 33 04 36 00
39 04 32 04 36 00
39 04 32 04 36 00
39 04 32 04 36 00
3b 04 33 04 36 00
3b 04 34 04 36 00
3c 04 35 04 35 00
3a 04 34 04 36 00
Notifications stopped.
--- 7
Notifications started.
4c 04 45 04 33 00
4e 04 46 04 33 00
4a 04 44 04 33 00
49 04 43 04 33 00
4c 04 44 04 33 00
4b 04 44 04 33 00
4b 04 44 04 33 00
4d 04 45 04 33 00
4c 04 45 04 33 00
4b 04 44 04 33 00
4b 04 44 04 33 00
4c 04 45 04 33 00
4b 04 44 04 33 00
4d 04 45 04 33 00
4c 04 45 04 33 00
4e 04 46 04 33 00
4e 04 47 04 32 00
4c 04 46 04 33 00
4d 04 46 04 33 00
4e 04 47 04 32 00
51 04 49 04 32 00
4c 04 47 04 32 00
4f 04 48 04 32 00
4e 04 47 04 32 00
50 04 48 04 32 00
4f 04 48 04 32 00
4e 04 47 04 32 00
4f 04 48 04 32 00
51 04 49 04 32 00
52 04 4a 04 32 00
50 04 49 04 32 00
50 04 49 04 32 00
50 04 49 04 32 00
51 04 49 04 32 00
51 04 49 04 32 00
51 04 49 04 32 00
4e 04 48 04 32 00
4f 04 48 04 32 00
50 04 49 04 32 00
52 04 4a 04 32 00
51 04 4a 04 32 00
51 04 4a 04 32 00
51 04 4a 04 32 00
50 04 49 04 32 00
53 04 4b 04 32 00
53 04 4b 04 32 00
52 04 4b 04 32 00
52 04 4b 04 32 00
53 04 4b 04 32 00
52 04 4b 04 32 00
52 04 4b 04 32 00
54 04 4c 04 32 00
52 04 4b 04 32 00
52 04 4b 04 32 00
52 04 4b 04 32 00
53 04 4b 04 32 00
56 04 4d 04 31 00
54 04 4d 04 31 00
53 04 4c 04 32 00
52 04 4b 04 32 00
56 04 4d 04 31 00
53 04 4c 04 32 00
54 04 4c 04 32 00
55 04 4d 04 31 00
54 04 4d 04 31 00
55 04 4d 04 31 00
57 04 4f 04 31 00
55 04 4e 04 31 00
55 04 4e 04 31 00
55 04 4e 04 31 00
51 04 4b 04 32 00
57 04 4e 04 31 00
58 04 50 04 31 00
57 04 50 04 31 00
5a 04 52 04 31 00
56 04 50 04 31 00
57 04 50 04 31 00
55 04 4f 04 31 00
56 04 4f 04 31 00
57 04 4f 04 31 00
55 04 4e 04 31 00
57 04 4f 04 31 00
58 04 50 04 31 00
58 04 50 04 31 00
55 04 4f 04 31 00
55 04 4e 04 31 00
56 04 4e 04 31 00
56 04 4e 04 31 00
55 04 4e 04 31 00
57 04 4f 04 31 00
58 04 50 04 31 00
59 04 51 04 31 00
57 04 50 04 31 00
56 04 4f 04 31 00
56 04 4f 04 31 00
57 04 4f 04 31 00
59 04 51 04 31 00
55 04 4f 04 31 00
54 04 4e 04 31 00
58 04 50 04 31 00
57 04 50 04 31 00
59 04 51 04 31 00
57 04 50 04 31 00
57 04 50 04 31 00
59 04 51 04 31 00
58 04 51 04 31 00
59 04 51 04 31 00
5b 04 53 04 30 00
59 04 52 04 31 00
56 04 50 04 31 00
57 04 50 04 31 00
55 04 4f 04 31 00
56 04 4f 04 31 00
56 04 4f 04 31 00
55 04 4e 04 31 00
56 04 4e 04 31 00
58 04 50 04 31 00
55 04 4f 04 31 00
55 04 4e 04 31 00
57 04 4f 04 31 00
56 04 4f 04 31 00
56 04 4f 04 31 00
55 04 4e 04 31 00
56 04 4e 04 31 00
57 04 4f 04 31 00
59 04 51 04 31 00
59 04 51 04 31 00
56 04 50 04 31 00
5a 04 52 04 31 00
58 04 51 04 31 00
5b 04 53 04 30 00
57 04 51 04 31 00
58 04 51 04 31 00
58 04 51 04 31 00
5a 04 52 04 31 00
58 04 51 04 31 00
56 04 50 04 31 00
56 04 4f 04 31 00
59 04 51 04 31 00
5a 04 52 04 31 00
57 04 51 04 31 00
57 04 50 04 31 00
56 04 4f 04 31 00
57 04 4f 04 31 00
57 04 4f 04 31 00
5a 04 51 04 31 00
58 04 51 04 31 00
57 04 50 04 31 00
59 04 51 04 31 00
57 04 50 04 31 00
59 04 51 04 31 00
58 04 51 04 31 00
Notifications stopped.
--- 8
Notifications started.
73 04 6c 04 2c 00
6e 04 69 04 2d 00
76 04 6c 04 2c 00
73 04 6c 04 2c 00
76 04 6e 04 2c 00
72 04 6c 04 2c 00
71 04 6b 04 2d 00
76 04 6d 04 2c 00
76 04 6e 04 2c 00
76 04 6e 04 2c 00
75 04 6e 04 2c 00
75 04 6e 04 2c 00
74 04 6d 04 2c 00
73 04 6c 04 2c 00
74 04 6c 04 2c 00
75 04 6d 04 2c 00
74 04 6d 04 2c 00
77 04 6f 04 2c 00
77 04 6f 04 2c 00
76 04 6f 04 2c 00
76 04 6f 04 2c 00
76 04 6f 04 2c 00
76 04 6f 04 2c 00
78 04 70 04 2c 00
77 04 70 04 2c 00
78 04 70 04 2c 00
77 04 70 04 2c 00
76 04 6f 04 2c 00
77 04 6f 04 2c 00
77 04 6f 04 2c 00
79 04 71 04 2c 00
78 04 71 04 2c 00
77 04 70 04 2c 00
78 04 70 04 2c 00
78 04 70 04 2c 00
7a 04 72 04 2c 00
7c 04 74 04 2b 00
7b 04 74 04 2b 00
79 04 73 04 2b 00
7b 04 73 04 2b 00
7b 04 73 04 2b 00
79 04 72 04 2c 00
7c 04 74 04 2b 00
7b 04 74 04 2b 00
7b 04 74 04 2b 00
7b 04 74 04 2b 00
7b 04 74 04 2b 00
7c 04 74 04 2b 00
7b 04 74 04 2b 00
7e 04 76 04 2b 00
79 04 73 04 2b 00
7b 04 73 04 2b 00
7f 04 76 04 2b 00
7c 04 75 04 2b 00
7f 04 77 04 2b 00
7c 04 76 04 2b 00
7d 04 76 04 2b 00
7b 04 75 04 2b 00
7d 04 75 04 2b 00
7e 04 76 04 2b 00
7d 04 76 04 2b 00
7c 04 75 04 2b 00
80 04 77 04 2b 00
7f 04 77 04 2b 00
81 04 79 04 2a 00
81 04 79 04 2a 00
7d 04 77 04 2b 00
7e 04 77 04 2b 00
7c 04 76 04 2b 00
7e 04 76 04 2b 00
7d 04 76 04 2b 00
7e 04 76 04 2b 00
82 04 79 04 2a 00
80 04 79 04 2a 00
81 04 79 04 2a 00
80 04 79 04 2a 00
82 04 7a 04 2a 00
81 04 7a 04 2a 00
82 04 7a 04 2a 00
7f 04 79 04 2a 00
82 04 7a 04 2a 00
83 04 7b 04 2a 00
83 04 7b 04 2a 00
81 04 7a 04 2a 00
80 04 79 04 2a 00
81 04 79 04 2a 00
80 04 79 04 2a 00
81 04 79 04 2a 00
80 04 79 04 2a 00
84 04 7b 04 2a 00
83 04 7b 04 2a 00
81 04 7a 04 2a 00
80 04 79 04 2a 00
83 04 7b 04 2a 00
83 04 7b 04 2a 00
84 04 7c 04 2a 00
80 04 7a 04 2a 00
7f 04 79 04 2a 00
80 04 79 04 2a 00
80 04 79 04 2a 00
83 04 7b 04 2a 00
82 04 7b 04 2a 00
Notifications stopped.
--- 9
Notifications started.
31 07 24 07 00 00
35 07 27 07 00 00
33 07 27 07 00 00
35 07 28 07 00 00
33 07 27 07 00 00
36 07 29 07 00 00
31 07 27 07 00 00
36 07 29 07 00 00
37 07 2a 07 00 00
34 07 29 07 00 00
37 07 2a 07 00 00
33 07 28 07 00 00
36 07 29 07 00 00
35 07 29 07 00 00
33 07 28 07 00 00
35 07 29 07 00 00
37 07 2a 07 00 00
36 07 2a 07 00 00
38 07 2b 07 00 00
37 07 2b 07 00 00
3b 07 2d 07 00 00
38 07 2c 07 00 00
3a 07 2d 07 00 00
39 07 2d 07 00 00
35 07 2b 07 00 00
35 07 2a 07 00 00
3a 07 2c 07 00 00
36 07 2b 07 00 00
39 07 2c 07 00 00
3a 07 2d 07 00 00
36 07 2b 07 00 00
39 07 2c 07 00 00
35 07 2a 07 00 00
3c 07 2e 07 00 00
3e 07 30 07 00 00
3b 07 2f 07 00 00
38 07 2d 07 00 00
38 07 2c 07 00 00
3b 07 2e 07 00 00
3f 07 31 07 00 00
3e 07 32 07 00 00
3d 07 31 07 00 00
3f 07 32 07 00 00
3c 07 31 07 00 00
3f 07 32 07 00 00
3e 07 32 07 00 00
3a 07 30 07 00 00
3e 07 31 07 00 00
3c 07 30 07 00 00
42 07 34 07 00 00
3d 07 32 07 00 00
41 07 34 07 00 00
3e 07 33 07 00 00
42 07 35 07 00 00
3e 07 33 07 00 00
41 07 34 07 00 00
3b 07 31 07 00 00
3c 07 30 07 00 00
3f 07 32 07 00 00
40 07 33 07 00 00
3a 07 30 07 00 00
40 07 32 07 00 00
40 07 33 07 00 00
3e 07 32 07 00 00
3a 07 30 07 00 00
39 07 2e 07 00 00
3d 07 30 07 00 00
38 07 2e 07 00 00
42 07 33 07 00 00
39 07 2f 07 00 00
3d 07 30 07 00 00
3d 07 31 07 00 00
37 07 2d 07 00 00
41 07 32 07 00 00
3b 07 30 07 00 00
3a 07 2f 07 00 00
39 07 2e 07 00 00
38 07 2d 07 00 00
38 07 2c 07 00 00
37 07 2b 07 00 00
3f 07 30 07 00 00
3c 07 30 07 00 00
3b 07 2f 07 00 00
38 07 2d 07 00 00
3f 07 31 07 00 00
38 07 2e 07 00 00
3f 07 31 07 00 00
3d 07 31 07 00 00
37 07 2d 07 00 00
39 07 2d 07 00 00
38 07 2c 07 00 00
39 07 2d 07 00 00
3b 07 2e 07 00 00
3a 07 2e 07 00 00
Notifications stopped.
--- 10
Notifications started.
57 07 4d 07 00 00
5a 07 4d 07 00 00
5b 07 4e 07 00 00
5b 07 4e 07 00 00
5b 07 4e 07 00 00
57 07 4c 07 00 00
59 07 4c 07 00 00
58 07 4c 07 00 00
58 07 4c 07 00 00
5d 07 4f 07 00 00
5b 07 4f 07 00 00
5c 07 4f 07 00 00
59 07 4e 07 00 00
5b 07 4e 07 00 00
5e 07 50 07 00 00
5e 07 51 07 00 00
5b 07 50 07 00 00
5a 07 4f 07 00 00
5f 07 51 07 00 00
5d 07 51 07 00 00
5d 07 51 07 00 00
61 07 53 07 00 00
5f 07 53 07 00 00
5e 07 52 07 00 00
61 07 54 07 00 00
5f 07 53 07 00 00
5b 07 50 07 00 00
5a 07 4f 07 00 00
5e 07 51 07 00 00
5f 07 52 07 00 00
60 07 53 07 00 00
5a 07 50 07 00 00
5c 07 50 07 00 00
5f 07 52 07 00 00
5d 07 51 07 00 00
5b 07 50 07 00 00
5f 07 52 07 00 00
5c 07 51 07 00 00
5b 07 50 07 00 00
59 07 4e 07 00 00
5a 07 4e 07 00 00
5b 07 4e 07 00 00
5b 07 4e 07 00 00
60 07 51 07 00 00
5e 07 51 07 00 00
5d 07 51 07 00 00
61 07 53 07 00 00
5b 07 50 07 00 00
5d 07 50 07 00 00
5a 07 4f 07 00 00
5f 07 51 07 00 00
5f 07 52 07 00 00
5a 07 4f 07 00 00
5e 07 51 07 00 00
5d 07 51 07 00 00
5d 07 51 07 00 00
59 07 4e 07 00 00
59 07 4d 07 00 00
5e 07 50 07 00 00
5c 07 50 07 00 00
5d 07 50 07 00 00
5d 07 50 07 00 00
59 07 4e 07 00 00
59 07 4d 07 00 00
57 07 4c 07 00 00
5a 07 4d 07 00 00
5c 07 4f 07 00 00
5d 07 50 07 00 00
61 07 53 07 00 00
60 07 53 07 00 00
64 07 56 07 00 00
61 07 55 07 00 00
61 07 55 07 00 00
68 07 59 07 00 00
60 07 56 07 00 00
5c 07 52 07 00 00
63 07 55 07 00 00
60 07 54 07 00 00
5a 07 50 07 00 00
62 07 53 07 00 00
5d 07 52 07 00 00
5f 07 52 07 00 00
61 07 54 07 00 00
62 07 55 07 00 00
63 07 56 07 00 00
5b 07 52 07 00 00
5c 07 51 07 00 00
61 07 53 07 00 00
5d 07 52 07 00 00
63 07 55 07 00 00
5c 07 52 07 00 00
5e 07 52 07 00 00
60 07 53 07 00 00
5f 07 53 07 00 00
63 07 55 07 00 00
5b 07 51 07 00 00
61 07 53 07 00 00
5d 07 52 07 00 00
5e 07 52 07 00 00
63 07 55 07 00 00
5f 07 54 07 00 00
65 07 57 07 00 00
61 07 56 07 00 00
5e 07 53 07 00 00
5f 07 53 07 00 00
61 07 54 07 00 00
60 07 54 07 00 00
64 07 56 07 00 00
Notifications stopped.
--- 11
Notifications started.
73 07 68 07 00 00
74 07 68 07 00 00
75 07 68 07 00 00
79 07 6b 07 00 00
77 07 6b 07 00 00
7a 07 6d 07 00 00
78 07 6c 07 00 00
73 07 69 07 00 00
77 07 6a 07 00 00
78 07 6b 07 00 00
77 07 6b 07 00 00
79 07 6c 07 00 00
79 07 6c 07 00 00
7b 07 6e 07 00 00
7c 07 6f 07 00 00
79 07 6e 07 00 00
77 07 6c 07 00 00
7c 07 6e 07 00 00
7c 07 6f 07 00 00
80 07 72 07 00 00
79 07 6f 07 00 00
81 07 72 07 00 00
7a 07 6f 07 00 00
7e 07 71 07 00 00
7d 07 71 07 00 00
7b 07 70 07 00 00
7b 07 6f 07 00 00
79 07 6e 07 00 00
7a 07 6e 07 00 00
85 07 74 07 00 00
7e 07 73 07 00 00
7e 07 72 07 00 00
7d 07 71 07 00 00
80 07 73 07 00 00
7e 07 72 07 00 00
7e 07 72 07 00 00
80 07 73 07 00 00
83 07 75 07 00 00
7f 07 74 07 00 00
83 07 76 07 00 00
7e 07 73 07 00 00
81 07 74 07 00 00
7f 07 73 07 00 00
7f 07 73 07 00 00
7f 07 73 07 00 00
7e 07 72 07 00 00
7e 07 72 07 00 00
7d 07 71 07 00 00
81 07 73 07 00 00
81 07 74 07 00 00
7f 07 73 07 00 00
82 07 75 07 00 00
81 07 75 07 00 00
81 07 75 07 00 00
83 07 76 07 00 00
7e 07 73 07 00 00
82 07 75 07 00 00
7d 07 72 07 00 00
84 07 75 07 00 00
84 07 77 07 00 00
84 07 77 07 00 00
7e 07 74 07 00 00
83 07 76 07 00 00
83 07 76 07 00 00
81 07 75 07 00 00
7f 07 74 07 00 00
81 07 74 07 00 00
85 07 77 07 00 00
7f 07 74 07 00 00
84 07 76 07 00 00
86 07 78 07 00 00
83 07 77 07 00 00
7e 07 74 07 00 00
7e 07 73 07 00 00
7f 07 73 07 00 00
7a 07 70 07 00 00
7b 07 6f 07 00 00
7e 07 71 07 00 00
7f 07 72 07 00 00
7c 07 71 07 00 00
80 07 73 07 00 00
7d 07 72 07 00 00
7f 07 72 07 00 00
7c 07 71 07 00 00
7b 07 70 07 00 00
7e 07 71 07 00 00
7d 07 71 07 00 00
7a 07 6f 07 00 00
80 07 72 07 00 00
7d 07 71 07 00 00
80 07 73 07 00 00
7f 07 73 07 00 00
7e 07 72 07 00 00
7d 07 71 07 00 00
7e 07 71 07 00 00
7c 07 70 07 00 00
80 07 72 07 00 00
81 07 74 07 00 00
82 07 75 07 00 00
7e 07 73 07 00 00
81 07 74 07 00 00
7d 07 72 07 00 00
7d 07 71 07 00 00
81 07 73 07 00 00
7f 07 73 07 00 00
7c 07 71 07 00 00
7f 07 72 07 00 00
7f 07 72 07 00 00
81 07 74 07 00 00
7e 07 73 07 00 00
7c 07 71 07 00 00
7d 07 71 07 00 00
7f 07 72 07 00 00
7e 07 72 07 00 00
7d 07 71 07 00 00
7e 07 71 07 00 00
81 07 73 07 00 00
7e 07 72 07 00 00
78 07 6e 07 00 00
7d 07 70 07 00 00
81 07 73 07 00 00
7f 07 73 07 00 00
Notifications stopped.
--- 12
Notifications started.
8d 07 81 07 00 00
8d 07 81 07 00 00
8c 07 80 07 00 00
8e 07 81 07 00 00
8f 07 82 07 00 00
8d 07 81 07 00 00
92 07 84 07 00 00
90 07 84 07 00 00
90 07 84 07 00 00
8e 07 82 07 00 00
8b 07 80 07 00 00
8e 07 81 07 00 00
8c 07 80 07 00 00
90 07 82 07 00 00
8f 07 82 07 00 00
8c 07 80 07 00 00
8f 07 81 07 00 00
8f 07 82 07 00 00
91 07 83 07 00 00
8d 07 81 07 00 00
8a 07 7f 07 00 00
92 07 83 07 00 00
8d 07 81 07 00 00
92 07 84 07 00 00
8d 07 82 07 00 00
8a 07 7f 07 00 00
8b 07 7f 07 00 00
8e 07 80 07 00 00
90 07 82 07 00 00
8b 07 80 07 00 00
8c 07 80 07 00 00
8a 07 7e 07 00 00
8a 07 7e 07 00 00
8b 07 7e 07 00 00
8e 07 80 07 00 00
8d 07 80 07 00 00
8c 07 80 07 00 00
8f 07 81 07 00 00
90 07 82 07 00 00
8f 07 82 07 00 00
8d 07 81 07 00 00
90 07 82 07 00 00
92 07 84 07 00 00
90 07 84 07 00 00
8f 07 83 07 00 00
93 07 85 07 00 00
90 07 84 07 00 00
8c 07 81 07 00 00
8c 07 80 07 00 00
91 07 83 07 00 00
92 07 84 07 00 00
8f 07 83 07 00 00
8c 07 81 07 00 00
8e 07 81 07 00 00
8f 07 82 07 00 00
90 07 83 07 00 00
91 07 84 07 00 00
91 07 84 07 00 00
95 07 87 07 00 00
90 07 85 07 00 00
90 07 84 07 00 00
95 07 87 07 00 00
92 07 86 07 00 00
8f 07 84 07 00 00
91 07 84 07 00 00
91 07 84 07 00 00
91 07 84 07 00 00
94 07 86 07 00 00
91 07 85 07 00 00
94 07 86 07 00 00
95 07 87 07 00 00
95 07 88 07 00 00
96 07 89 07 00 00
9a 07 8c 07 00 00
98 07 8c 07 00 00
97 07 8b 07 00 00
95 07 89 07 00 00
95 07 89 07 00 00
97 07 8a 07 00 00
9a 07 8c 07 00 00
9a 07 8d 07 00 00
99 07 8d 07 00 00
99 07 8d 07 00 00
9c 07 8e 07 00 00
9e 07 90 07 00 00
96 07 8c 07 00 00
97 07 8b 07 00 00
9a 07 8c 07 00 00
9a 07 8d 07 00 00
95 07 8a 07 00 00
96 07 8a 07 00 00
9b 07 8d 07 00 00
9b 07 8e 07 00 00
9a 07 8e 07 00 00
95 07 8b 07 00 00
9a 07 8c 07 00 00
9a 07 8d 07 00 00
96 07 8b 07 00 00
98 07 8b 07 00 00
95 07 89 07 00 00
94 07 88 07 00 00
96 07 89 07 00 00
96 07 89 07 00 00
99 07 8b 07 00 00
9d 07 8e 07 00 00
9e 07 90 07 00 00
9d 07 90 07 00 00
9e 07 91 07 00 00
a0 07 92 07 00 00
9d 07 91 07 00 00
9d 07 91 07 00 00
9c 07 90 07 00 00
9f 07 91 07 00 00
9f 07 92 07 00 00
9a 07 8f 07 00 00
9d 07 90 07 00 00
9e 07 91 07 00 00
9e 07 91 07 00 00
9d 07 91 07 00 00
9e 07 91 07 00 00
a0 07 92 07 00 00
a5 07 96 07 00 00
a0 07 94 07 00 00
9f 07 93 07 00 00
a1 07 94 07 00 00
9f 07 93 07 00 00
9b 07 90 07 00 00
9e 07 91 07 00 00
a0 07 92 07 00 00
9c 07 90 07 00 00
9e 07 91 07 00 00
9d 07 91 07 00 00
a0 07 92 07 00 00
9c 07 90 07 00 00
9c 07 90 07 00 00
9b 07 8f 07 00 00
98 07 8d 07 00 00
9b 07 8e 07 00 00
9c 07 8f 07 00 00
99 07 8d 07 00 00
97 07 8b 07 00 00
99 07 8c 07 00 00
Notifications stopped.
--- 13
Notifications started.
9a 07 8f 07 00 00
9c 07 8f 07 00 00
a0 07 92 07 00 00
9d 07 91 07 00 00
9c 07 90 07 00 00
9d 07 90 07 00 00
9d 07 90 07 00 00
9d 07 90 07 00 00
9e 07 91 07 00 00
9d 07 91 07 00 00
9e 07 91 07 00 00
9c 07 90 07 00 00
99 07 8e 07 00 00
9b 07 8e 07 00 00
9b 07 8e 07 00 00
9b 07 8e 07 00 00
9b 07 8e 07 00 00
9e 07 90 07 00 00
9c 07 90 07 00 00
9f 07 91 07 00 00
a0 07 92 07 00 00
9e 07 92 07 00 00
9c 07 90 07 00 00
99 07 8e 07 00 00
9a 07 8e 07 00 00
9c 07 8f 07 00 00
9f 07 91 07 00 00
a0 07 92 07 00 00
9e 07 92 07 00 00
9f 07 92 07 00 00
9f 07 92 07 00 00
9b 07 90 07 00 00
9b 07 8f 07 00 00
9c 07 8f 07 00 00
9b 07 8f 07 00 00
9d 07 90 07 00 00
a0 07 92 07 00 00
9f 07 92 07 00 00
a1 07 93 07 00 00
a2 07 94 07 00 00
9c 07 91 07 00 00
9e 07 91 07 00 00
9f 07 92 07 00 00
9e 07 92 07 00 00
a2 07 94 07 00 00
9f 07 93 07 00 00
a0 07 93 07 00 00
a0 07 93 07 00 00
9e 07 92 07 00 00
a1 07 93 07 00 00
a1 07 94 07 00 00
9d 07 92 07 00 00
a0 07 93 07 00 00
a2 07 94 07 00 00
a3 07 95 07 00 00
a5 07 97 07 00 00
a2 07 96 07 00 00
a0 07 94 07 00 00
a0 07 94 07 00 00
9e 07 92 07 00 00
a1 07 93 07 00 00
a3 07 95 07 00 00
9c 07 92 07 00 00
a0 07 93 07 00 00
9c 07 91 07 00 00
a1 07 93 07 00 00
a1 07 94 07 00 00
9e 07 92 07 00 00
9f 07 92 07 00 00
9d 07 91 07 00 00
9f 07 92 07 00 00
9f 07 92 07 00 00
9e 07 92 07 00 00
9d 07 91 07 00 00
9d 07 91 07 00 00
a0 07 92 07 00 00
9c 07 90 07 00 00
a1 07 93 07 00 00
a0 07 93 07 00 00
9e 07 92 07 00 00
a0 07 93 07 00 00
a3 07 95 07 00 00
a3 07 96 07 00 00
a2 07 96 07 00 00
a1 07 95 07 00 00
a3 07 96 07 00 00
9e 07 93 07 00 00
9f 07 93 07 00 00
a4 07 96 07 00 00
9f 07 94 07 00 00
a3 07 95 07 00 00
a3 07 96 07 00 00
a0 07 94 07 00 00
a3 07 95 07 00 00
a4 07 96 07 00 00
a1 07 95 07 00 00
a3 07 96 07 00 00
a6 07 98 07 00 00
a7 07 99 07 00 00
a3 07 97 07 00 00
a6 07 98 07 00 00
a4 07 98 07 00 00
a4 07 98 07 00 00
9f 07 95 07 00 00
9d 07 92 07 00 00
9f 07 92 07 00 00
a1 07 93 07 00 00
a3 07 95 07 00 00
a0 07 94 07 00 00
a3 07 95 07 00 00
9f 07 93 07 00 00
a1 07 94 07 00 00
9f 07 93 07 00 00
9f 07 93 07 00 00
a0 07 93 07 00 00
9f 07 93 07 00 00
9d 07 91 07 00 00
9d 07 91 07 00 00
9d 07 91 07 00 00
9d 07 91 07 00 00
9e 07 91 07 00 00
9c 07 90 07 00 00
a1 07 93 07 00 00
9f 07 93 07 00 00
9d 07 91 07 00 00
a1 07 93 07 00 00
a1 07 94 07 00 00
Notifications stopped.
--- 14
Notifications started.
c3 07 b4 07 00 00
bb 07 b0 07 00 00
bf 07 b1 07 00 00
c4 07 b5 07 00 00
c3 07 b6 07 00 00
c2 07 b5 07 00 00
c7 07 b8 07 00 00
c1 07 b6 07 00 00
c4 07 b7 07 00 00
c5 07 b8 07 00 00
c9 07 ba 07 00 00
c8 07 bb 07 00 00
ca 07 bc 07 00 00
c8 07 bb 07 00 00
c6 07 ba 07 00 00
c9 07 bb 07 00 00
c7 07 ba 07 00 00
ca 07 bc 07 00 00
ca 07 bd 07 00 00
d0 07 c1 07 00 00
ce 07 c1 07 00 00
cf 07 c2 07 00 00
d0 07 c3 07 00 00
ce 07 c2 07 00 00
ce 07 c1 07 00 00
d1 07 c3 07 00 00
ce 07 c2 07 00 00
d0 07 c3 07 00 00
d6 07 c7 07 00 00
d7 07 c9 07 00 00
d5 07 c8 07 00 00
d3 07 c7 07 00 00
d0 07 c5 07 00 00
d4 07 c6 07 00 00
cd 07 c2 07 00 00
cf 07 c2 07 00 00
d1 07 c3 07 00 00
d2 07 c4 07 00 00
d6 07 c7 07 00 00
d5 07 c8 07 00 00
d1 07 c6 07 00 00
d4 07 c7 07 00 00
d0 07 c5 07 00 00
d1 07 c4 07 00 00
d3 07 c5 07 00 00
cf 07 c3 07 00 00
cd 07 c1 07 00 00
ce 07 c1 07 00 00
cc 07 c0 07 00 00
cb 07 bf 07 00 00
cc 07 bf 07 00 00
d2 07 c3 07 00 00
c9 07 bf 07 00 00
cb 07 be 07 00 00
ca 07 bd 07 00 00
ca 07 bd 07 00 00
c9 07 bc 07 00 00
c8 07 bb 07 00 00
c3 07 b8 07 00 00
c5 07 b8 07 00 00
c5 07 b8 07 00 00
c7 07 b9 07 00 00
c5 07 b8 07 00 00
c4 07 b7 07 00 00
c1 07 b5 07 00 00
c1 07 b4 07 00 00
c0 07 b3 07 00 00
c0 07 b3 07 00 00
c2 07 b4 07 00 00
c5 07 b6 07 00 00
c2 07 b5 07 00 00
c0 07 b4 07 00 00
be 07 b2 07 00 00
bd 07 b1 07 00 00
ba 07 af 07 00 00
c1 07 b2 07 00 00
be 07 b1 07 00 00
bb 07 af 07 00 00
bb 07 ae 07 00 00
ba 07 ad 07 00 00
b7 07 ab 07 00 00
b7 07 ab 07 00 00
b8 07 ab 07 00 00
b9 07 ac 07 00 00
bc 07 ae 07 00 00
b7 07 ac 07 00 00
bd 07 ae 07 00 00
ba 07 ad 07 00 00
b9 07 ac 07 00 00
bd 07 ae 07 00 00
ba 07 ad 07 00 00
bb 07 ae 07 00 00
bc 07 af 07 00 00
b6 07 ac 07 00 00
b9 07 ac 07 00 00
b8 07 ac 07 00 00
b5 07 aa 07 00 00
b9 07 ab 07 00 00
b6 07 aa 07 00 00
b7 07 aa 07 00 00
b6 07 aa 07 00 00
b8 07 ab 07 00 00
b8 07 ab 07 00 00
b6 07 aa 07 00 00
b6 07 aa 07 00 00
b5 07 a9 07 00 00
b5 07 a9 07 00 00
b0 07 a6 07 00 00
b6 07 a8 07 00 00
b6 07 a9 07 00 00
b5 07 a9 07 00 00
b3 07 a7 07 00 00
bc 07 ac 07 00 00
b2 07 a8 07 00 00
b0 07 a5 07 00 00
b3 07 a6 07 00 00
b2 07 a6 07 00 00
ae 07 a3 07 00 00
b0 07 a3 07 00 00
b0 07 a3 07 00 00
b4 07 a6 07 00 00
b0 07 a4 07 00 00
ae 07 a2 07 00 00
b3 07 a5 07 00 00
b3 07 a6 07 00 00
af 07 a4 07 00 00
Notifications stopped.
--- 15
Notifications started.
bc 07 ad 07 00 00
b5 07 aa 07 00 00
b9 07 ab 07 00 00
b9 07 ac 07 00 00
b9 07 ac 07 00 00
b9 07 ac 07 00 00
b6 07 aa 07 00 00
b7 07 aa 07 00 00
b6 07 aa 07 00 00
b7 07 aa 07 00 00
b8 07 ab 07 00 00
b5 07 a9 07 00 00
b5 07 a9 07 00 00
b6 07 a9 07 00 00
b6 07 a9 07 00 00
ba 07 ac 07 00 00
b7 07 ab 07 00 00
b6 07 aa 07 00 00
b5 07 a9 07 00 00
ba 07 ac 07 00 00
b2 07 a8 07 00 00
b3 07 a7 07 00 00
b4 07 a7 07 00 00
b7 07 a9 07 00 00
b8 07 aa 07 00 00
bb 07 ac 07 00 00
b8 07 ac 07 00 00
b5 07 aa 07 00 00
b3 07 a8 07 00 00
b5 07 a8 07 00 00
b3 07 a7 07 00 00
ba 07 ab 07 00 00
b9 07 ac 07 00 00
b8 07 ac 07 00 00
ba 07 ad 07 00 00
b7 07 ab 07 00 00
b4 07 a9 07 00 00
b5 07 a9 07 00 00
b5 07 a9 07 00 00
bb 07 ac 07 00 00
b4 07 a9 07 00 00
b5 07 a9 07 00 00
b5 07 a9 07 00 00
b3 07 a7 07 00 00
b4 07 a7 07 00 00
b3 07 a7 07 00 00
b3 07 a7 07 00 00
b8 07 aa 07 00 00
b4 07 a8 07 00 00
b3 07 a7 07 00 00
b7 07 a9 07 00 00
b5 07 a9 07 00 00
b9 07 ab 07 00 00
b6 07 aa 07 00 00
b3 07 a8 07 00 00
b6 07 a9 07 00 00
b6 07 a9 07 00 00
b3 07 a7 07 00 00
b2 07 a6 07 00 00
b5 07 a7 07 00 00
b2 07 a6 07 00 00
b3 07 a6 07 00 00
b4 07 a7 07 00 00
b6 07 a8 07 00 00
b7 07 a9 07 00 00
b7 07 aa 07 00 00
b1 07 a7 07 00 00
b4 07 a7 07 00 00
b8 07 aa 07 00 00
b5 07 a9 07 00 00
b3 07 a7 07 00 00
b4 07 a7 07 00 00
b6 07 a8 07 00 00
b9 07 ab 07 00 00
b7 07 ab 07 00 00
b6 07 aa 07 00 00
b8 07 ab 07 00 00
b9 07 ac 07 00 00
b4 07 a9 07 00 00
b9 07 ab 07 00 00
b8 07 ab 07 00 00
b4 07 a9 07 00 00
b4 07 a8 07 00 00
bb 07 ac 07 00 00
b6 07 aa 07 00 00
b4 07 a8 07 00 00
ba 07 ab 07 00 00
ba 07 ac 07 00 00
bb 07 ad 07 00 00
b9 07 ac 07 00 00
b5 07 aa 07 00 00
bb 07 ac 07 00 00
bd 07 ae 07 00 00
b9 07 ad 07 00 00
b7 07 ab 07 00 00
b6 07 aa 07 00 00
bb 07 ac 07 00 00
b6 07 aa 07 00 00
b6 07 aa 07 00 00
b9 07 ab 07 00 00
b7 07 ab 07 00 00
b7 07 ab 07 00 00
ba 07 ac 07 00 00
b9 07 ac 07 00 00
b9 07 ac 07 00 00
b5 07 aa 07 00 00
b7 07 aa 07 00 00
b5 07 a9 07 00 00
b9 07 ab 07 00 00
b7 07 ab 07 00 00
b4 07 a9 07 00 00
b4 07 a8 07 00 00
b4 07 a8 07 00 00
b2 07 a6 07 00 00
b4 07 a7 07 00 00
b5 07 a8 07 00 00
bb 07 ac 07 00 00
b6 07 aa 07 00 00
bb 07 ac 07 00 00
ba 07 ad 07 00 00
b5 07 aa 07 00 00
Notifications stopped.
--- 16
Notifications started.
bf 07 b3 07 00 00
be 07 b2 07 00 00
ba 07 af 07 00 00
ba 07 ae 07 00 00
bf 07 b0 07 00 00
bd 07 b0 07 00 00
bb 07 af 07 00 00
ba 07 ae 07 00 00
bd 07 af 07 00 00
ba 07 ae 07 00 00
bd 07 af 07 00 00
bc 07 af 07 00 00
bd 07 b0 07 00 00
bf 07 b1 07 00 00
bc 07 b0 07 00 00
b9 07 ae 07 00 00
ba 07 ad 07 00 00
bb 07 ae 07 00 00
bf 07 b0 07 00 00
ba 07 ae 07 00 00
b9 07 ad 07 00 00
b9 07 ac 07 00 00
bc 07 ae 07 00 00
bc 07 af 07 00 00
bd 07 b0 07 00 00
bd 07 b0 07 00 00
bb 07 af 07 00 00
bf 07 b1 07 00 00
bb 07 af 07 00 00
b8 07 ad 07 00 00
b9 07 ac 07 00 00
b6 07 aa 07 00 00
ba 07 ac 07 00 00
b8 07 ac 07 00 00
b8 07 ac 07 00 00
b9 07 ac 07 00 00
b6 07 aa 07 00 00
b6 07 aa 07 00 00
bc 07 ad 07 00 00
ba 07 ad 07 00 00
bb 07 ae 07 00 00
bb 07 ae 07 00 00
b9 07 ad 07 00 00
b7 07 ab 07 00 00
be 07 af 07 00 00
be 07 b0 07 00 00
bb 07 af 07 00 00
bd 07 b0 07 00 00
bb 07 af 07 00 00
b8 07 ad 07 00 00
b9 07 ac 07 00 00
bb 07 ad 07 00 00
b8 07 ac 07 00 00
bc 07 ae 07 00 00
b9 07 ad 07 00 00
bc 07 ae 07 00 00
ba 07 ad 07 00 00
b7 07 ab 07 00 00
bd 07 ae 07 00 00
ba 07 ad 07 00 00
be 07 af 07 00 00
bb 07 ae 07 00 00
ba 07 ad 07 00 00
bf 07 b0 07 00 00
b9 07 ae 07 00 00
ba 07 ad 07 00 00
be 07 af 07 00 00
bc 07 af 07 00 00
bc 07 af 07 00 00
ba 07 ae 07 00 00
bc 07 af 07 00 00
bc 07 af 07 00 00
be 07 b0 07 00 00
c3 07 b4 07 00 00
be 07 b2 07 00 00
ba 07 af 07 00 00
be 07 b0 07 00 00
be 07 b1 07 00 00
c1 07 b3 07 00 00
c0 07 b3 07 00 00
ba 07 af 07 00 00
ba 07 ae 07 00 00
bc 07 af 07 00 00
bb 07 ae 07 00 00
c0 07 b1 07 00 00
c0 07 b2 07 00 00
be 07 b1 07 00 00
bf 07 b2 07 00 00
bd 07 b1 07 00 00
bd 07 b0 07 00 00
ba 07 ae 07 00 00
b9 07 ad 07 00 00
bc 07 ae 07 00 00
bf 07 b0 07 00 00
bb 07 af 07 00 00
c1 07 b2 07 00 00
ba 07 af 07 00 00
be 07 b0 07 00 00
ba 07 ae 07 00 00
b7 07 ac 07 00 00
b9 07 ac 07 00 00
be 07 af 07 00 00
bb 07 ae 07 00 00
bc 07 af 07 00 00
bf 07 b1 07 00 00
c0 07 b2 07 00 00
bf 07 b2 07 00 00
be 07 b1 07 00 00
bf 07 b2 07 00 00
b9 07 ae 07 00 00
be 07 b0 07 00 00
bc 07 af 07 00 00
b9 07 ad 07 00 00
bd 07 af 07 00 00
bc 07 af 07 00 00
b9 07 ad 07 00 00
bd 07 af 07 00 00
b9 07 ad 07 00 00
b7 07 ab 07 00 00
b7 07 ab 07 00 00
b8 07 ab 07 00 00
b6 07 aa 07 00 00
b9 07 ab 07 00 00
b5 07 a9 07 00 00
Notifications stopped.
--- 17
Notifications started.
ba 07 ad 07 00 00
bc 07 ae 07 00 00
bd 07 af 07 00 00
b9 07 ad 07 00 00
bc 07 ae 07 00 00
bd 07 af 07 00 00
be 07 b0 07 00 00
bb 07 af 07 00 00
bb 07 ae 07 00 00
c1 07 b2 07 00 00
bf 07 b2 07 00 00
bb 07 b0 07 00 00
ba 07 ae 07 00 00
ba 07 ad 07 00 00
b7 07 ab 07 00 00
be 07 af 07 00 00
bb 07 ae 07 00 00
bc 07 af 07 00 00
bf 07 b1 07 00 00
bd 07 b0 07 00 00
bd 07 b0 07 00 00
bf 07 b1 07 00 00
bd 07 b0 07 00 00
bf 07 b1 07 00 00
c8 07 b7 07 00 00
bc 07 b2 07 00 00
be 07 b1 07 00 00
c5 07 b5 07 00 00
c2 07 b5 07 00 00
c4 07 b6 07 00 00
bf 07 b4 07 00 00
bf 07 b3 07 00 00
c0 07 b3 07 00 00
c1 07 b4 07 00 00
c3 07 b5 07 00 00
c1 07 b4 07 00 00
c4 07 b6 07 00 00
c2 07 b5 07 00 00
c2 07 b5 07 00 00
be 07 b3 07 00 00
c1 07 b4 07 00 00
c1 07 b4 07 00 00
c5 07 b6 07 00 00
c2 07 b5 07 00 00
c4 07 b6 07 00 00
c4 07 b7 07 00 00
c3 07 b6 07 00 00
c3 07 b6 07 00 00
c2 07 b5 07 00 00
c7 07 b8 07 00 00
c6 07 b9 07 00 00
c7 07 ba 07 00 00
c6 07 b9 07 00 00
c6 07 b9 07 00 00
c9 07 bb 07 00 00
c3 07 b8 07 00 00
c0 07 b5 07 00 00
c4 07 b6 07 00 00
c4 07 b7 07 00 00
c3 07 b6 07 00 00
c6 07 b8 07 00 00
c6 07 b9 07 00 00
c1 07 b6 07 00 00
c8 07 b9 07 00 00
c5 07 b8 07 00 00
c2 07 b6 07 00 00
c6 07 b8 07 00 00
c6 07 b9 07 00 00
c6 07 b9 07 00 00
c5 07 b8 07 00 00
c2 07 b6 07 00 00
c4 07 b7 07 00 00
c1 07 b5 07 00 00
c3 07 b6 07 00 00
c7 07 b8 07 00 00
c9 07 ba 07 00 00
c4 07 b8 07 00 00
c7 07 b9 07 00 00
c7 07 ba 07 00 00
c7 07 ba 07 00 00
c3 07 b8 07 00 00
c2 07 b6 07 00 00
c4 07 b7 07 00 00
c6 07 b8 07 00 00
c8 07 ba 07 00 00
c3 07 b8 07 00 00
cb 07 bc 07 00 00
c9 07 bc 07 00 00
ce 07 bf 07 00 00
cb 07 be 07 00 00
d0 07 c1 07 00 00
d3 07 c4 07 00 00
cd 07 c2 07 00 00
d0 07 c3 07 00 00
ce 07 c2 07 00 00
cf 07 c2 07 00 00
d4 07 c5 07 00 00
d2 07 c5 07 00 00
d6 07 c7 07 00 00
d2 07 c6 07 00 00
d6 07 c8 07 00 00
d8 07 ca 07 00 00
dc 07 cd 07 00 00
d7 07 cb 07 00 00
d8 07 cb 07 00 00
de 07 cf 07 00 00
dd 07 d0 07 00 00
dd 07 d0 07 00 00
da 07 ce 07 00 00
de 07 d0 07 00 00
Notifications stopped.
--- 18
Notifications started.
e3 07 d7 07 00 00
e7 07 d9 07 00 00
e6 07 d9 07 00 00
e3 07 d7 07 00 00
e5 07 d8 07 00 00
e4 07 d7 07 00 00
e1 07 d5 07 00 00
df 07 d3 07 00 00
e4 07 d5 07 00 00
e4 07 d6 07 00 00
e5 07 d7 07 00 00
e4 07 d7 07 00 00
e3 07 d6 07 00 00
e5 07 d7 07 00 00
e5 07 d8 07 00 00
e4 07 d7 07 00 00
e1 07 d5 07 00 00
e4 07 d6 07 00 00
e3 07 d6 07 00 00
e0 07 d4 07 00 00
ea 07 d9 07 00 00
e1 07 d6 07 00 00
e3 07 d6 07 00 00
e3 07 d6 07 00 00
e5 07 d7 07 00 00
e8 07 d9 07 00 00
e2 07 d7 07 00 00
e3 07 d6 07 00 00
e3 07 d6 07 00 00
e7 07 d8 07 00 00
e9 07 da 07 00 00
e7 07 da 07 00 00
e3 07 d8 07 00 00
e9 07 da 07 00 00
e4 07 d8 07 00 00
e6 07 d9 07 00 00
e9 07 db 07 00 00
e4 07 d9 07 00 00
e7 07 da 07 00 00
e4 07 d8 07 00 00
e4 07 d7 07 00 00
e4 07 d7 07 00 00
e5 07 d8 07 00 00
e8 07 da 07 00 00
e4 07 d8 07 00 00
e4 07 d7 07 00 00
e4 07 d7 07 00 00
e8 07 d9 07 00 00
e4 07 d8 07 00 00
e2 07 d6 07 00 00
e4 07 d7 07 00 00
e5 07 d8 07 00 00
e5 07 d8 07 00 00
e6 07 d9 07 00 00
e1 07 d6 07 00 00
e1 07 d5 07 00 00
e1 07 d4 07 00 00
de 07 d2 07 00 00
de 07 d1 07 00 00
df 07 d2 07 00 00
e0 07 d3 07 00 00
dd 07 d1 07 00 00
df 07 d2 07 00 00
e1 07 d3 07 00 00
e1 07 d4 07 00 00
de 07 d2 07 00 00
e1 07 d3 07 00 00
e4 07 d5 07 00 00
e4 07 d6 07 00 00
e6 07 d8 07 00 00
e2 07 d6 07 00 00
e7 07 d8 07 00 00
e0 07 d5 07 00 00
e2 07 d5 07 00 00
de 07 d3 07 00 00
dd 07 d1 07 00 00
e3 07 d4 07 00 00
e0 07 d3 07 00 00
dd 07 d1 07 00 00
db 07 cf 07 00 00
dc 07 cf 07 00 00
dd 07 d0 07 00 00
db 07 cf 07 00 00
dc 07 cf 07 00 00
de 07 d0 07 00 00
db 07 cf 07 00 00
de 07 d0 07 00 00
df 07 d1 07 00 00
dc 07 d0 07 00 00
dc 07 cf 07 00 00
da 07 ce 07 00 00
da 07 cd 07 00 00
da 07 cd 07 00 00
d5 07 ca 07 00 00
d8 07 cb 07 00 00
d9 07 cc 07 00 00
d4 07 c9 07 00 00
d4 07 c8 07 00 00
da 07 cb 07 00 00
d8 07 cb 07 00 00
d4 07 c9 07 00 00
d3 07 c7 07 00 00
d5 07 c8 07 00 00
d6 07 c9 07 00 00
d4 07 c8 07 00 00
d7 07 c9 07 00 00
d2 07 c7 07 00 00
d4 07 c7 07 00 00
cf 07 c4 07 00 00
d5 07 c6 07 00 00
d2 07 c5 07 00 00
cf 07 c3 07 00 00
d1 07 c4 07 00 00
cb 07 c0 07 00 00
d1 07 c2 07 00 00
cd 07 c1 07 00 00
d3 07 c4 07 00 00
d0 07 c3 07 00 00
d1 07 c4 07 00 00
ce 07 c2 07 00 00
d0 07 c3 07 00 00
d3 07 c5 07 00 00
d4 07 c6 07 00 00
d1 07 c5 07 00 00
d3 07 c6 07 00 00
d5 07 c7 07 00 00
d1 07 c5 07 00 00
d2 07 c5 07 00 00
d3 07 c6 07 00 00
d3 07 c6 07 00 00
d5 07 c7 07 00 00
d3 07 c6 07 00 00
d6 07 c8 07 00 00
d2 07 c6 07 00 00
ce 07 c3 07 00 00
d0 07 c3 07 00 00
d1 07 c4 07 00 00
d0 07 c3 07 00 00
cf 07 c2 07 00 00
cd 07 c1 07 00 00
cf 07 c2 07 00 00
ce 07 c1 07 00 00
d4 07 c5 07 00 00
cd 07 c2 07 00 00
d3 07 c4 07 00 00
d0 07 c3 07 00 00
cf 07 c2 07 00 00
cf 07 c2 07 00 00
ce 07 c1 07 00 00
ce 07 c1 07 00 00
cc 07 c0 07 00 00
d1 07 c2 07 00 00
d0 07 c3 07 00 00
d2 07 c4 07 00 00
d1 07 c4 07 00 00
d4 07 c6 07 00 00
d0 07 c4 07 00 00
d2 07 c5 07 00 00
cd 07 c2 07 00 00
ce 07 c1 07 00 00
d2 07 c3 07 00 00
d6 07 c7 07 00 00
cf 07 c4 07 00 00
cf 07 c3 07 00 00
d2 07 c4 07 00 00
cd 07 c2 07 00 00
cf 07 c2 07 00 00
Notifications stopped.
--- 19
Notifications started.
d0 07 c1 07 00 00
d1 07 c3 07 00 00
cb 07 c0 07 00 00
cd 07 c0 07 00 00
cb 07 bf 07 00 00
cb 07 be 07 00 00
c9 07 bd 07 00 00
c8 07 bc 07 00 00
ce 07 bf 07 00 00
cb 07 be 07 00 00
cc 07 bf 07 00 00
cd 07 c0 07 00 00
ce 07 c1 07 00 00
d0 07 c2 07 00 00
ce 07 c1 07 00 00
cc 07 c0 07 00 00
cd 07 c0 07 00 00
d2 07 c3 07 00 00
ce 07 c2 07 00 00
ce 07 c1 07 00 00
ce 07 c1 07 00 00
cc 07 c0 07 00 00
cd 07 c0 07 00 00
c7 07 bc 07 00 00
ca 07 bd 07 00 00
d0 07 c1 07 00 00
ce 07 c1 07 00 00
d1 07 c3 07 00 00
cb 07 c0 07 00 00
ce 07 c1 07 00 00
cd 07 c0 07 00 00
cb 07 bf 07 00 00
d0 07 c1 07 00 00
cf 07 c2 07 00 00
ce 07 c1 07 00 00
cd 07 c0 07 00 00
cd 07 c0 07 00 00
cd 07 c0 07 00 00
cf 07 c1 07 00 00
cc 07 c0 07 00 00
cd 07 c0 07 00 00
ce 07 c1 07 00 00
ca 07 bf 07 00 00
cd 07 c0 07 00 00
cb 07 bf 07 00 00
cc 07 bf 07 00 00
cb 07 be 07 00 00
cb 07 be 07 00 00
cd 07 bf 07 00 00
ca 07 be 07 00 00
cb 07 be 07 00 00
cc 07 bf 07 00 00
cd 07 c0 07 00 00
cd 07 c0 07 00 00
cd 07 c0 07 00 00
cb 07 bf 07 00 00
ca 07 be 07 00 00
ca 07 bd 07 00 00
cc 07 be 07 00 00
cb 07 be 07 00 00
cb 07 be 07 00 00
cb 07 be 07 00 00
ce 07 c0 07 00 00
d0 07 c2 07 00 00
d0 07 c3 07 00 00
cf 07 c2 07 00 00
d1 07 c3 07 00 00
cd 07 c1 07 00 00
cd 07 c0 07 00 00
ce 07 c1 07 00 00
cf 07 c2 07 00 00
cf 07 c2 07 00 00
cf 07 c2 07 00 00
cf 07 c2 07 00 00
cc 07 c0 07 00 00
cf 07 c1 07 00 00
d2 07 c3 07 00 00
cf 07 c2 07 00 00
cf 07 c2 07 00 00
d5 07 c6 07 00 00
d1 07 c5 07 00 00
cf 07 c3 07 00 00
d0 07 c3 07 00 00
d4 07 c5 07 00 00
d5 07 c7 07 00 00
d5 07 c8 07 00 00
d0 07 c5 07 00 00
cf 07 c3 07 00 00
d1 07 c4 07 00 00
d1 07 c4 07 00 00
d3 07 c5 07 00 00
d3 07 c6 07 00 00
d6 07 c8 07 00 00
d5 07 c8 07 00 00
d5 07 c8 07 00 00
d7 07 c9 07 00 00
d6 07 c9 07 00 00
db 07 cc 07 00 00
d7 07 cb 07 00 00
dd 07 ce 07 00 00
db 07 ce 07 00 00
da 07 cd 07 00 00
db 07 ce 07 00 00
db 07 ce 07 00 00
d7 07 cc 07 00 00
dd 07 ce 07 00 00
dd 07 cf 07 00 00
db 07 ce 07 00 00
dc 07 cf 07 00 00
da 07 ce 07 00 00
d8 07 cc 07 00 00
dd 07 ce 07 00 00
da 07 cd 07 00 00
d7 07 cb 07 00 00
d8 07 cb 07 00 00
dc 07 cd 07 00 00
d5 07 ca 07 00 00
d8 07 cb 07 00 00
d7 07 ca 07 00 00
db 07 cc 07 00 00
dd 07 ce 07 00 00
de 07 d0 07 00 00
d8 07 cd 07 00 00
db 07 ce 07 00 00
dd 07 cf 07 00 00
d8 07 cd 07 00 00
d6 07 cb 07 00 00
d6 07 ca 07 00 00
d8 07 cb 07 00 00
da 07 cc 07 00 00
d6 07 ca 07 00 00
d6 07 c9 07 00 00
d8 07 ca 07 00 00
d5 07 c9 07 00 00
d4 07 c8 07 00 00
d1 07 c6 07 00 00
d2 07 c5 07 00 00
d7 07 c8 07 00 00
d5 07 c8 07 00 00
d5 07 c8 07 00 00
d3 07 c7 07 00 00
d4 07 c7 07 00 00
d3 07 c6 07 00 00
d7 07 c8 07 00 00
d5 07 c8 07 00 00
d5 07 c8 07 00 00
d6 07 c9 07 00 00
d5 07 c8 07 00 00
d6 07 c9 07 00 00
d8 07 ca 07 00 00
d8 07 cb 07 00 00
d8 07 cb 07 00 00
d8 07 cb 07 00 00
d8 07 cb 07 00 00
d6 07 ca 07 00 00
de 07 ce 07 00 00
d6 07 cb 07 00 00
d9 07 cc 07 00 00
d6 07 ca 07 00 00
d5 07 c9 07 00 00
Notifications stopped.
--- 20
Notifications started.
d0 07 c3 07 00 00
cf 07 c2 07 00 00
d4 07 c5 07 00 00
d1 07 c4 07 00 00
d5 07 c6 07 00 00
d2 07 c5 07 00 00
d6 07 c7 07 00 00
d2 07 c6 07 00 00
d7 07 c8 07 00 00
d5 07 c8 07 00 00
d5 07 c8 07 00 00
d4 07 c7 07 00 00
d4 07 c7 07 00 00
d7 07 c9 07 00 00
d1 07 c6 07 00 00
d4 07 c7 07 00 00
d1 07 c5 07 00 00
d1 07 c4 07 00 00
d2 07 c5 07 00 00
d0 07 c4 07 00 00
d2 07 c5 07 00 00
d4 07 c6 07 00 00
d7 07 c8 07 00 00
d1 07 c6 07 00 00
d4 07 c7 07 00 00
d2 07 c6 07 00 00
d0 07 c4 07 00 00
ce 07 c2 07 00 00
d3 07 c4 07 00 00
cf 07 c3 07 00 00
d3 07 c5 07 00 00
d3 07 c6 07 00 00
d1 07 c5 07 00 00
cd 07 c2 07 00 00
d0 07 c3 07 00 00
cf 07 c2 07 00 00
d0 07 c3 07 00 00
ce 07 c2 07 00 00
d2 07 c4 07 00 00
ce 07 c2 07 00 00
cc 07 c0 07 00 00
d2 07 c3 07 00 00
cc 07 c1 07 00 00
cb 07 bf 07 00 00
cf 07 c1 07 00 00
cd 07 c0 07 00 00
ce 07 c1 07 00 00
d0 07 c2 07 00 00
ce 07 c1 07 00 00
cd 07 c0 07 00 00
d1 07 c2 07 00 00
d0 07 c3 07 00 00
d0 07 c3 07 00 00
cd 07 c1 07 00 00
d0 07 c2 07 00 00
cc 07 c0 07 00 00
cd 07 c0 07 00 00
cc 07 bf 07 00 00
d5 07 c4 07 00 00
cd 07 c2 07 00 00
cd 07 c1 07 00 00
cd 07 c0 07 00 00
cf 07 c1 07 00 00
cd 07 c0 07 00 00
d5 07 c5 07 00 00
d1 07 c4 07 00 00
ce 07 c2 07 00 00
cf 07 c2 07 00 00
cc 07 c0 07 00 00
d0 07 c2 07 00 00
d1 07 c3 07 00 00
d3 07 c5 07 00 00
d0 07 c4 07 00 00
cf 07 c3 07 00 00
d1 07 c4 07 00 00
d0 07 c3 07 00 00
d6 07 c7 07 00 00
d2 07 c6 07 00 00
d5 07 c7 07 00 00
d1 07 c5 07 00 00
d5 07 c7 07 00 00
d4 07 c7 07 00 00
d0 07 c5 07 00 00
d1 07 c4 07 00 00
d5 07 c6 07 00 00
d3 07 c6 07 00 00
d3 07 c6 07 00 00
d4 07 c7 07 00 00
d3 07 c6 07 00 00
cd 07 c2 07 00 00
d1 07 c3 07 00 00
d3 07 c5 07 00 00
d1 07 c4 07 00 00
d2 07 c5 07 00 00
d4 07 c6 07 00 00
d2 07 c5 07 00 00
d5 07 c7 07 00 00
d6 07 c8 07 00 00
d3 07 c7 07 00 00
d3 07 c6 07 00 00
cf 07 c4 07 00 00
d3 07 c5 07 00 00
d0 07 c4 07 00 00
d0 07 c3 07 00 00
d0 07 c3 07 00 00
cc 07 c1 07 00 00
cd 07 c0 07 00 00
cf 07 c1 07 00 00
d5 07 c5 07 00 00
d2 07 c5 07 00 00
cf 07 c3 07 00 00
cf 07 c2 07 00 00
cd 07 c1 07 00 00
ca 07 bf 07 00 00
ce 07 c0 07 00 00
cc 07 bf 07 00 00
cc 07 bf 07 00 00
cb 07 be 07 00 00
cb 07 be 07 00 00
c9 07 bd 07 00 00
ca 07 bd 07 00 00
cc 07 be 07 00 00
cd 07 bf 07 00 00
ca 07 be 07 00 00
ce 07 c0 07 00 00
cc 07 bf 07 00 00
cd 07 c0 07 00 00
cf 07 c1 07 00 00
cb 07 bf 07 00 00
ca 07 be 07 00 00
cf 07 c0 07 00 00
d1 07 c2 07 00 00
Notifications stopped.
--- 21
Notifications started.
cf 07 c3 07 00 00
d3 07 c5 07 00 00
cf 07 c3 07 00 00
d1 07 c4 07 00 00
cd 07 c2 07 00 00
d1 07 c3 07 00 00
ce 07 c2 07 00 00
d4 07 c5 07 00 00
cf 07 c3 07 00 00
d1 07 c4 07 00 00
d1 07 c4 07 00 00
ce 07 c2 07 00 00
d1 07 c3 07 00 00
d7 07 c7 07 00 00
d5 07 c8 07 00 00
cc 07 c3 07 00 00
cc 07 c1 07 00 00
ce 07 c1 07 00 00
cd 07 c0 07 00 00
cf 07 c1 07 00 00
cc 07 c0 07 00 00
d0 07 c2 07 00 00
ce 07 c1 07 00 00
cb 07 bf 07 00 00
cc 07 bf 07 00 00
cd 07 c0 07 00 00
d2 07 c3 07 00 00
d1 07 c4 07 00 00
d1 07 c4 07 00 00
ce 07 c2 07 00 00
d0 07 c3 07 00 00
d3 07 c5 07 00 00
cf 07 c3 07 00 00
cf 07 c2 07 00 00
d0 07 c3 07 00 00
d2 07 c4 07 00 00
d1 07 c4 07 00 00
d2 07 c5 07 00 00
d3 07 c6 07 00 00
d1 07 c5 07 00 00
d0 07 c4 07 00 00
d1 07 c4 07 00 00
d0 07 c3 07 00 00
cf 07 c2 07 00 00
cf 07 c2 07 00 00
d3 07 c4 07 00 00
cf 07 c3 07 00 00
d2 07 c4 07 00 00
d2 07 c5 07 00 00
d4 07 c6 07 00 00
d2 07 c5 07 00 00
d1 07 c4 07 00 00
cd 07 c2 07 00 00
cf 07 c2 07 00 00
ce 07 c1 07 00 00
d0 07 c2 07 00 00
d1 07 c3 07 00 00
d7 07 c7 07 00 00
d8 07 c9 07 00 00
cf 07 c5 07 00 00
d2 07 c5 07 00 00
d6 07 c7 07 00 00
d2 07 c6 07 00 00
d7 07 c8 07 00 00
d4 07 c7 07 00 00
d3 07 c6 07 00 00
d5 07 c7 07 00 00
d3 07 c6 07 00 00
d5 07 c7 07 00 00
d8 07 c9 07 00 00
d2 07 c7 07 00 00
d3 07 c6 07 00 00
d0 07 c4 07 00 00
d3 07 c5 07 00 00
d3 07 c6 07 00 00
d3 07 c6 07 00 00
d5 07 c7 07 00 00
d4 07 c7 07 00 00
d7 07 c9 07 00 00
d6 07 c9 07 00 00
d3 07 c7 07 00 00
d5 07 c8 07 00 00
da 07 cb 07 00 00
d5 07 c9 07 00 00
d5 07 c8 07 00 00
d4 07 c7 07 00 00
d6 07 c8 07 00 00
d6 07 c9 07 00 00
d4 07 c8 07 00 00
d9 07 ca 07 00 00
d7 07 ca 07 00 00
d7 07 ca 07 00 00
d7 07 ca 07 00 00
d3 07 c8 07 00 00
d8 07 ca 07 00 00
d8 07 cb 07 00 00
d6 07 ca 07 00 00
d6 07 c9 07 00 00
da 07 cb 07 00 00
db 07 cd 07 00 00
d7 07 cb 07 00 00
d8 07 cb 07 00 00
da 07 cc 07 00 00
d9 07 cc 07 00 00
d8 07 cb 07 00 00
d8 07 cb 07 00 00
da 07 cc 07 00 00
d7 07 cb 07 00 00
d5 07 c9 07 00 00
Notifications stopped.
--- 22