Notifications started.
d4 04 cc 04 1f 00
d2 04 cb 04 1f 00
cf 04 c9 04 1f 00
d0 04 c8 04 1f 00
d1 04 c9 04 1f 00
d1 04 c9 04 1f 00
ce 04 c7 04 1f 00
d0 04 c8 04 1f 00
ce 04 c7 04 1f 00
d4 04 ca 04 1f 00
d2 04 ca 04 1f 00
d1 04 c9 04 1f 00
cf 04 c8 04 1f 00
d0 04 c8 04 1f 00
d0 04 c8 04 1f 00
cf 04 c7 04 1f 00
cf 04 c7 04 1f 00
cc 04 c5 04 20 00
cf 04 c6 04 1f 00
d2 04 c8 04 1f 00
ce 04 c7 04 1f 00
cc 04 c5 04 20 00
cd 04 c5 04 20 00
cb 04 c4 04 20 00
d3 04 c8 04 1f 00
cc 04 c6 04 1f 00
ca 04 c4 04 20 00
ce 04 c5 04 20 00
d0 04 c7 04 1f 00
ce 04 c6 04 1f 00
cb 04 c4 04 20 00
ca 04 c3 04 20 00
cf 04 c5 04 20 00
cc 04 c4 04 20 00
c8 04 c2 04 20 00
c9 04 c1 04 20 00
cd 04 c3 04 20 00
cf 04 c5 04 20 00
cb 04 c4 04 20 00
cc 04 c4 04 20 00
c9 04 c2 04 20 00
c7 04 c0 04 20 00
c7 04 bf 04 20 00
cb 04 c1 04 20 00
cb 04 c2 04 20 00
ca 04 c2 04 20 00
c5 04 bf 04 20 00
cb 04 c1 04 20 00
c9 04 c1 04 20 00
c7 04 c0 04 20 00
c4 04 be 04 20 00
c9 04 c0 04 20 00
c5 04 be 04 20 00
c7 04 bf 04 20 00
ca 04 c1 04 20 00
c7 04 c0 04 20 00
c4 04 be 04 20 00
c6 04 be 04 20 00
c7 04 bf 04 20 00
c7 04 bf 04 20 00
c7 04 bf 04 20 00
c7 04 bf 04 20 00
c5 04 be 04 20 00
c5 04 bd 04 21 00
c7 04 be 04 20 00
c5 04 bd 04 21 00
c7 04 be 04 20 00
c3 04 bc 04 21 00
Notifications stopped.
--- 0
Notifications started.
cc 04 c3 04 20 00
ca 04 c2 04 20 00
c8 04 c1 04 20 00
cc 04 c3 04 20 00
cd 04 c4 04 20 00
ca 04 c3 04 20 00
ca 04 c2 04 20 00
ca 04 c2 04 20 00
cc 04 c3 04 20 00
c8 04 c1 04 20 00
ca 04 c2 04 20 00
ca 04 c2 04 20 00
c9 04 c1 04 20 00
ca 04 c2 04 20 00
cb 04 c3 04 20 00
cc 04 c4 04 20 00
c7 04 c1 04 20 00
cb 04 c2 04 20 00
cd 04 c4 04 20 00
c9 04 c2 04 20 00
cb 04 c3 04 20 00
c7 04 c1 04 20 00
ca 04 c2 04 20 00
c8 04 c1 04 20 00
c6 04 bf 04 20 00
cb 04 c1 04 20 00
cb 04 c2 04 20 00
cd 04 c4 04 20 00
cc 04 c4 04 20 00
c9 04 c2 04 20 00
cd 04 c4 04 20 00
c8 04 c2 04 20 00
cb 04 c3 04 20 00
cc 04 c4 04 20 00
c9 04 c2 04 20 00
c8 04 c1 04 20 00
c7 04 c0 04 20 00
cd 04 c3 04 20 00
cb 04 c3 04 20 00
cc 04 c4 04 20 00
c8 04 c2 04 20 00
c7 04 c0 04 20 00
c8 04 c0 04 20 00
ca 04 c1 04 20 00
c8 04 c0 04 20 00
c7 04 bf 04 20 00
c9 04 c0 04 20 00
c9 04 c1 04 20 00
c7 04 c0 04 20 00
c9 04 c1 04 20 00
cc 04 c3 04 20 00
c9 04 c2 04 20 00
cb 04 c3 04 20 00
cb 04 c3 04 20 00
ca 04 c2 04 20 00
c9 04 c1 04 20 00
cc 04 c3 04 20 00
cb 04 c3 04 20 00
c8 04 c1 04 20 00
cb 04 c2 04 20 00
cb 04 c3 04 20 00
c9 04 c2 04 20 00
c9 04 c1 04 20 00
c9 04 c1 04 20 00
ca 04 c2 04 20 00
cc 04 c3 04 20 00
cc 04 c4 04 20 00
c8 04 c2 04 20 00
cb 04 c3 04 20 00
c9 04 c2 04 20 00
ca 04 c2 04 20 00
c8 04 c1 04 20 00
c8 04 c0 04 20 00
c7 04 bf 04 20 00
c8 04 c0 04 20 00
c7 04 bf 04 20 00
cb 04 c1 04 20 00
ca 04 c2 04 20 00
cc 04 c3 04 20 00
c9 04 c2 04 20 00
cb 04 c3 04 20 00
c8 04 c1 04 20 00
c5 04 bf 04 20 00
cc 04 c2 04 20 00
cb 04 c3 04 20 00
c7 04 c1 04 20 00
cb 04 c2 04 20 00
c9 04 c1 04 20 00
c8 04 c0 04 20 00
c8 04 c0 04 20 00
c9 04 c1 04 20 00
c9 04 c1 04 20 00
c8 04 c0 04 20 00
ca 04 c1 04 20 00
c6 04 bf 04 20 00
cb 04 c1 04 20 00
c9 04 c1 04 20 00
cb 04 c2 04 20 00
cb 04 c3 04 20 00
c7 04 c1 04 20 00
ca 04 c2 04 20 00
c4 04 be 04 20 00
Notifications stopped.
--- 1
Notifications started.
df 04 d7 04 1d 00
e5 04 db 04 1d 00
e1 04 da 04 1d 00
de 04 d8 04 1d 00
e3 04 da 04 1d 00
e3 04 db 04 1d 00
e0 04 d9 04 1d 00
e0 04 d8 04 1d 00
e0 04 d8 04 1d 00
e0 04 d8 04 1d 00
e3 04 da 04 1d 00
e0 04 d9 04 1d 00
e5 04 db 04 1d 00
e2 04 da 04 1d 00
e0 04 d9 04 1d 00
e0 04 d8 04 1d 00
df 04 d7 04 1d 00
e2 04 d9 04 1d 00
e4 04 db 04 1d 00
e2 04 da 04 1d 00
e2 04 da 04 1d 00
e2 04 da 04 1d 00
e3 04 db 04 1d 00
e3 04 db 04 1d 00
dd 04 d7 04 1d 00
e2 04 d9 04 1d 00
e4 04 db 04 1d 00
e4 04 dc 04 1c 00
e5 04 dd 04 1c 00
e2 04 db 04 1d 00
df 04 d9 04 1d 00
e2 04 da 04 1d 00
e3 04 db 04 1d 00
e2 04 da 04 1d 00
e1 04 d9 04 1d 00
e3 04 da 04 1d 00
e4 04 db 04 1d 00
e4 04 dc 04 1c 00
e4 04 dc 04 1c 00
e2 04 db 04 1d 00
e4 04 dc 04 1c 00
e4 04 dc 04 1c 00
e2 04 db 04 1d 00
e3 04 db 04 1d 00
e5 04 dc 04 1c 00
e4 04 dc 04 1c 00
e5 04 dd 04 1c 00
e6 04 de 04 1c 00
e4 04 dd 04 1c 00
e5 04 dd 04 1c 00
e6 04 de 04 1c 00
e4 04 dd 04 1c 00
e2 04 db 04 1d 00
e5 04 dc 04 1c 00
e6 04 dd 04 1c 00
e5 04 dd 04 1c 00
e6 04 de 04 1c 00
e5 04 dd 04 1c 00
e4 04 dc 04 1c 00
e2 04 db 04 1d 00
e6 04 dd 04 1c 00
e3 04 dc 04 1c 00
e3 04 db 04 1d 00
e3 04 db 04 1d 00
e5 04 dc 04 1c 00
e5 04 dd 04 1c 00
e4 04 dc 04 1c 00
e5 04 dd 04 1c 00
e5 04 dd 04 1c 00
e2 04 db 04 1d 00
e4 04 dc 04 1c 00
e3 04 db 04 1d 00
e2 04 da 04 1d 00
e5 04 dc 04 1c 00
e3 04 db 04 1d 00
e3 04 db 04 1d 00
e3 04 db 04 1d 00
e3 04 db 04 1d 00
e4 04 dc 04 1c 00
e0 04 da 04 1d 00
e2 04 da 04 1d 00
e2 04 da 04 1d 00
e5 04 dc 04 1c 00
e2 04 db 04 1d 00
e7 04 dd 04 1c 00
e6 04 de 04 1c 00
e4 04 dd 04 1c 00
e3 04 dc 04 1c 00
e6 04 dd 04 1c 00
e0 04 da 04 1d 00
Notifications stopped.
--- 2
Notifications started.
f8 04 ef 04 1a 00
f7 04 ef 04 1a 00
fa 04 f1 04 1a 00
fb 04 f2 04 1a 00
fc 04 f3 04 19 00
f9 04 f2 04 1a 00
fa 04 f2 04 1a 00
fe 04 f4 04 19 00
fb 04 f3 04 19 00
f8 04 f1 04 1a 00
f9 04 f1 04 1a 00
fb 04 f2 04 1a 00
ff 04 f5 04 19 00
fd 04 f5 04 19 00
fd 04 f5 04 19 00
fe 04 f5 04 19 00
ff 04 f6 04 19 00
fe 04 f6 04 19 00
fe 04 f6 04 19 00
00 05 f7 04 19 00
01 05 f8 04 19 00
01 05 f8 04 19 00
04 05 fa 04 19 00
05 05 fc 04 18 00
00 05 f9 04 19 00
ff 04 f8 04 19 00
00 05 f8 04 19 00
ff 04 f7 04 19 00
00 05 f7 04 19 00
04 05 fa 04 19 00
01 05 f9 04 19 00
08 05 fd 04 18 00
03 05 fc 04 18 00
02 05 fb 04 18 00
02 05 fa 04 19 00
02 05 fa 04 19 00
04 05 fb 04 18 00
01 05 fa 04 19 00
04 05 fb 04 18 00
02 05 fa 04 19 00
05 05 fc 04 18 00
03 05 fb 04 18 00
01 05 fa 04 19 00
02 05 fa 04 19 00
00 05 f9 04 19 00
03 05 fa 04 19 00
01 05 f9 04 19 00
02 05 f9 04 19 00
05 05 fb 04 18 00
05 05 fc 04 18 00
06 05 fd 04 18 00
02 05 fb 04 18 00
04 05 fb 04 18 00
05 05 fc 04 18 00
05 05 fc 04 18 00
07 05 fe 04 18 00
03 05 fc 04 18 00
08 05 fe 04 18 00
06 05 fe 04 18 00
06 05 fe 04 18 00
08 05 ff 04 18 00
05 05 fe 04 18 00
08 05 ff 04 18 00
07 05 ff 04 18 00
08 05 ff 04 18 00
08 05 ff 04 18 00
04 05 fd 04 18 00
08 05 ff 04 18 00
07 05 ff 04 18 00
06 05 fe 04 18 00
06 05 fe 04 18 00
04 05 fd 04 18 00
05 05 fd 04 18 00
07 05 fe 04 18 00
05 05 fd 04 18 00
08 05 ff 04 18 00
08 05 ff 04 18 00
06 05 fe 04 18 00
06 05 fe 04 18 00
05 05 fd 04 18 00
05 05 fd 04 18 00
05 05 fd 04 18 00
06 05 fd 04 18 00
03 05 fc 04 18 00
05 05 fc 04 18 00
06 05 fd 04 18 00
06 05 fd 04 18 00
0a 05 00 05 18 00
0b 05 02 05 18 00
06 05 ff 04 18 00
04 05 fd 04 18 00
09 05 ff 04 18 00
02 05 fc 04 18 00
04 05 fc 04 18 00
06 05 fd 04 18 00
08 05 ff 04 18 00
09 05 00 05 18 00
05 05 fe 04 18 00
0a 05 00 05 18 00
06 05 ff 04 18 00
05 05 fe 04 18 00
03 05 fc 04 18 00
09 05 ff 04 18 00
08 05 ff 04 18 00
07 05 ff 04 18 00
05 05 fe 04 18 00
06 05 fe 04 18 00
09 05 00 05 18 00
05 05 fe 04 18 00
04 05 fd 04 18 00
07 05 fe 04 18 00
04 05 fd 04 18 00
04 05 fc 04 18 00
07 05 fe 04 18 00
0c 05 01 05 18 00
06 05 ff 04 18 00
03 05 fc 04 18 00
09 05 ff 04 18 00
05 05 fe 04 18 00
0b 05 01 05 18 00
07 05 00 05 18 00
08 05 00 05 18 00
07 05 ff 04 18 00
07 05 ff 04 18 00
08 05 ff 04 18 00
05 05 fe 04 18 00
05 05 fd 04 18 00
05 05 fd 04 18 00
07 05 fe 04 18 00
07 05 fe 04 18 00
08 05 ff 04 18 00
Notifications stopped.
--- 3
Notifications started.
1d 05 14 05 15 00
1c 05 14 05 15 00
1a 05 13 05 15 00
20 05 16 05 15 00
1b 05 14 05 15 00
1b 05 13 05 15 00
1c 05 13 05 15 00
19 05 12 05 16 00
1f 05 15 05 15 00
1d 05 15 05 15 00
1c 05 14 05 15 00
1c 05 14 05 15 00
1d 05 14 05 15 00
1f 05 15 05 15 00
1a 05 13 05 15 00
1e 05 15 05 15 00
1c 05 14 05 15 00
1d 05 14 05 15 00
1c 05 14 05 15 00
1d 05 14 05 15 00
1b 05 13 05 15 00
1b 05 13 05 15 00
1f 05 15 05 15 00
1e 05 15 05 15 00
1d 05 15 05 15 00
21 05 17 05 15 00
1d 05 15 05 15 00
1c 05 14 05 15 00
1d 05 14 05 15 00
1d 05 14 05 15 00
1e 05 15 05 15 00
20 05 16 05 15 00
1f 05 16 05 15 00
1d 05 15 05 15 00
20 05 16 05 15 00
1d 05 15 05 15 00
20 05 16 05 15 00
20 05 17 05 15 00
1e 05 16 05 15 00
22 05 18 05 15 00
22 05 19 05 15 00
1f 05 17 05 15 00
21 05 18 05 15 00
1e 05 16 05 15 00
21 05 17 05 15 00
1f 05 17 05 15 00
1f 05 17 05 15 00
1f 05 17 05 15 00
20 05 17 05 15 00
24 05 1a 05 15 00
22 05 1a 05 15 00
22 05 1a 05 15 00
22 05 1a 05 15 00
21 05 19 05 15 00
22 05 19 05 15 00
20 05 18 05 15 00
1d 05 16 05 15 00
20 05 17 05 15 00
20 05 17 05 15 00
1e 05 16 05 15 00
22 05 18 05 15 00
22 05 19 05 15 00
21 05 19 05 15 00
1e 05 17 05 15 00
1d 05 15 05 15 00
1f 05 16 05 15 00
23 05 19 05 15 00
1f 05 17 05 15 00
1f 05 17 05 15 00
23 05 19 05 15 00
1f 05 17 05 15 00
20 05 17 05 15 00
23 05 19 05 15 00
1f 05 17 05 15 00
1e 05 16 05 15 00
23 05 19 05 15 00
22 05 19 05 15 00
23 05 1a 05 15 00
22 05 1a 05 15 00
1e 05 17 05 15 00
1c 05 15 05 15 00
1e 05 15 05 15 00
1f 05 16 05 15 00
1e 05 16 05 15 00
23 05 19 05 15 00
1f 05 17 05 15 00
21 05 18 05 15 00
1c 05 15 05 15 00
23 05 18 05 15 00
23 05 19 05 15 00
20 05 18 05 15 00
1d 05 16 05 15 00
20 05 17 05 15 00
23 05 19 05 15 00
20 05 18 05 15 00
22 05 19 05 15 00
20 05 18 05 15 00
23 05 19 05 15 00
1e 05 17 05 15 00
22 05 18 05 15 00
1d 05 16 05 15 00
21 05 17 05 15 00
1c 05 15 05 15 00
20 05 16 05 15 00
23 05 19 05 15 00
1f 05 17 05 15 00
1d 05 15 05 15 00
20 05 16 05 15 00
1d 05 15 05 15 00
1f 05 16 05 15 00
1c 05 15 05 15 00
1f 05 16 05 15 00
20 05 17 05 15 00
21 05 18 05 15 00
20 05 18 05 15 00
21 05 18 05 15 00
20 05 18 05 15 00
1e 05 16 05 15 00
20 05 17 05 15 00
1c 05 15 05 15 00
1f 05 16 05 15 00
1d 05 15 05 15 00
21 05 17 05 15 00
23 05 19 05 15 00
20 05 18 05 15 00
21 05 18 05 15 00
1f 05 17 05 15 00
20 05 17 05 15 00
1e 05 16 05 15 00
1f 05 16 05 15 00
20 05 17 05 15 00
1e 05 16 05 15 00
20 05 17 05 15 00
21 05 18 05 15 00
1d 05 16 05 15 00
1e 05 16 05 15 00
1e 05 16 05 15 00
1e 05 16 05 15 00
1e 05 16 05 15 00
1d 05 15 05 15 00
21 05 17 05 15 00
1e 05 16 05 15 00
1c 05 15 05 15 00
1d 05 15 05 15 00
1f 05 16 05 15 00
1d 05 15 05 15 00
1e 05 15 05 15 00
21 05 17 05 15 00
1e 05 16 05 15 00
1f 05 16 05 15 00
1e 05 16 05 15 00
1f 05 16 05 15 00
1d 05 15 05 15 00
20 05 16 05 15 00
Notifications stopped.
--- 4
Notifications started.
28 05 20 05 14 00
27 05 1f 05 14 00
25 05 1d 05 14 00
27 05 1e 05 14 00
28 05 1f 05 14 00
28 05 1f 05 14 00
28 05 1f 05 14 00
2b 05 21 05 14 00
2a 05 21 05 14 00
2a 05 21 05 14 00
2c 05 22 05 14 00
2c 05 23 05 13 00
2a 05 22 05 14 00
2c 05 23 05 13 00
2a 05 22 05 14 00
2e 05 24 05 13 00
30 05 26 05 13 00
2b 05 24 05 13 00
2f 05 25 05 13 00
2e 05 25 05 13 00
2e 05 25 05 13 00
2e 05 25 05 13 00
2d 05 25 05 13 00
2f 05 26 05 13 00
2b 05 24 05 13 00
2e 05 25 05 13 00
2e 05 25 05 13 00
2f 05 26 05 13 00
2f 05 26 05 13 00
31 05 27 05 13 00
2d 05 25 05 13 00
2f 05 26 05 13 00
2f 05 26 05 13 00
31 05 27 05 13 00
31 05 28 05 13 00
2f 05 27 05 13 00
33 05 29 05 13 00
2d 05 26 05 13 00
30 05 27 05 13 00
31 05 28 05 13 00
2f 05 27 05 13 00
2f 05 27 05 13 00
30 05 27 05 13 00
2e 05 26 05 13 00
30 05 27 05 13 00
31 05 28 05 13 00
32 05 29 05 13 00
32 05 29 05 13 00
34 05 2a 05 13 00
31 05 29 05 13 00
2e 05 27 05 13 00
31 05 28 05 13 00
31 05 28 05 13 00
32 05 29 05 13 00
31 05 29 05 13 00
33 05 2a 05 13 00
34 05 2b 05 12 00
31 05 29 05 13 00
33 05 2a 05 13 00
32 05 2a 05 13 00
31 05 29 05 13 00
32 05 29 05 13 00
31 05 29 05 13 00
31 05 29 05 13 00
33 05 2a 05 13 00
37 05 2d 05 12 00
32 05 2b 05 12 00
34 05 2b 05 12 00
34 05 2b 05 12 00
30 05 29 05 13 00
34 05 2a 05 13 00
31 05 29 05 13 00
38 05 2d 05 12 00
36 05 2d 05 12 00
32 05 2b 05 12 00
32 05 2a 05 13 00
33 05 2a 05 13 00
34 05 2b 05 12 00
33 05 2b 05 12 00
34 05 2b 05 12 00
32 05 2a 05 13 00
39 05 2e 05 12 00
33 05 2c 05 12 00
32 05 2a 05 13 00
32 05 2a 05 13 00
35 05 2b 05 12 00
37 05 2d 05 12 00
33 05 2b 05 12 00
36 05 2c 05 12 00
36 05 2d 05 12 00
32 05 2b 05 12 00
35 05 2c 05 12 00
35 05 2c 05 12 00
35 05 2c 05 12 00
36 05 2d 05 12 00
34 05 2c 05 12 00
37 05 2d 05 12 00
33 05 2b 05 12 00
34 05 2b 05 12 00
33 05 2b 05 12 00
32 05 2a 05 13 00
35 05 2b 05 12 00
34 05 2b 05 12 00
33 05 2b 05 12 00
31 05 29 05 13 00
33 05 2a 05 13 00
32 05 2a 05 13 00
34 05 2b 05 12 00
37 05 2d 05 12 00
34 05 2c 05 12 00
33 05 2b 05 12 00
32 05 2a 05 13 00
33 05 2a 05 13 00
35 05 2b 05 12 00
38 05 2e 05 12 00
33 05 2c 05 12 00
33 05 2b 05 12 00
32 05 2a 05 13 00
2e 05 27 05 13 00
32 05 28 05 13 00
32 05 29 05 13 00
2f 05 27 05 13 00
34 05 2a 05 13 00
35 05 2b 05 12 00
35 05 2c 05 12 00
33 05 2b 05 12 00
31 05 29 05 13 00
33 05 2a 05 13 00
33 05 2a 05 13 00
34 05 2b 05 12 00
37 05 2d 05 12 00
30 05 2a 05 13 00
32 05 2a 05 13 00
37 05 2d 05 12 00
32 05 2b 05 12 00
30 05 29 05 13 00
32 05 29 05 13 00
32 05 29 05 13 00
33 05 2a 05 13 00
36 05 2c 05 12 00
34 05 2c 05 12 00
34 05 2c 05 12 00
35 05 2c 05 12 00
36 05 2d 05 12 00
36 05 2d 05 12 00
30 05 2a 05 13 00
35 05 2b 05 12 00
33 05 2b 05 12 00
37 05 2d 05 12 00
33 05 2b 05 12 00
32 05 2a 05 13 00
33 05 2a 05 13 00
34 05 2b 05 12 00
33 05 2b 05 12 00
32 05 2a 05 13 00
37 05 2d 05 12 00
34 05 2c 05 12 00
35 05 2c 05 12 00
37 05 2d 05 12 00
31 05 2a 05 13 00
35 05 2b 05 12 00
36 05 2c 05 12 00
34 05 2c 05 12 00
31 05 2a 05 13 00
36 05 2c 05 12 00
38 05 2e 05 12 00
3a 05 30 05 12 00
37 05 2f 05 12 00
36 05 2e 05 12 00
39 05 2f 05 12 00
37 05 2f 05 12 00
38 05 2f 05 12 00
36 05 2e 05 12 00
36 05 2e 05 12 00
38 05 2f 05 12 00
38 05 2f 05 12 00
37 05 2f 05 12 00
33 05 2c 05 12 00
37 05 2d 05 12 00
36 05 2d 05 12 00
37 05 2e 05 12 00
36 05 2e 05 12 00
36 05 2e 05 12 00
33 05 2c 05 12 00
33 05 2b 05 12 00
37 05 2d 05 12 00
35 05 2d 05 12 00
36 05 2d 05 12 00
38 05 2e 05 12 00
35 05 2d 05 12 00
38 05 2e 05 12 00
34 05 2c 05 12 00
34 05 2c 05 12 00
31 05 2a 05 13 00
33 05 2a 05 13 00
36 05 2c 05 12 00
3a 05 2f 05 12 00
34 05 2d 05 12 00
36 05 2d 05 12 00
39 05 2f 05 12 00
36 05 2e 05 12 00
37 05 2e 05 12 00
38 05 2f 05 12 00
35 05 2d 05 12 00
36 05 2d 05 12 00
3b 05 30 05 12 00
35 05 2e 05 12 00
34 05 2c 05 12 00
33 05 2b 05 12 00
Notifications stopped.
--- 5
Notifications started.
42 05 39 05 11 00
43 05 3a 05 11 00
41 05 39 05 11 00
43 05 3a 05 11 00
40 05 38 05 11 00
43 05 39 05 11 00
43 05 3a 05 11 00
43 05 3a 05 11 00
44 05 3b 05 11 00
43 05 3b 05 11 00
46 05 3c 05 10 00
44 05 3c 05 10 00
43 05 3b 05 11 00
45 05 3c 05 10 00
46 05 3d 05 10 00
45 05 3d 05 10 00
42 05 3b 05 11 00
43 05 3b 05 11 00
45 05 3c 05 10 00
42 05 3a 05 11 00
43 05 3a 05 11 00
44 05 3b 05 11 00
44 05 3b 05 11 00
40 05 39 05 11 00
42 05 39 05 11 00
44 05 3a 05 11 00
41 05 39 05 11 00
46 05 3c 05 10 00
42 05 3a 05 11 00
47 05 3d 05 10 00
48 05 3e 05 10 00
46 05 3e 05 10 00
44 05 3c 05 10 00
44 05 3c 05 10 00
42 05 3a 05 11 00
40 05 38 05 11 00
42 05 39 05 11 00
42 05 39 05 11 00
43 05 3a 05 11 00
45 05 3b 05 11 00
44 05 3b 05 11 00
46 05 3c 05 10 00
44 05 3c 05 10 00
44 05 3c 05 10 00
43 05 3b 05 11 00
47 05 3d 05 10 00
43 05 3b 05 11 00
43 05 3b 05 11 00
46 05 3c 05 10 00
46 05 3d 05 10 00
47 05 3e 05 10 00
46 05 3e 05 10 00
4b 05 41 05 10 00
46 05 3f 05 10 00
45 05 3d 05 10 00
43 05 3b 05 11 00
45 05 3c 05 10 00
45 05 3c 05 10 00
46 05 3d 05 10 00
45 05 3d 05 10 00
46 05 3d 05 10 00
45 05 3d 05 10 00
46 05 3d 05 10 00
46 05 3d 05 10 00
49 05 3f 05 10 00
47 05 3f 05 10 00
47 05 3f 05 10 00
49 05 40 05 10 00
4c 05 42 05 10 00
48 05 40 05 10 00
47 05 3f 05 10 00
41 05 3b 05 11 00
43 05 3b 05 11 00
46 05 3c 05 10 00
44 05 3c 05 10 00
44 05 3c 05 10 00
44 05 3c 05 10 00
45 05 3c 05 10 00
46 05 3d 05 10 00
45 05 3d 05 10 00
49 05 3f 05 10 00
45 05 3d 05 10 00
45 05 3d 05 10 00
46 05 3d 05 10 00
48 05 3e 05 10 00
46 05 3e 05 10 00
43 05 3c 05 10 00
45 05 3c 05 10 00
4a 05 3f 05 10 00
47 05 3f 05 10 00
49 05 40 05 10 00
44 05 3d 05 10 00
48 05 3e 05 10 00
48 05 3f 05 10 00
45 05 3d 05 10 00
49 05 3f 05 10 00
46 05 3e 05 10 00
4a 05 40 05 10 00
4a 05 41 05 10 00
4b 05 42 05 10 00
49 05 41 05 10 00
46 05 3f 05 10 00
4b 05 41 05 10 00
48 05 40 05 10 00
46 05 3e 05 10 00
4a 05 40 05 10 00
47 05 3f 05 10 00
4a 05 40 05 10 00
4a 05 41 05 10 00
4a 05 41 05 10 00
49 05 41 05 10 00
48 05 40 05 10 00
49 05 40 05 10 00
4a 05 41 05 10 00
46 05 3f 05 10 00
44 05 3d 05 10 00
47 05 3e 05 10 00
48 05 3f 05 10 00
47 05 3f 05 10 00
46 05 3e 05 10 00
45 05 3d 05 10 00
48 05 3e 05 10 00
4a 05 40 05 10 00
4b 05 41 05 10 00
49 05 41 05 10 00
48 05 40 05 10 00
4a 05 41 05 10 00
4b 05 42 05 10 00
49 05 41 05 10 00
4b 05 42 05 10 00
47 05 40 05 10 00
48 05 40 05 10 00
49 05 40 05 10 00
49 05 40 05 10 00
4b 05 41 05 10 00
4a 05 41 05 10 00
48 05 40 05 10 00
4b 05 41 05 10 00
49 05 41 05 10 00
48 05 40 05 10 00
47 05 3f 05 10 00
49 05 40 05 10 00
4a 05 41 05 10 00
49 05 41 05 10 00
4a 05 41 05 10 00
Notifications stopped.
--- 6
Notifications started.
50 05 49 05 0f 00
54 05 4a 05 0f 00
52 05 49 05 0f 00
4f 05 47 05 0f 00
50 05 47 05 0f 00
51 05 48 05 0f 00
4f 05 47 05 0f 00
4f 05 47 05 0f 00
50 05 47 05 0f 00
51 05 48 05 0f 00
51 05 48 05 0f 00
54 05 4a 05 0f 00
55 05 4b 05 0f 00
51 05 49 05 0f 00
52 05 49 05 0f 00
52 05 49 05 0f 00
52 05 49 05 0f 00
53 05 4a 05 0f 00
52 05 49 05 0f 00
53 05 4a 05 0f 00
52 05 49 05 0f 00
55 05 4b 05 0f 00
51 05 49 05 0f 00
53 05 4a 05 0f 00
53 05 4a 05 0f 00
53 05 4a 05 0f 00
53 05 4a 05 0f 00
55 05 4b 05 0f 00
53 05 4a 05 0f 00
4f 05 48 05 0f 00
54 05 4a 05 0f 00
54 05 4b 05 0f 00
51 05 49 05 0f 00
54 05 4a 05 0f 00
55 05 4b 05 0f 00
56 05 4c 05 0f 00
54 05 4b 05 0f 00
53 05 4a 05 0f 00
52 05 49 05 0f 00
56 05 4b 05 0f 00
56 05 4c 05 0f 00
53 05 4b 05 0f 00
57 05 4d 05 0f 00
55 05 4c 05 0f 00
58 05 4e 05 0e 00
5a 05 50 05 0e 00
59 05 50 05 0e 00
57 05 4f 05 0e 00
54 05 4d 05 0f 00
55 05 4c 05 0f 00
53 05 4b 05 0f 00
56 05 4c 05 0f 00
54 05 4b 05 0f 00
58 05 4d 05 0f 00
56 05 4d 05 0f 00
54 05 4c 05 0f 00
57 05 4d 05 0f 00
55 05 4c 05 0f 00
59 05 4e 05 0e 00
56 05 4d 05 0f 00
53 05 4b 05 0f 00
56 05 4c 05 0f 00
56 05 4d 05 0f 00
55 05 4c 05 0f 00
55 05 4c 05 0f 00
55 05 4c 05 0f 00
56 05 4d 05 0f 00
55 05 4c 05 0f 00
55 05 4c 05 0f 00
55 05 4c 05 0f 00
57 05 4d 05 0f 00
58 05 4e 05 0e 00
59 05 4f 05 0e 00
57 05 4e 05 0e 00
58 05 4f 05 0e 00
57 05 4e 05 0e 00
59 05 4f 05 0e 00
58 05 4f 05 0e 00
59 05 50 05 0e 00
57 05 4f 05 0e 00
53 05 4c 05 0f 00
53 05 4b 05 0f 00
59 05 4e 05 0e 00
5a 05 50 05 0e 00
57 05 4f 05 0e 00
5a 05 50 05 0e 00
5a 05 51 05 0e 00
5a 05 51 05 0e 00
5a 05 51 05 0e 00
58 05 50 05 0e 00
56 05 4e 05 0e 00
57 05 4e 05 0e 00
5a 05 50 05 0e 00
5a 05 51 05 0e 00
58 05 50 05 0e 00
58 05 4f 05 0e 00
59 05 50 05 0e 00
57 05 4f 05 0e 00
5a 05 50 05 0e 00
57 05 4f 05 0e 00
58 05 4f 05 0e 00
58 05 4f 05 0e 00
5a 05 50 05 0e 00
57 05 4f 05 0e 00
56 05 4e 05 0e 00
5b 05 50 05 0e 00
5a 05 51 05 0e 00
58 05 50 05 0e 00
55 05 4e 05 0e 00
5a 05 50 05 0e 00
57 05 4f 05 0e 00
58 05 4f 05 0e 00
59 05 50 05 0e 00
59 05 50 05 0e 00
5a 05 51 05 0e 00
5a 05 51 05 0e 00
5a 05 51 05 0e 00
57 05 4f 05 0e 00
5a 05 50 05 0e 00
56 05 4e 05 0e 00
5a 05 50 05 0e 00
59 05 50 05 0e 00
5a 05 51 05 0e 00
5b 05 52 05 0e 00
59 05 51 05 0e 00
59 05 50 05 0e 00
5b 05 51 05 0e 00
57 05 4f 05 0e 00
59 05 50 05 0e 00
56 05 4e 05 0e 00
58 05 4f 05 0e 00
5a 05 50 05 0e 00
5b 05 51 05 0e 00
59 05 50 05 0e 00
58 05 4f 05 0e 00
58 05 4f 05 0e 00
59 05 50 05 0e 00
57 05 4f 05 0e 00
54 05 4d 05 0f 00
55 05 4c 05 0f 00
59 05 4e 05 0e 00
5d 05 52 05 0e 00
59 05 51 05 0e 00
5b 05 52 05 0e 00
59 05 51 05 0e 00
57 05 4f 05 0e 00
5a 05 50 05 0e 00
Notifications stopped.
--- 7
Notifications started.
6d 05 64 05 0c 00
6e 05 65 05 0c 00
6a 05 63 05 0c 00
6c 05 63 05 0c 00
6c 05 63 05 0c 00
6b 05 62 05 0c 00
6c 05 63 05 0c 00
71 05 66 05 0c 00
6d 05 65 05 0c 00
6f 05 66 05 0c 00
6e 05 65 05 0c 00
6e 05 65 05 0c 00
6f 05 66 05 0c 00
6e 05 65 05 0c 00
6c 05 64 05 0c 00
70 05 66 05 0c 00
6e 05 65 05 0c 00
70 05 66 05 0c 00
71 05 67 05 0c 00
6e 05 66 05 0c 00
6f 05 66 05 0c 00
70 05 67 05 0c 00
6f 05 66 05 0c 00
6d 05 65 05 0c 00
6d 05 64 05 0c 00
6e 05 65 05 0c 00
70 05 66 05 0c 00
6f 05 66 05 0c 00
6f 05 66 05 0c 00
73 05 68 05 0b 00
70 05 67 05 0c 00
6e 05 66 05 0c 00
6b 05 64 05 0c 00
6f 05 65 05 0c 00
70 05 66 05 0c 00
6e 05 65 05 0c 00
6f 05 66 05 0c 00
70 05 67 05 0c 00
70 05 67 05 0c 00
72 05 68 05 0b 00
70 05 67 05 0c 00
72 05 68 05 0b 00
73 05 69 05 0b 00
6e 05 67 05 0c 00
6c 05 65 05 0c 00
72 05 67 05 0c 00
6f 05 66 05 0c 00
6d 05 65 05 0c 00
70 05 66 05 0c 00
70 05 67 05 0c 00
6f 05 66 05 0c 00
71 05 67 05 0c 00
71 05 68 05 0b 00
70 05 67 05 0c 00
6e 05 66 05 0c 00
74 05 69 05 0b 00
71 05 68 05 0b 00
73 05 69 05 0b 00
75 05 6b 05 0b 00
71 05 69 05 0b 00
73 05 6a 05 0b 00
74 05 6b 05 0b 00
73 05 6a 05 0b 00
74 05 6b 05 0b 00
71 05 69 05 0b 00
73 05 6a 05 0b 00
73 05 6a 05 0b 00
74 05 6b 05 0b 00
71 05 69 05 0b 00
72 05 69 05 0b 00
73 05 6a 05 0b 00
71 05 69 05 0b 00
71 05 68 05 0b 00
70 05 67 05 0c 00
71 05 68 05 0b 00
73 05 69 05 0b 00
74 05 6a 05 0b 00
72 05 69 05 0b 00
72 05 69 05 0b 00
74 05 6a 05 0b 00
71 05 69 05 0b 00
6f 05 67 05 0c 00
71 05 68 05 0b 00
71 05 68 05 0b 00
71 05 68 05 0b 00
70 05 67 05 0c 00
73 05 69 05 0b 00
6e 05 67 05 0c 00
70 05 67 05 0c 00
70 05 67 05 0c 00
6d 05 65 05 0c 00
70 05 66 05 0c 00
6e 05 65 05 0c 00
72 05 67 05 0c 00
71 05 68 05 0b 00
74 05 6a 05 0b 00
72 05 69 05 0b 00
74 05 6a 05 0b 00
73 05 6a 05 0b 00
72 05 69 05 0b 00
70 05 68 05 0b 00
72 05 69 05 0b 00
6f 05 67 05 0c 00
72 05 68 05 0b 00
71 05 68 05 0b 00
73 05 69 05 0b 00
72 05 69 05 0b 00
70 05 68 05 0b 00
74 05 6a 05 0b 00
72 05 69 05 0b 00
6f 05 67 05 0c 00
72 05 68 05 0b 00
73 05 69 05 0b 00
76 05 6b 05 0b 00
70 05 69 05 0b 00
72 05 69 05 0b 00
70 05 68 05 0b 00
73 05 69 05 0b 00
73 05 6a 05 0b 00
72 05 69 05 0b 00
70 05 68 05 0b 00
73 05 69 05 0b 00
72 05 69 05 0b 00
73 05 6a 05 0b 00
70 05 68 05 0b 00
72 05 69 05 0b 00
73 05 6a 05 0b 00
71 05 69 05 0b 00
74 05 6a 05 0b 00
74 05 6b 05 0b 00
71 05 69 05 0b 00
70 05 68 05 0b 00
71 05 68 05 0b 00
71 05 68 05 0b 00
71 05 68 05 0b 00
73 05 69 05 0b 00
72 05 69 05 0b 00
71 05 68 05 0b 00
73 05 69 05 0b 00
71 05 68 05 0b 00
73 05 69 05 0b 00
Notifications stopped.
--- 8
Notifications started.
96 05 8d 05 07 00
99 05 8f 05 07 00
97 05 8e 05 07 00
98 05 8e 05 07 00
94 05 8c 05 08 00
99 05 8e 05 07 00
97 05 8e 05 07 00
97 05 8e 05 07 00
96 05 8d 05 07 00
9a 05 8f 05 07 00
96 05 8e 05 07 00
99 05 8f 05 07 00
95 05 8d 05 07 00
9a 05 8f 05 07 00
9c 05 91 05 07 00
9a 05 91 05 07 00
98 05 90 05 07 00
9b 05 91 05 07 00
9a 05 91 05 07 00
9d 05 93 05 07 00
98 05 90 05 07 00
96 05 8e 05 07 00
97 05 8e 05 07 00
97 05 8e 05 07 00
96 05 8d 05 07 00
98 05 8e 05 07 00
99 05 8f 05 07 00
99 05 8f 05 07 00
97 05 8e 05 07 00
99 05 8f 05 07 00
9a 05 90 05 07 00
99 05 90 05 07 00
97 05 8f 05 07 00
9b 05 91 05 07 00
9d 05 93 05 07 00
9b 05 92 05 07 00
99 05 91 05 07 00
9b 05 91 05 07 00
9b 05 91 05 07 00
9e 05 93 05 07 00
9a 05 92 05 07 00
9d 05 93 05 07 00
99 05 91 05 07 00
a0 05 94 05 07 00
9e 05 94 05 07 00
a1 05 96 05 07 00
9d 05 95 05 07 00
9e 05 95 05 07 00
9d 05 94 05 07 00
9d 05 94 05 07 00
9d 05 94 05 07 00
9c 05 93 05 07 00
a0 05 95 05 07 00
9f 05 95 05 07 00
a3 05 98 05 06 00
a0 05 97 05 06 00
a4 05 99 05 06 00
a1 05 98 05 06 00
9f 05 97 05 06 00
a0 05 97 05 06 00
a1 05 97 05 06 00
9f 05 96 05 07 00
a0 05 96 05 07 00
a0 05 96 05 07 00
a2 05 98 05 06 00
a2 05 98 05 06 00
a1 05 98 05 06 00
a2 05 98 05 06 00
9f 05 97 05 06 00
a3 05 99 05 06 00
a1 05 98 05 06 00
a0 05 97 05 06 00
9f 05 96 05 07 00
a0 05 96 05 07 00
a1 05 97 05 06 00
a0 05 97 05 06 00
9d 05 95 05 07 00
9f 05 95 05 07 00
a0 05 96 05 07 00
9d 05 95 05 07 00
9d 05 94 05 07 00
9e 05 94 05 07 00
9d 05 94 05 07 00
9e 05 94 05 07 00
9f 05 95 05 07 00
9e 05 95 05 07 00
9e 05 95 05 07 00
9f 05 95 05 07 00
9c 05 94 05 07 00
a0 05 96 05 07 00
a3 05 98 05 06 00
a1 05 98 05 06 00
9f 05 97 05 06 00
a3 05 99 05 06 00
9e 05 96 05 07 00
9e 05 95 05 07 00
a4 05 98 05 06 00
9f 05 97 05 06 00
9d 05 95 05 07 00
a3 05 98 05 06 00
a2 05 98 05 06 00
a1 05 98 05 06 00
9c 05 95 05 07 00
a2 05 97 05 06 00
a1 05 97 05 06 00
9f 05 96 05 07 00
a3 05 98 05 06 00
9f 05 97 05 06 00
a0 05 97 05 06 00
a0 05 97 05 06 00
a1 05 97 05 06 00
a6 05 9a 05 06 00
a2 05 99 05 06 00
a3 05 99 05 06 00
a2 05 99 05 06 00
a3 05 99 05 06 00
a5 05 9b 05 06 00
a6 05 9c 05 06 00
a3 05 9b 05 06 00
a6 05 9c 05 06 00
a7 05 9d 05 06 00
a4 05 9c 05 06 00
a6 05 9c 05 06 00
a5 05 9c 05 06 00
a6 05 9c 05 06 00
a6 05 9c 05 06 00
a4 05 9b 05 06 00
a7 05 9d 05 06 00
a7 05 9d 05 06 00
a5 05 9c 05 06 00
a3 05 9b 05 06 00
a7 05 9d 05 06 00
a4 05 9c 05 06 00
a5 05 9c 05 06 00
a3 05 9b 05 06 00
a6 05 9c 05 06 00
a4 05 9b 05 06 00
a7 05 9d 05 06 00
a2 05 9a 05 06 00
a5 05 9b 05 06 00
a4 05 9b 05 06 00
a5 05 9b 05 06 00
a7 05 9d 05 06 00
a9 05 9f 05 06 00
a4 05 9c 05 06 00
a3 05 9b 05 06 00
a5 05 9b 05 06 00
a2 05 9a 05 06 00
a3 05 9a 05 06 00
a7 05 9c 05 06 00
a6 05 9c 05 06 00
a6 05 9c 05 06 00
a5 05 9c 05 06 00
a5 05 9c 05 06 00
a7 05 9d 05 06 00
a3 05 9b 05 06 00
a3 05 9a 05 06 00
a0 05 98 05 06 00
a7 05 9b 05 06 00
a5 05 9b 05 06 00
a5 05 9b 05 06 00
a9 05 9e 05 06 00
a7 05 9e 05 06 00
a6 05 9d 05 06 00
a5 05 9c 05 06 00
a5 05 9c 05 06 00
a5 05 9c 05 06 00
a9 05 9e 05 06 00
a9 05 9f 05 06 00
a5 05 9d 05 06 00
a5 05 9c 05 06 00
a0 05 99 05 06 00
a5 05 9b 05 06 00
a3 05 9a 05 06 00
a7 05 9c 05 06 00
a5 05 9c 05 06 00
a2 05 9a 05 06 00
a9 05 9d 05 06 00
a5 05 9c 05 06 00
a3 05 9b 05 06 00
a2 05 9a 05 06 00
a2 05 99 05 06 00
a6 05 9b 05 06 00
a5 05 9b 05 06 00
a2 05 9a 05 06 00
a3 05 9a 05 06 00
a2 05 99 05 06 00
a4 05 9a 05 06 00
a7 05 9c 05 06 00
a5 05 9c 05 06 00
a3 05 9b 05 06 00
a2 05 9a 05 06 00
a6 05 9c 05 06 00
a0 05 99 05 06 00
a2 05 99 05 06 00
a0 05 98 05 06 00
a5 05 9a 05 06 00
9f 05 97 05 06 00
a5 05 9a 05 06 00
a3 05 9a 05 06 00
a1 05 99 05 06 00
a3 05 99 05 06 00
a2 05 99 05 06 00
Notifications stopped.
--- 9
Notifications started.
3e 07 32 07 00 00
3c 07 31 07 00 00
3f 07 32 07 00 00
40 07 33 07 00 00
3d 07 32 07 00 00
3e 07 32 07 00 00
41 07 34 07 00 00
3a 07 30 07 00 00
3b 07 2f 07 00 00
3b 07 2f 07 00 00
3d 07 30 07 00 00
3e 07 31 07 00 00
41 07 33 07 00 00
3d 07 32 07 00 00
42 07 34 07 00 00
3f 07 33 07 00 00
41 07 34 07 00 00
3d 07 32 07 00 00
3f 07 33 07 00 00
3d 07 32 07 00 00
42 07 34 07 00 00
3e 07 33 07 00 00
41 07 34 07 00 00
41 07 35 07 00 00
40 07 34 07 00 00
42 07 35 07 00 00
41 07 35 07 00 00
44 07 37 07 00 00
40 07 35 07 00 00
42 07 36 07 00 00
43 07 37 07 00 00
41 07 36 07 00 00
47 07 39 07 00 00
49 07 3b 07 00 00
4a 07 3d 07 00 00
47 07 3c 07 00 00
4c 07 3e 07 00 00
4a 07 3e 07 00 00
46 07 3c 07 00 00
48 07 3c 07 00 00
4e 07 40 07 00 00
4b 07 3f 07 00 00
4d 07 40 07 00 00
4e 07 41 07 00 00
4f 07 42 07 00 00
50 07 43 07 00 00
4c 07 41 07 00 00
4d 07 41 07 00 00
4d 07 41 07 00 00
47 07 3d 07 00 00
4d 07 3f 07 00 00
4a 07 3e 07 00 00
4e 07 40 07 00 00
4f 07 42 07 00 00
46 07 3d 07 00 00
49 07 3d 07 00 00
4c 07 3f 07 00 00
4b 07 3f 07 00 00
49 07 3e 07 00 00
4d 07 40 07 00 00
4a 07 3f 07 00 00
4e 07 41 07 00 00
4b 07 40 07 00 00
4d 07 41 07 00 00
49 07 3f 07 00 00
48 07 3d 07 00 00
4e 07 40 07 00 00
4a 07 3f 07 00 00
4f 07 41 07 00 00
4a 07 3f 07 00 00
4b 07 3f 07 00 00
4a 07 3e 07 00 00
4a 07 3e 07 00 00
4d 07 40 07 00 00
4b 07 3f 07 00 00
4c 07 40 07 00 00
4c 07 40 07 00 00
4a 07 3f 07 00 00
4f 07 41 07 00 00
4f 07 42 07 00 00
4d 07 41 07 00 00
49 07 3f 07 00 00
4d 07 40 07 00 00
4d 07 41 07 00 00
4e 07 42 07 00 00
4e 07 42 07 00 00
4a 07 40 07 00 00
4f 07 42 07 00 00
4b 07 40 07 00 00
4c 07 40 07 00 00
4d 07 41 07 00 00
50 07 43 07 00 00
4b 07 41 07 00 00
4d 07 41 07 00 00
4d 07 41 07 00 00
4d 07 41 07 00 00
4b 07 40 07 00 00
4c 07 40 07 00 00
4b 07 3f 07 00 00
4a 07 3e 07 00 00
48 07 3d 07 00 00
4a 07 3e 07 00 00
45 07 3b 07 00 00
49 07 3c 07 00 00
4a 07 3d 07 00 00
47 07 3c 07 00 00
48 07 3c 07 00 00
49 07 3d 07 00 00
47 07 3c 07 00 00
4a 07 3d 07 00 00
49 07 3d 07 00 00
4d 07 3f 07 00 00
4b 07 3f 07 00 00
4c 07 40 07 00 00
49 07 3e 07 00 00
4a 07 3e 07 00 00
45 07 3b 07 00 00
4d 07 3f 07 00 00
4c 07 40 07 00 00
49 07 3e 07 00 00
4b 07 3f 07 00 00
4e 07 41 07 00 00
4a 07 3f 07 00 00
48 07 3d 07 00 00
4d 07 3f 07 00 00
49 07 3e 07 00 00
49 07 3d 07 00 00
49 07 3d 07 00 00
4c 07 3f 07 00 00
45 07 3b 07 00 00
49 07 3c 07 00 00
47 07 3b 07 00 00
46 07 3a 07 00 00
4d 07 3e 07 00 00
45 07 3b 07 00 00
4b 07 3d 07 00 00
49 07 3d 07 00 00
49 07 3d 07 00 00
47 07 3c 07 00 00
4c 07 3e 07 00 00
51 07 42 07 00 00
4d 07 41 07 00 00
48 07 3e 07 00 00
47 07 3c 07 00 00
4b 07 3e 07 00 00
4d 07 40 07 00 00
4f 07 42 07 00 00
4a 07 40 07 00 00
4c 07 40 07 00 00
4c 07 40 07 00 00
4a 07 3f 07 00 00
4f 07 41 07 00 00
4b 07 40 07 00 00
4b 07 3f 07 00 00
52 07 43 07 00 00
51 07 44 07 00 00
51 07 45 07 00 00
4d 07 43 07 00 00
4b 07 41 07 00 00
4d 07 41 07 00 00
4e 07 42 07 00 00
4f 07 43 07 00 00
4f 07 43 07 00 00
4f 07 43 07 00 00
51 07 44 07 00 00
4f 07 43 07 00 00
49 07 3f 07 00 00
4f 07 41 07 00 00
4b 07 40 07 00 00
4d 07 41 07 00 00
4a 07 3f 07 00 00
4c 07 40 07 00 00
4b 07 3f 07 00 00
4d 07 40 07 00 00
Notifications stopped.
--- 10
Notifications started.
71 07 66 07 00 00
7d 07 6c 07 00 00
7a 07 6d 07 00 00
74 07 6a 07 00 00
75 07 69 07 00 00
77 07 6a 07 00 00
72 07 67 07 00 00
75 07 68 07 00 00
74 07 68 07 00 00
72 07 67 07 00 00
73 07 67 07 00 00
73 07 67 07 00 00
73 07 67 07 00 00
6f 07 64 07 00 00
71 07 64 07 00 00
73 07 66 07 00 00
74 07 67 07 00 00
72 07 66 07 00 00
72 07 66 07 00 00
73 07 66 07 00 00
70 07 65 07 00 00
74 07 67 07 00 00
70 07 65 07 00 00
70 07 64 07 00 00
71 07 64 07 00 00
75 07 67 07 00 00
72 07 66 07 00 00
70 07 65 07 00 00
70 07 64 07 00 00
71 07 64 07 00 00
72 07 65 07 00 00
71 07 65 07 00 00
73 07 66 07 00 00
73 07 66 07 00 00
73 07 66 07 00 00
70 07 65 07 00 00
77 07 68 07 00 00
72 07 67 07 00 00
73 07 67 07 00 00
70 07 65 07 00 00
72 07 65 07 00 00
6e 07 63 07 00 00
74 07 66 07 00 00
72 07 66 07 00 00
6e 07 63 07 00 00
72 07 65 07 00 00
71 07 65 07 00 00
73 07 66 07 00 00
6f 07 64 07 00 00
75 07 67 07 00 00
75 07 68 07 00 00
70 07 65 07 00 00
70 07 64 07 00 00
73 07 66 07 00 00
71 07 65 07 00 00
70 07 64 07 00 00
73 07 66 07 00 00
77 07 69 07 00 00
75 07 69 07 00 00
75 07 69 07 00 00
72 07 67 07 00 00
73 07 67 07 00 00
77 07 69 07 00 00
7b 07 6c 07 00 00
76 07 6b 07 00 00
7a 07 6d 07 00 00
73 07 69 07 00 00
78 07 6b 07 00 00
76 07 6a 07 00 00
73 07 68 07 00 00
77 07 6a 07 00 00
74 07 69 07 00 00
71 07 66 07 00 00
72 07 66 07 00 00
6f 07 64 07 00 00
74 07 66 07 00 00
73 07 66 07 00 00
78 07 69 07 00 00
76 07 69 07 00 00
77 07 6a 07 00 00
73 07 68 07 00 00
77 07 6a 07 00 00
73 07 68 07 00 00
72 07 67 07 00 00
75 07 68 07 00 00
75 07 68 07 00 00
74 07 68 07 00 00
77 07 6a 07 00 00
78 07 6b 07 00 00
75 07 6a 07 00 00
76 07 6a 07 00 00
76 07 6a 07 00 00
76 07 6a 07 00 00
77 07 6a 07 00 00
78 07 6b 07 00 00
73 07 68 07 00 00
74 07 68 07 00 00
70 07 65 07 00 00
77 07 68 07 00 00
76 07 69 07 00 00
79 07 6b 07 00 00
76 07 6a 07 00 00
75 07 69 07 00 00
77 07 6a 07 00 00
75 07 69 07 00 00
77 07 6a 07 00 00
75 07 69 07 00 00
76 07 69 07 00 00
71 07 66 07 00 00
74 07 67 07 00 00
76 07 69 07 00 00
75 07 69 07 00 00
74 07 68 07 00 00
77 07 6a 07 00 00
76 07 6a 07 00 00
73 07 68 07 00 00
74 07 68 07 00 00
72 07 67 07 00 00
70 07 65 07 00 00
73 07 66 07 00 00
74 07 67 07 00 00
72 07 66 07 00 00
76 07 68 07 00 00
72 07 67 07 00 00
70 07 65 07 00 00
79 07 6a 07 00 00
73 07 68 07 00 00
75 07 68 07 00 00
78 07 6a 07 00 00
79 07 6c 07 00 00
76 07 6b 07 00 00
75 07 6a 07 00 00
77 07 6a 07 00 00
75 07 69 07 00 00
74 07 68 07 00 00
75 07 68 07 00 00
74 07 68 07 00 00
72 07 67 07 00 00
77 07 69 07 00 00
77 07 6a 07 00 00
72 07 67 07 00 00
74 07 67 07 00 00
72 07 66 07 00 00
72 07 66 07 00 00
75 07 68 07 00 00
74 07 68 07 00 00
73 07 67 07 00 00
72 07 66 07 00 00
73 07 66 07 00 00
75 07 68 07 00 00
76 07 69 07 00 00
76 07 69 07 00 00
75 07 69 07 00 00
77 07 6a 07 00 00
78 07 6b 07 00 00
73 07 68 07 00 00
74 07 68 07 00 00
75 07 68 07 00 00
76 07 69 07 00 00
74 07 68 07 00 00
74 07 68 07 00 00
71 07 66 07 00 00
Notifications stopped.
--- 11
Notifications started.
81 07 74 07 00 00
7f 07 73 07 00 00
82 07 75 07 00 00
84 07 77 07 00 00
83 07 77 07 00 00
85 07 78 07 00 00
80 07 75 07 00 00
83 07 76 07 00 00
82 07 76 07 00 00
81 07 75 07 00 00
85 07 77 07 00 00
7f 07 74 07 00 00
81 07 74 07 00 00
83 07 76 07 00 00
84 07 77 07 00 00
86 07 79 07 00 00
87 07 7a 07 00 00
83 07 78 07 00 00
88 07 7a 07 00 00
85 07 79 07 00 00
80 07 76 07 00 00
83 07 76 07 00 00
83 07 76 07 00 00
85 07 78 07 00 00
85 07 78 07 00 00
88 07 7a 07 00 00
88 07 7b 07 00 00
86 07 7a 07 00 00
83 07 78 07 00 00
88 07 7a 07 00 00
89 07 7b 07 00 00
86 07 7a 07 00 00
8a 07 7c 07 00 00
8c 07 7e 07 00 00
86 07 7b 07 00 00
8c 07 7e 07 00 00
89 07 7d 07 00 00
85 07 7a 07 00 00
8b 07 7d 07 00 00
8c 07 7e 07 00 00
88 07 7c 07 00 00
87 07 7b 07 00 00
86 07 7a 07 00 00
88 07 7b 07 00 00
8e 07 7f 07 00 00
89 07 7d 07 00 00
8e 07 80 07 00 00
8b 07 7f 07 00 00
91 07 82 07 00 00
8d 07 81 07 00 00
8e 07 81 07 00 00
8c 07 80 07 00 00
8c 07 80 07 00 00
8e 07 81 07 00 00
8d 07 81 07 00 00
8e 07 81 07 00 00
8d 07 81 07 00 00
8f 07 82 07 00 00
92 07 84 07 00 00
8b 07 81 07 00 00
8d 07 81 07 00 00
8e 07 81 07 00 00
8d 07 81 07 00 00
8d 07 81 07 00 00
90 07 82 07 00 00
93 07 85 07 00 00
8d 07 82 07 00 00
8e 07 82 07 00 00
91 07 83 07 00 00
90 07 83 07 00 00
8d 07 81 07 00 00
92 07 84 07 00 00
95 07 87 07 00 00
8f 07 84 07 00 00
92 07 85 07 00 00
91 07 85 07 00 00
8a 07 80 07 00 00
8b 07 7f 07 00 00
91 07 82 07 00 00
93 07 85 07 00 00
91 07 85 07 00 00
92 07 85 07 00 00
94 07 86 07 00 00
93 07 86 07 00 00
93 07 86 07 00 00
95 07 87 07 00 00
93 07 87 07 00 00
97 07 89 07 00 00
8f 07 85 07 00 00
92 07 85 07 00 00
94 07 86 07 00 00
94 07 87 07 00 00
93 07 87 07 00 00
93 07 87 07 00 00
91 07 85 07 00 00
93 07 86 07 00 00
92 07 86 07 00 00
93 07 86 07 00 00
94 07 87 07 00 00
99 07 8a 07 00 00
9b 07 8d 07 00 00
98 07 8c 07 00 00
95 07 8a 07 00 00
93 07 88 07 00 00
93 07 87 07 00 00
93 07 87 07 00 00
95 07 88 07 00 00
99 07 8b 07 00 00
96 07 8a 07 00 00
99 07 8b 07 00 00
92 07 88 07 00 00
94 07 88 07 00 00
95 07 88 07 00 00
95 07 88 07 00 00
94 07 88 07 00 00
95 07 88 07 00 00
95 07 88 07 00 00
97 07 89 07 00 00
98 07 8a 07 00 00
91 07 87 07 00 00
93 07 87 07 00 00
9a 07 8b 07 00 00
97 07 8b 07 00 00
93 07 88 07 00 00
96 07 89 07 00 00
95 07 89 07 00 00
95 07 89 07 00 00
95 07 89 07 00 00
93 07 87 07 00 00
97 07 89 07 00 00
99 07 8b 07 00 00
94 07 89 07 00 00
94 07 88 07 00 00
93 07 87 07 00 00
95 07 88 07 00 00
95 07 88 07 00 00
93 07 87 07 00 00
92 07 86 07 00 00
92 07 86 07 00 00
95 07 87 07 00 00
90 07 85 07 00 00
90 07 84 07 00 00
92 07 85 07 00 00
8f 07 83 07 00 00
90 07 83 07 00 00
93 07 85 07 00 00
8d 07 82 07 00 00
93 07 85 07 00 00
93 07 86 07 00 00
91 07 85 07 00 00
94 07 86 07 00 00
8d 07 83 07 00 00
Notifications stopped.
--- 12
Notifications started.
9c 07 8e 07 00 00
95 07 8b 07 00 00
97 07 8b 07 00 00
99 07 8c 07 00 00
99 07 8c 07 00 00
9a 07 8d 07 00 00
97 07 8b 07 00 00
98 07 8b 07 00 00
9b 07 8d 07 00 00
9b 07 8e 07 00 00
9c 07 8f 07 00 00
9b 07 8f 07 00 00
9b 07 8f 07 00 00
9b 07 8f 07 00 00
98 07 8d 07 00 00
98 07 8c 07 00 00
9b 07 8d 07 00 00
97 07 8b 07 00 00
96 07 8a 07 00 00
9e 07 8e 07 00 00
9b 07 8e 07 00 00
99 07 8d 07 00 00
9f 07 90 07 00 00
9f 07 91 07 00 00
9b 07 8f 07 00 00
9f 07 91 07 00 00
99 07 8e 07 00 00
9d 07 8f 07 00 00
9d 07 90 07 00 00
99 07 8e 07 00 00
99 07 8d 07 00 00
99 07 8d 07 00 00
9a 07 8d 07 00 00
9a 07 8d 07 00 00
99 07 8d 07 00 00
9d 07 8f 07 00 00
9f 07 91 07 00 00
9f 07 92 07 00 00
98 07 8e 07 00 00
9f 07 91 07 00 00
9d 07 91 07 00 00
9d 07 91 07 00 00
9c 07 90 07 00 00
9f 07 91 07 00 00
a1 07 93 07 00 00
9d 07 91 07 00 00
9e 07 91 07 00 00
9f 07 92 07 00 00
9d 07 91 07 00 00
9c 07 90 07 00 00
98 07 8d 07 00 00
9b 07 8e 07 00 00
99 07 8d 07 00 00
99 07 8d 07 00 00
99 07 8d 07 00 00
9d 07 8f 07 00 00
9b 07 8f 07 00 00
9a 07 8e 07 00 00
99 07 8d 07 00 00
9a 07 8d 07 00 00
99 07 8d 07 00 00
99 07 8d 07 00 00
9c 07 8e 07 00 00
9c 07 8f 07 00 00
9a 07 8e 07 00 00
98 07 8c 07 00 00
98 07 8c 07 00 00
9a 07 8d 07 00 00
99 07 8d 07 00 00
9c 07 8e 07 00 00
99 07 8d 07 00 00
9b 07 8e 07 00 00
9b 07 8e 07 00 00
9a 07 8e 07 00 00
9b 07 8e 07 00 00
9b 07 8e 07 00 00
9b 07 8e 07 00 00
9c 07 8f 07 00 00
9d 07 90 07 00 00
a0 07 92 07 00 00
9f 07 92 07 00 00
9f 07 92 07 00 00
a2 07 94 07 00 00
a1 07 94 07 00 00
a0 07 94 07 00 00
9a 07 90 07 00 00
9e 07 91 07 00 00
a2 07 94 07 00 00
9e 07 92 07 00 00
a1 07 93 07 00 00
9d 07 91 07 00 00
a3 07 94 07 00 00
a1 07 94 07 00 00
9c 07 91 07 00 00
9c 07 90 07 00 00
a1 07 93 07 00 00
a1 07 94 07 00 00
9e 07 92 07 00 00
a2 07 94 07 00 00
a0 07 94 07 00 00
9d 07 92 07 00 00
9e 07 92 07 00 00
9f 07 92 07 00 00
a2 07 94 07 00 00
a0 07 94 07 00 00
a0 07 94 07 00 00
a5 07 97 07 00 00
9f 07 94 07 00 00
a1 07 94 07 00 00
a6 07 97 07 00 00
a4 07 97 07 00 00
a2 07 96 07 00 00
a1 07 95 07 00 00
a6 07 98 07 00 00
a4 07 98 07 00 00
a1 07 96 07 00 00
9c 07 92 07 00 00
a2 07 94 07 00 00
a2 07 95 07 00 00
a1 07 95 07 00 00
a1 07 95 07 00 00
9b 07 91 07 00 00
9f 07 92 07 00 00
9d 07 91 07 00 00
a0 07 92 07 00 00
9d 07 91 07 00 00
a3 07 94 07 00 00
9f 07 93 07 00 00
a0 07 93 07 00 00
a2 07 94 07 00 00
a0 07 94 07 00 00
9c 07 91 07 00 00
9c 07 90 07 00 00
a1 07 93 07 00 00
9b 07 90 07 00 00
9d 07 90 07 00 00
a2 07 93 07 00 00
9c 07 91 07 00 00
9a 07 8f 07 00 00
99 07 8d 07 00 00
9c 07 8e 07 00 00
9d 07 8f 07 00 00
9e 07 90 07 00 00
a0 07 92 07 00 00
9e 07 92 07 00 00
a0 07 93 07 00 00
9d 07 91 07 00 00
9d 07 91 07 00 00
9a 07 8f 07 00 00
9b 07 8f 07 00 00
9e 07 90 07 00 00
9f 07 91 07 00 00
a2 07 94 07 00 00
9d 07 92 07 00 00
9c 07 90 07 00 00
9d 07 90 07 00 00
9d 07 90 07 00 00
a3 07 94 07 00 00
a1 07 94 07 00 00
a4 07 96 07 00 00
9f 07 94 07 00 00
a3 07 95 07 00 00
a4 07 96 07 00 00
a1 07 95 07 00 00
9e 07 93 07 00 00
a4 07 96 07 00 00
9b 07 91 07 00 00
a3 07 94 07 00 00
9f 07 93 07 00 00
a1 07 94 07 00 00
a0 07 94 07 00 00
a1 07 94 07 00 00
a0 07 94 07 00 00
a7 07 98 07 00 00
a0 07 95 07 00 00
a4 07 96 07 00 00
a2 07 96 07 00 00
a0 07 94 07 00 00
9e 07 92 07 00 00
9f 07 92 07 00 00
a1 07 93 07 00 00
a0 07 93 07 00 00
a2 07 94 07 00 00
a0 07 94 07 00 00
9f 07 93 07 00 00
a5 07 96 07 00 00
a5 07 97 07 00 00
a3 07 97 07 00 00
a1 07 95 07 00 00
9f 07 93 07 00 00
9e 07 92 07 00 00
a0 07 93 07 00 00
a1 07 94 07 00 00
a3 07 95 07 00 00
a5 07 97 07 00 00
a5 07 98 07 00 00
a4 07 98 07 00 00
a1 07 96 07 00 00
a3 07 96 07 00 00
a7 07 99 07 00 00
a2 07 97 07 00 00
a4 07 97 07 00 00
a3 07 97 07 00 00
a4 07 97 07 00 00
a3 07 97 07 00 00
a3 07 97 07 00 00
a3 07 97 07 00 00
a8 07 9a 07 00 00
aa 07 9c 07 00 00
aa 07 9d 07 00 00
a5 07 9a 07 00 00
a3 07 98 07 00 00
a7 07 99 07 00 00
Notifications stopped.
--- 13
Notifications started.
b4 07 a7 07 00 00
b6 07 a8 07 00 00
b6 07 a9 07 00 00
b6 07 a9 07 00 00
bc 07 ad 07 00 00
b6 07 ab 07 00 00
b4 07 a9 07 00 00
ba 07 ac 07 00 00
bb 07 ad 07 00 00
b5 07 aa 07 00 00
b8 07 ab 07 00 00
b5 07 a9 07 00 00
b7 07 aa 07 00 00
b5 07 a9 07 00 00
b7 07 aa 07 00 00
bc 07 ad 07 00 00
b9 07 ac 07 00 00
b1 07 a7 07 00 00
b6 07 a8 07 00 00
b7 07 a9 07 00 00
be 07 ae 07 00 00
b5 07 ab 07 00 00
b8 07 ab 07 00 00
bb 07 ad 07 00 00
bb 07 ae 07 00 00
b7 07 ac 07 00 00
b7 07 ab 07 00 00
b8 07 ab 07 00 00
b6 07 aa 07 00 00
bb 07 ac 07 00 00
b5 07 aa 07 00 00
b3 07 a8 07 00 00
bb 07 ac 07 00 00
b8 07 ac 07 00 00
b5 07 aa 07 00 00
b9 07 ab 07 00 00
b6 07 aa 07 00 00
b6 07 aa 07 00 00
b5 07 a9 07 00 00
b9 07 ab 07 00 00
b7 07 ab 07 00 00
ba 07 ac 07 00 00
b7 07 ab 07 00 00
b8 07 ab 07 00 00
b7 07 ab 07 00 00
b9 07 ac 07 00 00
b6 07 aa 07 00 00
b3 07 a8 07 00 00
b2 07 a6 07 00 00
b9 07 aa 07 00 00
b3 07 a8 07 00 00
b3 07 a7 07 00 00
b4 07 a7 07 00 00
b6 07 a8 07 00 00
b5 07 a8 07 00 00
b5 07 a8 07 00 00
b6 07 a9 07 00 00
b4 07 a8 07 00 00
b4 07 a8 07 00 00
b7 07 a9 07 00 00
b7 07 aa 07 00 00
b5 07 a9 07 00 00
b5 07 a9 07 00 00
b5 07 a9 07 00 00
b5 07 a9 07 00 00
b9 07 ab 07 00 00
b3 07 a8 07 00 00
b7 07 a9 07 00 00
bb 07 ac 07 00 00
bb 07 ad 07 00 00
b4 07 aa 07 00 00
b4 07 a8 07 00 00
b6 07 a9 07 00 00
b5 07 a9 07 00 00
bb 07 ac 07 00 00
bd 07 ae 07 00 00
b9 07 ad 07 00 00
b7 07 ab 07 00 00
b5 07 a9 07 00 00
b8 07 aa 07 00 00
b7 07 aa 07 00 00
b2 07 a7 07 00 00
b5 07 a8 07 00 00
b7 07 a9 07 00 00
b6 07 a9 07 00 00
bb 07 ac 07 00 00
b6 07 aa 07 00 00
Notifications stopped.
--- 14
Notifications started.
bb 07 ae 07 00 00
b9 07 ad 07 00 00
bd 07 af 07 00 00
bc 07 af 07 00 00
bf 07 b1 07 00 00
bd 07 b0 07 00 00
bf 07 b1 07 00 00
bf 07 b2 07 00 00
bd 07 b1 07 00 00
bc 07 b0 07 00 00
be 07 b1 07 00 00
bf 07 b2 07 00 00
bc 07 b0 07 00 00
c1 07 b2 07 00 00
c2 07 b4 07 00 00
c1 07 b4 07 00 00
be 07 b2 07 00 00
c2 07 b4 07 00 00
c4 07 b6 07 00 00
bf 07 b4 07 00 00
bb 07 b0 07 00 00
bd 07 b0 07 00 00
bd 07 b0 07 00 00
ba 07 ae 07 00 00
c1 07 b2 07 00 00
c0 07 b3 07 00 00
bc 07 b1 07 00 00
bb 07 af 07 00 00
bd 07 b0 07 00 00
be 07 b1 07 00 00
bc 07 b0 07 00 00
bd 07 b0 07 00 00
be 07 b1 07 00 00
bf 07 b2 07 00 00
bf 07 b2 07 00 00
c2 07 b4 07 00 00
bd 07 b2 07 00 00
bc 07 b0 07 00 00
be 07 b1 07 00 00
c1 07 b3 07 00 00
bf 07 b2 07 00 00
bf 07 b2 07 00 00
c4 07 b5 07 00 00
bc 07 b1 07 00 00
bb 07 af 07 00 00
c1 07 b2 07 00 00
bd 07 b1 07 00 00
c1 07 b3 07 00 00
c0 07 b3 07 00 00
bf 07 b2 07 00 00
c2 07 b4 07 00 00
c4 07 b6 07 00 00
c1 07 b5 07 00 00
c0 07 b4 07 00 00
c1 07 b4 07 00 00
c5 07 b6 07 00 00
c2 07 b5 07 00 00
c0 07 b4 07 00 00
c4 07 b6 07 00 00
c1 07 b5 07 00 00
c6 07 b7 07 00 00
c1 07 b5 07 00 00
c3 07 b6 07 00 00
c6 07 b8 07 00 00
c0 07 b5 07 00 00
c1 07 b4 07 00 00
c2 07 b5 07 00 00
c1 07 b4 07 00 00
bd 07 b2 07 00 00
bf 07 b2 07 00 00
c5 07 b6 07 00 00
c4 07 b7 07 00 00
c0 07 b5 07 00 00
bf 07 b3 07 00 00
c2 07 b4 07 00 00
c3 07 b5 07 00 00
c2 07 b5 07 00 00
c2 07 b5 07 00 00
c1 07 b4 07 00 00
c2 07 b5 07 00 00
c1 07 b4 07 00 00
c2 07 b5 07 00 00
c5 07 b7 07 00 00
c3 07 b6 07 00 00
c3 07 b6 07 00 00
be 07 b3 07 00 00
c6 07 b7 07 00 00
c0 07 b5 07 00 00
c1 07 b4 07 00 00
c5 07 b6 07 00 00
c1 07 b5 07 00 00
c0 07 b4 07 00 00
c2 07 b5 07 00 00
c2 07 b5 07 00 00
c3 07 b6 07 00 00
c4 07 b7 07 00 00
c0 07 b5 07 00 00
c8 07 b9 07 00 00
c2 07 b7 07 00 00
c8 07 b9 07 00 00
c5 07 b8 07 00 00
c6 07 b9 07 00 00
c3 07 b7 07 00 00
c3 07 b6 07 00 00
c3 07 b6 07 00 00
c3 07 b6 07 00 00
c8 07 b9 07 00 00
c6 07 b9 07 00 00
c0 07 b5 07 00 00
c6 07 b7 07 00 00
c2 07 b6 07 00 00
c4 07 b7 07 00 00
c3 07 b6 07 00 00
bd 07 b2 07 00 00
be 07 b1 07 00 00
bf 07 b2 07 00 00
c5 07 b6 07 00 00
c7 07 b8 07 00 00
c7 07 b9 07 00 00
c5 07 b8 07 00 00
c3 07 b7 07 00 00
c2 07 b6 07 00 00
c1 07 b5 07 00 00
c0 07 b4 07 00 00
c6 07 b7 07 00 00
c5 07 b8 07 00 00
Notifications stopped.
--- 15
Notifications started.
cc 07 bd 07 00 00
ca 07 bd 07 00 00
ce 07 bf 07 00 00
c9 07 bd 07 00 00
cb 07 be 07 00 00
cc 07 bf 07 00 00
c8 07 bd 07 00 00
cc 07 be 07 00 00
ca 07 bd 07 00 00
c8 07 bc 07 00 00
cd 07 be 07 00 00
c9 07 bd 07 00 00
cb 07 be 07 00 00
cb 07 be 07 00 00
cd 07 bf 07 00 00
c5 07 bb 07 00 00
c5 07 b9 07 00 00
c7 07 ba 07 00 00
c7 07 ba 07 00 00
c8 07 bb 07 00 00
c9 07 bc 07 00 00
cb 07 bd 07 00 00
cb 07 be 07 00 00
c9 07 bd 07 00 00
ca 07 bd 07 00 00
cd 07 bf 07 00 00
cc 07 bf 07 00 00
ca 07 be 07 00 00
cc 07 bf 07 00 00
c8 07 bd 07 00 00
cc 07 be 07 00 00
c8 07 bc 07 00 00
c9 07 bc 07 00 00
c8 07 bb 07 00 00
c8 07 bb 07 00 00
cf 07 bf 07 00 00
ca 07 be 07 00 00
cc 07 bf 07 00 00
cb 07 be 07 00 00
cf 07 c0 07 00 00
cc 07 bf 07 00 00
ca 07 be 07 00 00
cb 07 be 07 00 00
ce 07 c0 07 00 00
cf 07 c1 07 00 00
d1 07 c3 07 00 00
cd 07 c1 07 00 00
d0 07 c2 07 00 00
cd 07 c1 07 00 00
ce 07 c1 07 00 00
cc 07 c0 07 00 00
d1 07 c2 07 00 00
ce 07 c1 07 00 00
ce 07 c1 07 00 00
cf 07 c2 07 00 00
cf 07 c2 07 00 00
cf 07 c2 07 00 00
c9 07 be 07 00 00
cc 07 bf 07 00 00
cd 07 c0 07 00 00
cc 07 bf 07 00 00
d1 07 c2 07 00 00
cf 07 c2 07 00 00
ce 07 c1 07 00 00
cd 07 c0 07 00 00
d3 07 c4 07 00 00
cf 07 c3 07 00 00
ce 07 c2 07 00 00
d4 07 c5 07 00 00
d1 07 c4 07 00 00
d3 07 c5 07 00 00
cb 07 c1 07 00 00
cc 07 c0 07 00 00
cd 07 c0 07 00 00
cf 07 c1 07 00 00
cb 07 bf 07 00 00
cb 07 be 07 00 00
cd 07 bf 07 00 00
cb 07 be 07 00 00
cb 07 be 07 00 00
d0 07 c1 07 00 00
ca 07 bf 07 00 00
cd 07 c0 07 00 00
ca 07 be 07 00 00
ca 07 bd 07 00 00
cf 07 c0 07 00 00
ca 07 be 07 00 00
cb 07 be 07 00 00
c9 07 bd 07 00 00
ce 07 bf 07 00 00
cf 07 c1 07 00 00
ca 07 bf 07 00 00
cc 07 bf 07 00 00
c8 07 bd 07 00 00
c9 07 bc 07 00 00
c9 07 bc 07 00 00
c6 07 ba 07 00 00
c9 07 bb 07 00 00
c8 07 bb 07 00 00
c9 07 bc 07 00 00
ca 07 bd 07 00 00
cc 07 be 07 00 00
c7 07 bc 07 00 00
c6 07 ba 07 00 00
ca 07 bc 07 00 00
c8 07 bb 07 00 00
c9 07 bc 07 00 00
Notifications stopped.
--- 16
Notifications started.
ce 07 c1 07 00 00
cd 07 c0 07 00 00
ce 07 c1 07 00 00
ca 07 bf 07 00 00
cc 07 bf 07 00 00
ce 07 c0 07 00 00
cf 07 c1 07 00 00
d0 07 c2 07 00 00
cf 07 c2 07 00 00
cc 07 c0 07 00 00
cd 07 c0 07 00 00
cc 07 bf 07 00 00
cb 07 be 07 00 00
cb 07 be 07 00 00
c9 07 bd 07 00 00
ca 07 bd 07 00 00
ca 07 bd 07 00 00
ca 07 bd 07 00 00
c8 07 bc 07 00 00
ce 07 bf 07 00 00
ca 07 be 07 00 00
cd 07 bf 07 00 00
c9 07 bd 07 00 00
d0 07 c1 07 00 00
cc 07 c0 07 00 00
cd 07 c0 07 00 00
cf 07 c1 07 00 00
d1 07 c3 07 00 00
cc 07 c1 07 00 00
d2 07 c3 07 00 00
cf 07 c2 07 00 00
ce 07 c1 07 00 00
ca 07 bf 07 00 00
ce 07 c0 07 00 00
d1 07 c2 07 00 00
d1 07 c3 07 00 00
d1 07 c4 07 00 00
cd 07 c2 07 00 00
d1 07 c3 07 00 00
d3 07 c5 07 00 00
d3 07 c6 07 00 00
d3 07 c6 07 00 00
cc 07 c2 07 00 00
cd 07 c1 07 00 00
ce 07 c1 07 00 00
cf 07 c2 07 00 00
cf 07 c2 07 00 00
ce 07 c1 07 00 00
cd 07 c0 07 00 00
d0 07 c2 07 00 00
d0 07 c3 07 00 00
cf 07 c2 07 00 00
cd 07 c1 07 00 00
d2 07 c3 07 00 00
ce 07 c2 07 00 00
cd 07 c1 07 00 00
cb 07 bf 07 00 00
cd 07 c0 07 00 00
cd 07 c0 07 00 00
d1 07 c2 07 00 00
cc 07 c0 07 00 00
ce 07 c1 07 00 00
c9 07 be 07 00 00
ce 07 c0 07 00 00
ca 07 be 07 00 00
d1 07 c2 07 00 00
c9 07 be 07 00 00
ca 07 bd 07 00 00
cf 07 c0 07 00 00
ce 07 c1 07 00 00
cb 07 bf 07 00 00
ce 07 c0 07 00 00
c8 07 bd 07 00 00
d1 07 c1 07 00 00
cf 07 c2 07 00 00
cb 07 c0 07 00 00
cf 07 c1 07 00 00
cd 07 c0 07 00 00
d1 07 c2 07 00 00
cc 07 c0 07 00 00
cc 07 bf 07 00 00
d0 07 c1 07 00 00
cf 07 c2 07 00 00
cc 07 c0 07 00 00
c7 07 bc 07 00 00
ce 07 bf 07 00 00
c8 07 bd 07 00 00
c9 07 bc 07 00 00
cc 07 be 07 00 00
d1 07 c2 07 00 00
ca 07 bf 07 00 00
d2 07 c3 07 00 00
cf 07 c2 07 00 00
cb 07 c0 07 00 00
cc 07 bf 07 00 00
cc 07 bf 07 00 00
ce 07 c0 07 00 00
cb 07 bf 07 00 00
ce 07 c0 07 00 00
cf 07 c1 07 00 00
ca 07 bf 07 00 00
ca 07 be 07 00 00
cd 07 bf 07 00 00
d1 07 c2 07 00 00
c7 07 bd 07 00 00
ce 07 bf 07 00 00
cd 07 c0 07 00 00
ce 07 c1 07 00 00
cd 07 c0 07 00 00
cd 07 c0 07 00 00
d4 07 c4 07 00 00
cf 07 c3 07 00 00
cd 07 c1 07 00 00
cf 07 c2 07 00 00
cd 07 c1 07 00 00
cc 07 c0 07 00 00
cc 07 bf 07 00 00
cf 07 c1 07 00 00
Notifications stopped.
--- 17
Notifications started.
d5 07 c7 07 00 00
ce 07 c3 07 00 00
d1 07 c4 07 00 00
d0 07 c3 07 00 00
d2 07 c4 07 00 00
d1 07 c4 07 00 00
d2 07 c5 07 00 00
cf 07 c3 07 00 00
d2 07 c4 07 00 00
d1 07 c4 07 00 00
d2 07 c5 07 00 00
d2 07 c5 07 00 00
d1 07 c4 07 00 00
d2 07 c5 07 00 00
d1 07 c4 07 00 00
d3 07 c5 07 00 00
cf 07 c3 07 00 00
d2 07 c4 07 00 00
d3 07 c5 07 00 00
cf 07 c3 07 00 00
cd 07 c1 07 00 00
d1 07 c3 07 00 00
cf 07 c2 07 00 00
d0 07 c3 07 00 00
cd 07 c1 07 00 00
ce 07 c1 07 00 00
cf 07 c2 07 00 00
cf 07 c2 07 00 00
cf 07 c2 07 00 00
d1 07 c3 07 00 00
cf 07 c2 07 00 00
d2 07 c4 07 00 00
d1 07 c4 07 00 00
d8 07 c8 07 00 00
d5 07 c8 07 00 00
d4 07 c7 07 00 00
d2 07 c6 07 00 00
d5 07 c7 07 00 00
d4 07 c7 07 00 00
d3 07 c6 07 00 00
d4 07 c7 07 00 00
d3 07 c6 07 00 00
d3 07 c6 07 00 00
d5 07 c7 07 00 00
d3 07 c6 07 00 00
d3 07 c6 07 00 00
d4 07 c7 07 00 00
d6 07 c8 07 00 00
d4 07 c7 07 00 00
d1 07 c5 07 00 00
d6 07 c7 07 00 00
d4 07 c7 07 00 00
d7 07 c9 07 00 00
d9 07 cb 07 00 00
d4 07 c9 07 00 00
d2 07 c7 07 00 00
d6 07 c8 07 00 00
d4 07 c7 07 00 00
d5 07 c8 07 00 00
d4 07 c7 07 00 00
d4 07 c7 07 00 00
d8 07 c9 07 00 00
d5 07 c8 07 00 00
d7 07 c9 07 00 00
d6 07 c9 07 00 00
d4 07 c8 07 00 00
d8 07 ca 07 00 00
d7 07 ca 07 00 00
d9 07 cb 07 00 00
d8 07 cb 07 00 00
d9 07 cc 07 00 00
db 07 cd 07 00 00
d9 07 cc 07 00 00
d5 07 ca 07 00 00
d4 07 c8 07 00 00
d8 07 ca 07 00 00
d6 07 c9 07 00 00
d4 07 c8 07 00 00
d4 07 c7 07 00 00
d5 07 c8 07 00 00
d6 07 c9 07 00 00
d6 07 c9 07 00 00
d6 07 c9 07 00 00
d6 07 c9 07 00 00
d7 07 ca 07 00 00
df 07 cf 07 00 00
e1 07 d2 07 00 00
db 07 d0 07 00 00
de 07 d1 07 00 00
dd 07 d0 07 00 00
df 07 d1 07 00 00
de 07 d1 07 00 00
e0 07 d2 07 00 00
de 07 d1 07 00 00
e4 07 d5 07 00 00
e0 07 d4 07 00 00
df 07 d3 07 00 00
de 07 d2 07 00 00
e1 07 d3 07 00 00
e1 07 d4 07 00 00
dc 07 d1 07 00 00
df 07 d2 07 00 00
dd 07 d1 07 00 00
d9 07 ce 07 00 00
db 07 ce 07 00 00
dd 07 cf 07 00 00
d9 07 cd 07 00 00
dc 07 ce 07 00 00
d8 07 cc 07 00 00
dd 07 ce 07 00 00
dc 07 cf 07 00 00
db 07 ce 07 00 00
e0 07 d1 07 00 00
da 07 cf 07 00 00
de 07 d0 07 00 00
db 07 cf 07 00 00
d7 07 cc 07 00 00
d7 07 cb 07 00 00
de 07 cf 07 00 00
db 07 ce 07 00 00
da 07 cd 07 00 00
de 07 cf 07 00 00
db 07 ce 07 00 00
da 07 cd 07 00 00
d8 07 cc 07 00 00
d9 07 cc 07 00 00
d9 07 cc 07 00 00
d9 07 cc 07 00 00
dd 07 ce 07 00 00
db 07 ce 07 00 00
db 07 ce 07 00 00
da 07 cd 07 00 00
dc 07 ce 07 00 00
db 07 ce 07 00 00
e1 07 d2 07 00 00
e0 07 d3 07 00 00
e0 07 d3 07 00 00
e4 07 d5 07 00 00
df 07 d3 07 00 00
dd 07 d1 07 00 00
dd 07 d0 07 00 00
e0 07 d2 07 00 00
de 07 d1 07 00 00
dd 07 d0 07 00 00
df 07 d1 07 00 00
e1 07 d3 07 00 00
Notifications stopped.
--- 18
Notifications started.
d7 07 cb 07 00 00
d7 07 ca 07 00 00
d9 07 cb 07 00 00
d4 07 c9 07 00 00
d4 07 c8 07 00 00
d9 07 ca 07 00 00
d8 07 cb 07 00 00
da 07 cc 07 00 00
d9 07 cc 07 00 00
d6 07 ca 07 00 00
d4 07 c8 07 00 00
d5 07 c8 07 00 00
d6 07 c9 07 00 00
d6 07 c9 07 00 00
d8 07 ca 07 00 00
d5 07 c9 07 00 00
d5 07 c8 07 00 00
d5 07 c8 07 00 00
d8 07 ca 07 00 00
d8 07 cb 07 00 00
d9 07 cc 07 00 00
da 07 cd 07 00 00
d7 07 cb 07 00 00
d9 07 cc 07 00 00
d8 07 cb 07 00 00
d7 07 ca 07 00 00
da 07 cc 07 00 00
d9 07 cc 07 00 00
d9 07 cc 07 00 00
da 07 cd 07 00 00
dd 07 cf 07 00 00
da 07 ce 07 00 00
d9 07 cd 07 00 00
d5 07 ca 07 00 00
db 07 cc 07 00 00
dc 07 ce 07 00 00
d5 07 ca 07 00 00
d9 07 cb 07 00 00
dc 07 cd 07 00 00
d9 07 cc 07 00 00
da 07 cd 07 00 00
dd 07 cf 07 00 00
d8 07 cd 07 00 00
d8 07 cc 07 00 00
db 07 cd 07 00 00
dc 07 ce 07 00 00
df 07 d0 07 00 00
db 07 cf 07 00 00
da 07 ce 07 00 00
da 07 cd 07 00 00
d9 07 cc 07 00 00
dd 07 ce 07 00 00
dd 07 cf 07 00 00
e0 07 d1 07 00 00
db 07 cf 07 00 00
dd 07 d0 07 00 00
db 07 cf 07 00 00
de 07 d0 07 00 00
de 07 d1 07 00 00
d9 07 ce 07 00 00
d9 07 cd 07 00 00
df 07 d0 07 00 00
df 07 d1 07 00 00
e2 07 d3 07 00 00
db 07 d0 07 00 00
e3 07 d4 07 00 00
de 07 d2 07 00 00
dc 07 d0 07 00 00
db 07 cf 07 00 00
dc 07 cf 07 00 00
dc 07 cf 07 00 00
dd 07 d0 07 00 00
df 07 d1 07 00 00
dd 07 d0 07 00 00
de 07 d1 07 00 00
e2 07 d3 07 00 00
dd 07 d1 07 00 00
da 07 cf 07 00 00
dd 07 d0 07 00 00
da 07 ce 07 00 00
d8 07 cc 07 00 00
db 07 cd 07 00 00
db 07 ce 07 00 00
dc 07 cf 07 00 00
d9 07 cd 07 00 00
dd 07 cf 07 00 00
df 07 d1 07 00 00
dc 07 d0 07 00 00
db 07 cf 07 00 00
e1 07 d2 07 00 00
df 07 d2 07 00 00
dd 07 d1 07 00 00
de 07 d1 07 00 00
da 07 cf 07 00 00
dd 07 d0 07 00 00
da 07 ce 07 00 00
d9 07 cd 07 00 00
da 07 cd 07 00 00
da 07 cd 07 00 00
d9 07 cc 07 00 00
d9 07 cc 07 00 00
dd 07 ce 07 00 00
d9 07 cd 07 00 00
db 07 ce 07 00 00
dc 07 cf 07 00 00
e2 07 d3 07 00 00
e7 07 d7 07 00 00
de 07 d3 07 00 00
df 07 d2 07 00 00
df 07 d2 07 00 00
e4 07 d5 07 00 00
e5 07 d7 07 00 00
e8 07 d9 07 00 00
e3 07 d7 07 00 00
e7 07 d9 07 00 00
e6 07 d9 07 00 00
e5 07 d8 07 00 00
e7 07 d9 07 00 00
ea 07 db 07 00 00
e5 07 d9 07 00 00
e5 07 d8 07 00 00
e4 07 d7 07 00 00
e2 07 d6 07 00 00
e8 07 d9 07 00 00
e4 07 d8 07 00 00
e1 07 d6 07 00 00
e3 07 d6 07 00 00
e2 07 d5 07 00 00
e3 07 d6 07 00 00
e2 07 d5 07 00 00
e4 07 d6 07 00 00
e2 07 d5 07 00 00
dd 07 d2 07 00 00
e3 07 d4 07 00 00
e0 07 d3 07 00 00
e4 07 d5 07 00 00
e0 07 d4 07 00 00
e3 07 d5 07 00 00
e3 07 d6 07 00 00
e8 07 d9 07 00 00
e3 07 d7 07 00 00
e7 07 d9 07 00 00
e4 07 d8 07 00 00
e4 07 d7 07 00 00
e9 07 da 07 00 00
e9 07 db 07 00 00
e2 07 d7 07 00 00
e7 07 d9 07 00 00
e9 07 db 07 00 00
e9 07 dc 07 00 00
e2 07 d8 07 00 00
e1 07 d6 07 00 00
e9 07 da 07 00 00
e1 07 d6 07 00 00
e3 07 d6 07 00 00
e3 07 d6 07 00 00
e2 07 d5 07 00 00
de 07 d3 07 00 00
e1 07 d4 07 00 00
e1 07 d4 07 00 00
e8 07 d8 07 00 00
e1 07 d6 07 00 00
df 07 d4 07 00 00
dd 07 d2 07 00 00
dc 07 d0 07 00 00
dc 07 cf 07 00 00
dd 07 d0 07 00 00
de 07 d1 07 00 00
df 07 d2 07 00 00
e3 07 d4 07 00 00
e3 07 d5 07 00 00
e1 07 d4 07 00 00
dd 07 d2 07 00 00
e0 07 d3 07 00 00
de 07 d2 07 00 00
dc 07 d0 07 00 00
Notifications stopped.
--- 19
Notifications started.
d9 07 cc 07 00 00
d8 07 cb 07 00 00
dc 07 cd 07 00 00
da 07 cd 07 00 00
db 07 ce 07 00 00
de 07 d0 07 00 00
db 07 cf 07 00 00
da 07 ce 07 00 00
d7 07 cc 07 00 00
dc 07 ce 07 00 00
db 07 ce 07 00 00
dd 07 cf 07 00 00
df 07 d1 07 00 00
db 07 cf 07 00 00
d9 07 cd 07 00 00
e0 07 d1 07 00 00
dc 07 d0 07 00 00
e0 07 d2 07 00 00
df 07 d2 07 00 00
dc 07 d0 07 00 00
df 07 d1 07 00 00
dd 07 d0 07 00 00
dc 07 cf 07 00 00
db 07 ce 07 00 00
dd 07 cf 07 00 00
de 07 d0 07 00 00
dc 07 cf 07 00 00
df 07 d1 07 00 00
de 07 d1 07 00 00
de 07 d1 07 00 00
df 07 d2 07 00 00
e2 07 d4 07 00 00
e2 07 d5 07 00 00
e1 07 d4 07 00 00
e4 07 d6 07 00 00
df 07 d4 07 00 00
e2 07 d5 07 00 00
e2 07 d5 07 00 00
dd 07 d2 07 00 00
df 07 d2 07 00 00
db 07 d0 07 00 00
df 07 d1 07 00 00
e2 07 d3 07 00 00
e1 07 d4 07 00 00
e0 07 d3 07 00 00
e4 07 d5 07 00 00
e3 07 d6 07 00 00
df 07 d4 07 00 00
e2 07 d5 07 00 00
dd 07 d2 07 00 00
e2 07 d4 07 00 00
dc 07 d1 07 00 00
e5 07 d5 07 00 00
e0 07 d4 07 00 00
e1 07 d4 07 00 00
e3 07 d5 07 00 00
e1 07 d4 07 00 00
e3 07 d5 07 00 00
e5 07 d7 07 00 00
e4 07 d7 07 00 00
e1 07 d5 07 00 00
e2 07 d5 07 00 00
e3 07 d6 07 00 00
e5 07 d7 07 00 00
e2 07 d6 07 00 00
e3 07 d6 07 00 00
df 07 d4 07 00 00
e2 07 d5 07 00 00
df 07 d3 07 00 00
df 07 d2 07 00 00
df 07 d2 07 00 00
e3 07 d4 07 00 00
e0 07 d3 07 00 00
e1 07 d4 07 00 00
e5 07 d6 07 00 00
df 07 d4 07 00 00
e0 07 d3 07 00 00
dd 07 d1 07 00 00
df 07 d2 07 00 00
da 07 cf 07 00 00
da 07 ce 07 00 00
d6 07 cb 07 00 00
d9 07 cc 07 00 00
d7 07 cb 07 00 00
db 07 cd 07 00 00
db 07 ce 07 00 00
d9 07 cd 07 00 00
dd 07 cf 07 00 00
dc 07 cf 07 00 00
dd 07 d0 07 00 00
da 07 ce 07 00 00
db 07 ce 07 00 00
da 07 cd 07 00 00
d9 07 cc 07 00 00
d9 07 cc 07 00 00
dd 07 ce 07 00 00
db 07 ce 07 00 00
d9 07 cd 07 00 00
da 07 cd 07 00 00
dd 07 cf 07 00 00
df 07 d1 07 00 00
da 07 cf 07 00 00
da 07 ce 07 00 00
d7 07 cc 07 00 00
dd 07 ce 07 00 00
dd 07 cf 07 00 00
d9 07 cd 07 00 00
e0 07 d1 07 00 00
db 07 cf 07 00 00
d9 07 cd 07 00 00
db 07 ce 07 00 00
dd 07 cf 07 00 00
dc 07 cf 07 00 00
Notifications stopped.
--- 20
Notifications started.
e9 07 da 07 00 00
e3 07 d8 07 00 00
e3 07 d7 07 00 00
e5 07 d8 07 00 00
e4 07 d7 07 00 00
e3 07 d6 07 00 00
e6 07 d8 07 00 00
e9 07 da 07 00 00
e4 07 d8 07 00 00
e7 07 d9 07 00 00
e5 07 d8 07 00 00
e4 07 d7 07 00 00
e9 07 da 07 00 00
e6 07 d9 07 00 00
e4 07 d8 07 00 00
e6 07 d9 07 00 00
e4 07 d8 07 00 00
e7 07 d9 07 00 00
e7 07 da 07 00 00
e7 07 da 07 00 00
e1 07 d6 07 00 00
e4 07 d7 07 00 00
e7 07 d9 07 00 00
e5 07 d8 07 00 00
e1 07 d6 07 00 00
e3 07 d6 07 00 00
e7 07 d8 07 00 00
e0 07 d5 07 00 00
e3 07 d6 07 00 00
e4 07 d7 07 00 00
e3 07 d6 07 00 00
e7 07 d8 07 00 00
e2 07 d6 07 00 00
e5 07 d7 07 00 00
e2 07 d6 07 00 00
e6 07 d8 07 00 00
e1 07 d6 07 00 00
e3 07 d6 07 00 00
e4 07 d7 07 00 00
e7 07 d9 07 00 00
e4 07 d8 07 00 00
e6 07 d9 07 00 00
e7 07 da 07 00 00
e5 07 d9 07 00 00
e4 07 d8 07 00 00
e3 07 d7 07 00 00
e7 07 d9 07 00 00
e5 07 d8 07 00 00
e1 07 d6 07 00 00
e4 07 d7 07 00 00
e7 07 d9 07 00 00
e6 07 d9 07 00 00
e7 07 da 07 00 00
df 07 d5 07 00 00
e7 07 d8 07 00 00
e5 07 d8 07 00 00
e3 07 d7 07 00 00
e7 07 d9 07 00 00
e2 07 d7 07 00 00
e2 07 d6 07 00 00
e2 07 d5 07 00 00
df 07 d3 07 00 00
e2 07 d4 07 00 00
e1 07 d4 07 00 00
e1 07 d4 07 00 00
e3 07 d5 07 00 00
e3 07 d6 07 00 00
e5 07 d7 07 00 00
e3 07 d6 07 00 00
e1 07 d5 07 00 00
e0 07 d4 07 00 00
e4 07 d6 07 00 00
e3 07 d6 07 00 00
de 07 d3 07 00 00
dd 07 d1 07 00 00
dd 07 d0 07 00 00
dd 07 d0 07 00 00
dd 07 d0 07 00 00
df 07 d1 07 00 00
dd 07 d0 07 00 00
da 07 ce 07 00 00
de 07 d0 07 00 00
de 07 d1 07 00 00
de 07 d1 07 00 00
df 07 d2 07 00 00
dc 07 d0 07 00 00
e0 07 d2 07 00 00
df 07 d2 07 00 00
de 07 d1 07 00 00
de 07 d1 07 00 00
e2 07 d3 07 00 00
e1 07 d4 07 00 00
e2 07 d5 07 00 00
df 07 d3 07 00 00
de 07 d2 07 00 00
e1 07 d3 07 00 00
e6 07 d7 07 00 00
e3 07 d6 07 00 00
e5 07 d7 07 00 00
e6 07 d8 07 00 00
e3 07 d7 07 00 00
e5 07 d8 07 00 00
e2 07 d6 07 00 00
de 07 d3 07 00 00
e1 07 d4 07 00 00
e3 07 d5 07 00 00
e4 07 d6 07 00 00
e5 07 d7 07 00 00
e3 07 d6 07 00 00
e0 07 d4 07 00 00
e4 07 d6 07 00 00
e2 07 d5 07 00 00
df 07 d3 07 00 00
e0 07 d3 07 00 00
e5 07 d6 07 00 00
e3 07 d6 07 00 00
e1 07 d5 07 00 00
e3 07 d6 07 00 00
e3 07 d6 07 00 00
e5 07 d7 07 00 00
e2 07 d6 07 00 00
e5 07 d7 07 00 00
ea 07 db 07 00 00
e2 07 d7 07 00 00
e6 07 d8 07 00 00
e5 07 d8 07 00 00
e4 07 d7 07 00 00
e5 07 d8 07 00 00
e8 07 da 07 00 00
e9 07 db 07 00 00
e7 07 da 07 00 00
e4 07 d8 07 00 00
e8 07 da 07 00 00
e7 07 da 07 00 00
e6 07 d9 07 00 00
e5 07 d8 07 00 00
e6 07 d9 07 00 00
e3 07 d7 07 00 00
e7 07 d9 07 00 00
e5 07 d8 07 00 00
e7 07 d9 07 00 00
e5 07 d8 07 00 00
e4 07 d7 07 00 00
e2 07 d6 07 00 00
e4 07 d7 07 00 00
e3 07 d6 07 00 00
e6 07 d8 07 00 00
e4 07 d7 07 00 00
e4 07 d7 07 00 00
e1 07 d5 07 00 00
e1 07 d4 07 00 00
e3 07 d5 07 00 00
e9 07 d9 07 00 00
e1 07 d6 07 00 00
e6 07 d8 07 00 00
e5 07 d8 07 00 00
e7 07 d9 07 00 00
e6 07 d9 07 00 00
Notifications stopped.
--- 21
Notifications started.
e6 07 da 07 00 00
e5 07 d9 07 00 00
e9 07 db 07 00 00
ea 07 dc 07 00 00
e6 07 da 07 00 00
e4 07 d8 07 00 00
e4 07 d7 07 00 00
e5 07 d8 07 00 00
e7 07 d9 07 00 00
e5 07 d8 07 00 00
e4 07 d7 07 00 00
e7 07 d9 07 00 00
e2 07 d7 07 00 00
e4 07 d7 07 00 00
e1 07 d5 07 00 00
e4 07 d6 07 00 00
e1 07 d5 07 00 00
e1 07 d4 07 00 00
e6 07 d7 07 00 00
e4 07 d7 07 00 00
e7 07 d9 07 00 00
e3 07 d7 07 00 00
e1 07 d5 07 00 00
e3 07 d6 07 00 00
e2 07 d5 07 00 00
e1 07 d4 07 00 00
e2 07 d5 07 00 00
e4 07 d6 07 00 00
e2 07 d5 07 00 00
e1 07 d4 07 00 00
e5 07 d6 07 00 00
e2 07 d5 07 00 00
e2 07 d5 07 00 00
e2 07 d5 07 00 00
e5 07 d7 07 00 00
ea 07 db 07 00 00
e6 07 da 07 00 00
e9 07 db 07 00 00
ec 07 dd 07 00 00
e9 07 dc 07 00 00
e9 07 dc 07 00 00
e8 07 db 07 00 00
e9 07 dc 07 00 00
e8 07 db 07 00 00
e9 07 dc 07 00 00
e7 07 db 07 00 00
e4 07 d9 07 00 00
e4 07 d8 07 00 00
e7 07 d9 07 00 00
e6 07 d9 07 00 00
e6 07 d9 07 00 00
e1 07 d6 07 00 00
e2 07 d5 07 00 00
e5 07 d7 07 00 00
e5 07 d8 07 00 00
e3 07 d7 07 00 00
e5 07 d8 07 00 00
e3 07 d7 07 00 00
e8 07 d9 07 00 00
e5 07 d8 07 00 00
e6 07 d9 07 00 00
e3 07 d7 07 00 00
e4 07 d7 07 00 00
e2 07 d6 07 00 00
df 07 d4 07 00 00
e7 07 d8 07 00 00
e2 07 d6 07 00 00
e2 07 d5 07 00 00
e1 07 d4 07 00 00
e1 07 d4 07 00 00
e3 07 d5 07 00 00
e5 07 d7 07 00 00
e7 07 d9 07 00 00
e3 07 d7 07 00 00
e2 07 d6 07 00 00
e0 07 d4 07 00 00
e2 07 d5 07 00 00
e1 07 d4 07 00 00
e7 07 d8 07 00 00
e4 07 d7 07 00 00
e1 07 d5 07 00 00
dd 07 d2 07 00 00
dc 07 d0 07 00 00
e0 07 d2 07 00 00
e0 07 d3 07 00 00
dd 07 d1 07 00 00
e1 07 d3 07 00 00
df 07 d2 07 00 00
df 07 d2 07 00 00
e2 07 d4 07 00 00
e2 07 d5 07 00 00
e5 07 d7 07 00 00
e0 07 d5 07 00 00
e0 07 d4 07 00 00
e5 07 d6 07 00 00
e5 07 d7 07 00 00
e0 07 d5 07 00 00
e6 07 d7 07 00 00
e5 07 d8 07 00 00
e3 07 d7 07 00 00
e0 07 d5 07 00 00
e2 07 d5 07 00 00
e1 07 d4 07 00 00
e2 07 d5 07 00 00
de 07 d3 07 00 00
e0 07 d3 07 00 00
e3 07 d5 07 00 00
dd 07 d2 07 00 00
de 07 d1 07 00 00
e2 07 d3 07 00 00
e5 07 d6 07 00 00
df 07 d4 07 00 00
dd 07 d2 07 00 00
dd 07 d1 07 00 00
df 07 d2 07 00 00
e3 07 d4 07 00 00
e0 07 d3 07 00 00
e0 07 d3 07 00 00
e5 07 d6 07 00 00
e3 07 d6 07 00 00
e7 07 d8 07 00 00
e3 07 d7 07 00 00
e3 07 d6 07 00 00
e2 07 d5 07 00 00
e5 07 d7 07 00 00
e3 07 d6 07 00 00
e2 07 d5 07 00 00
e6 07 d7 07 00 00
e3 07 d6 07 00 00
e5 07 d7 07 00 00
e0 07 d5 07 00 00
e2 07 d5 07 00 00
df 07 d3 07 00 00
dd 07 d1 07 00 00
dd 07 d0 07 00 00
df 07 d1 07 00 00
e0 07 d2 07 00 00
df 07 d2 07 00 00
e4 07 d5 07 00 00
e4 07 d6 07 00 00
df 07 d4 07 00 00
e4 07 d6 07 00 00
e5 07 d7 07 00 00
Notifications stopped. 
--- 22