53 03 4d 03 00 00
54 03 4e 03 00 00
52 03 4d 03 00 00
54 03 4e 03 00 00
53 03 4e 03 00 00
56 03 4f 03 00 00
56 03 50 03 00 00
53 03 4e 03 00 00
54 03 4e 03 00 00
54 03 4e 03 00 00
55 03 4f 03 00 00
53 03 4e 03 00 00
56 03 4f 03 00 00
54 03 4f 03 00 00
53 03 4e 03 00 00
54 03 4e 03 00 00
55 03 4f 03 00 00
55 03 4f 03 00 00
53 03 4e 03 00 00
55 03 4f 03 00 00
55 03 4f 03 00 00
54 03 4f 03 00 00
54 03 4f 03 00 00
53 03 4e 03 00 00
55 03 4f 03 00 00
53 03 4e 03 00 00
55 03 4f 03 00 00
55 03 4f 03 00 00