1b 03 17 03 00 00
1f 03 19 03 00 00
1f 03 19 03 00 00
20 03 1a 03 00 00
1f 03 1a 03 00 00
21 03 1b 03 00 00
20 03 1b 03 00 00
20 03 1b 03 00 00
1f 03 1a 03 00 00
1e 03 19 03 00 00
20 03 1a 03 00 00
1e 03 19 03 00 00
1f 03 19 03 00 00
20 03 1a 03 00 00
1f 03 1a 03 00 00
20 03 1a 03 00 00
20 03 1a 03 00 00
20 03 1a 03 00 00
1e 03 19 03 00 00
1e 03 19 03 00 00
23 03 1c 03 00 00
21 03 1c 03 00 00
1f 03 1b 03 00 00
1f 03 1a 03 00 00
1e 03 19 03 00 00
1e 03 19 03 00 00
1e 03 19 03 00 00
1f 03 19 03 00 00
1f 03 19 03 00 00
20 03 1a 03 00 00
20 03 1a 03 00 00
1f 03 1a 03 00 00
1f 03 1a 03 00 00
20 03 1a 03 00 00
1e 03 19 03 00 00
21 03 1b 03 00 00
20 03 1b 03 00 00
20 03 1b 03 00 00
20 03 1b 03 00 00
1f 03 1a 03 00 00
20 03 1a 03 00 00
1e 03 19 03 00 00