64 02 60 02 00 00
64 02 60 02 00 00
65 02 61 02 00 00
64 02 60 02 00 00
64 02 60 02 00 00
64 02 60 02 00 00
63 02 5f 02 00 00
64 02 60 02 00 00
62 02 5f 02 00 00
63 02 5f 02 00 00
64 02 60 02 00 00
63 02 5f 02 00 00
63 02 5f 02 00 00
63 02 5f 02 00 00
64 02 60 02 00 00
63 02 5f 02 00 00
66 02 61 02 00 00
64 02 60 02 00 00
65 02 61 02 00 00
64 02 60 02 00 00
64 02 60 02 00 00
64 02 60 02 00 00
63 02 5f 02 00 00
66 02 61 02 00 00
64 02 60 02 00 00
64 02 60 02 00 00
66 02 61 02 00 00
64 02 60 02 00 00
66 02 61 02 00 00
64 02 60 02 00 00
64 02 60 02 00 00
65 02 61 02 00 00
65 02 61 02 00 00