12 08 06 08 00 00
15 08 07 08 00 00
16 08 08 08 00 00
16 08 08 08 00 00
14 08 07 08 00 00
13 08 06 08 00 00
13 08 06 08 00 00
13 08 06 08 00 00
14 08 06 08 00 00
14 08 06 08 00 00
13 08 06 08 00 00
14 08 06 08 00 00
10 08 04 08 00 00
12 08 04 08 00 00
14 08 06 08 00 00
14 08 06 08 00 00
12 08 05 08 00 00
13 08 05 08 00 00
13 08 05 08 00 00
18 08 08 08 00 00
16 08 08 08 00 00
14 08 07 08 00 00
18 08 09 08 00 00
13 08 07 08 00 00
18 08 09 08 00 00
14 08 08 08 00 00
17 08 09 08 00 00
15 08 08 08 00 00
18 08 0a 08 00 00
11 08 06 08 00 00
0e 08 03 08 00 00
12 08 04 08 00 00
15 08 06 08 00 00
12 08 05 08 00 00
15 08 07 08 00 00
14 08 07 08 00 00
10 08 04 08 00 00
15 08 06 08 00 00
13 08 06 08 00 00
18 08 09 08 00 00
12 08 06 08 00 00
15 08 07 08 00 00
15 08 07 08 00 00
16 08 08 08 00 00
15 08 08 08 00 00
16 08 08 08 00 00
12 08 06 08 00 00
16 08 08 08 00 00
14 08 07 08 00 00
12 08 06 08 00 00
17 08 08 08 00 00
11 08 05 08 00 00
13 08 05 08 00 00
11 08 04 08 00 00
12 08 04 08 00 00
12 08 04 08 00 00
12 08 04 08 00 00
11 08 04 08 00 00
16 08 07 08 00 00
13 08 06 08 00 00
11 08 05 08 00 00
11 08 04 08 00 00
13 08 05 08 00 00
14 08 06 08 00 00
15 08 07 08 00 00
13 08 06 08 00 00
13 08 06 08 00 00
16 08 08 08 00 00
15 08 08 08 00 00
15 08 08 08 00 00
16 08 08 08 00 00
15 08 08 08 00 00