1a 07 0e 07 00 00
1a 07 0e 07 00 00
1c 07 0f 07 00 00
1d 07 10 07 00 00
1d 07 11 07 00 00
19 07 0f 07 00 00
1c 07 10 07 00 00
1b 07 10 07 00 00
1b 07 10 07 00 00
1d 07 11 07 00 00
1b 07 10 07 00 00
1e 07 11 07 00 00
18 07 0e 07 00 00
1a 07 0e 07 00 00
1b 07 0f 07 00 00
1b 07 0f 07 00 00
1c 07 10 07 00 00
1c 07 10 07 00 00
17 07 0d 07 00 00
1a 07 0e 07 00 00
19 07 0e 07 00 00
16 07 0c 07 00 00
14 07 0a 07 00 00
18 07 0b 07 00 00
1a 07 0d 07 00 00
1a 07 0e 07 00 00
1b 07 0f 07 00 00
19 07 0e 07 00 00
1d 07 10 07 00 00
1c 07 10 07 00 00
20 07 13 07 00 00
1d 07 12 07 00 00
1d 07 12 07 00 00
1b 07 10 07 00 00
1c 07 10 07 00 00
1c 07 10 07 00 00
1a 07 0f 07 00 00
17 07 0d 07 00 00
19 07 0d 07 00 00
1b 07 0e 07 00 00
1d 07 10 07 00 00
1b 07 10 07 00 00
19 07 0e 07 00 00
1a 07 0e 07 00 00
18 07 0d 07 00 00
1a 07 0e 07 00 00
1a 07 0e 07 00 00
1b 07 0f 07 00 00
1b 07 0f 07 00 00
1b 07 0f 07 00 00
1d 07 10 07 00 00
1f 07 12 07 00 00
19 07 0f 07 00 00
1b 07 0f 07 00 00
19 07 0e 07 00 00
18 07 0d 07 00 00
1d 07 10 07 00 00
1a 07 0f 07 00 00
1b 07 0f 07 00 00
1c 07 10 07 00 00
19 07 0e 07 00 00
1c 07 0f 07 00 00
1d 07 10 07 00 00
1d 07 11 07 00 00
1c 07 11 07 00 00
1e 07 12 07 00 00
1b 07 10 07 00 00
1d 07 11 07 00 00
1e 07 12 07 00 00
1d 07 12 07 00 00
19 07 0f 07 00 00
1a 07 0f 07 00 00
18 07 0d 07 00 00
18 07 0d 07 00 00
1c 07 0f 07 00 00
14 07 0b 07 00 00
1c 07 0e 07 00 00
1d 07 10 07 00 00
1c 07 10 07 00 00
1b 07 10 07 00 00
19 07 0e 07 00 00
1a 07 0e 07 00 00
1c 07 0f 07 00 00
1a 07 0f 07 00 00
17 07 0d 07 00 00
19 07 0d 07 00 00
1b 07 0e 07 00 00
19 07 0e 07 00 00
18 07 0d 07 00 00
18 07 0d 07 00 00
18 07 0d 07 00 00
1a 07 0e 07 00 00
1b 07 0f 07 00 00