c5 06 b9 06 00 00
c2 06 b8 06 00 00
c2 06 b7 06 00 00
bf 06 b5 06 00 00
c0 06 b5 06 00 00
c0 06 b5 06 00 00
c3 06 b7 06 00 00
c3 06 b7 06 00 00
c2 06 b7 06 00 00
c4 06 b8 06 00 00
c3 06 b8 06 00 00
c2 06 b7 06 00 00
c3 06 b7 06 00 00
c2 06 b7 06 00 00
c1 06 b6 06 00 00
c4 06 b8 06 00 00
c2 06 b7 06 00 00
c4 06 b8 06 00 00
c3 06 b8 06 00 00
c2 06 b7 06 00 00
c2 06 b7 06 00 00
c1 06 b6 06 00 00
c2 06 b6 06 00 00
c0 06 b5 06 00 00
c3 06 b7 06 00 00
bf 06 b5 06 00 00
c0 06 b5 06 00 00
c0 06 b5 06 00 00
c1 06 b5 06 00 00
c0 06 b5 06 00 00
c1 06 b5 06 00 00
c1 06 b5 06 00 00
c2 06 b6 06 00 00
c1 06 b6 06 00 00
c0 06 b5 06 00 00
c2 06 b6 06 00 00
bf 06 b5 06 00 00
c2 06 b6 06 00 00
c0 06 b5 06 00 00
c1 06 b5 06 00 00
c1 06 b5 06 00 00
c2 06 b6 06 00 00
c0 06 b5 06 00 00
c1 06 b5 06 00 00
c3 06 b7 06 00 00
c2 06 b7 06 00 00
c3 06 b7 06 00 00
bf 06 b5 06 00 00
c0 06 b5 06 00 00
c1 06 b5 06 00 00
c4 06 b7 06 00 00
c1 06 b6 06 00 00
bf 06 b5 06 00 00
bf 06 b4 06 00 00
c1 06 b5 06 00 00
be 06 b4 06 00 00
c1 06 b5 06 00 00
c1 06 b5 06 00 00
be 06 b4 06 00 00
c1 06 b5 06 00 00
c2 06 b6 06 00 00
c0 06 b5 06 00 00
c4 06 b7 06 00 00
bf 06 b5 06 00 00
c1 06 b5 06 00 00
c4 06 b7 06 00 00
bf 06 b5 06 00 00
c3 06 b7 06 00 00
bf 06 b5 06 00 00
c5 06 b8 06 00 00
c1 06 b7 06 00 00
c3 06 b7 06 00 00
c0 06 b6 06 00 00
c0 06 b5 06 00 00
bd 06 b3 06 00 00
ba 06 b0 06 00 00
be 06 b2 06 00 00
c3 06 b5 06 00 00
c2 06 b6 06 00 00
c1 06 b6 06 00 00
c2 06 b6 06 00 00
c1 06 b6 06 00 00
c2 06 b6 06 00 00
c2 06 b6 06 00 00
c0 06 b5 06 00 00
c3 06 b7 06 00 00
c1 06 b6 06 00 00
bf 06 b5 06 00 00