75 06 69 06 00 00
70 06 67 06 00 00
74 06 68 06 00 00
71 06 67 06 00 00
70 06 66 06 00 00
70 06 66 06 00 00
73 06 67 06 00 00
72 06 67 06 00 00
73 06 68 06 00 00
74 06 69 06 00 00
75 06 6a 06 00 00
70 06 67 06 00 00
70 06 66 06 00 00
6f 06 65 06 00 00
76 06 69 06 00 00
70 06 67 06 00 00
77 06 6a 06 00 00
75 06 6a 06 00 00
75 06 6a 06 00 00
73 06 69 06 00 00
72 06 68 06 00 00
70 06 66 06 00 00
70 06 66 06 00 00
73 06 67 06 00 00
73 06 68 06 00 00
76 06 6a 06 00 00
73 06 69 06 00 00
71 06 67 06 00 00
71 06 67 06 00 00
74 06 68 06 00 00
71 06 67 06 00 00
74 06 68 06 00 00
74 06 69 06 00 00
74 06 69 06 00 00
73 06 69 06 00 00
75 06 6a 06 00 00
73 06 69 06 00 00
72 06 68 06 00 00
73 06 68 06 00 00
75 06 69 06 00 00
72 06 68 06 00 00
73 06 68 06 00 00
71 06 67 06 00 00
70 06 66 06 00 00
73 06 67 06 00 00
73 06 68 06 00 00
74 06 69 06 00 00
6f 06 66 06 00 00
75 06 69 06 00 00
78 06 6c 06 00 00
75 06 6b 06 00 00
77 06 6c 06 00 00
78 06 6d 06 00 00
74 06 6b 06 00 00
74 06 6a 06 00 00
77 06 6b 06 00 00
77 06 6c 06 00 00
75 06 6b 06 00 00
75 06 6b 06 00 00
71 06 68 06 00 00
74 06 69 06 00 00
75 06 6a 06 00 00
73 06 69 06 00 00
75 06 6a 06 00 00
73 06 69 06 00 00
74 06 69 06 00 00
72 06 68 06 00 00
73 06 68 06 00 00
73 06 68 06 00 00
72 06 68 06 00 00
73 06 68 06 00 00
71 06 67 06 00 00
73 06 68 06 00 00
75 06 69 06 00 00
76 06 6a 06 00 00
72 06 68 06 00 00
7a 06 6c 06 00 00
75 06 6b 06 00 00
75 06 6b 06 00 00
74 06 6a 06 00 00
76 06 6b 06 00 00
75 06 6b 06 00 00
76 06 6b 06 00 00
76 06 6b 06 00 00