2b 06 20 06 00 00
28 06 1f 06 00 00
28 06 1e 06 00 00
2b 06 20 06 00 00
29 06 1f 06 00 00
27 06 1e 06 00 00
28 06 1e 06 00 00
29 06 1e 06 00 00
29 06 1e 06 00 00
27 06 1d 06 00 00
28 06 1d 06 00 00
27 06 1d 06 00 00
27 06 1d 06 00 00
28 06 1d 06 00 00
29 06 1e 06 00 00
29 06 1e 06 00 00
2b 06 20 06 00 00
27 06 1e 06 00 00
2c 06 20 06 00 00
27 06 1e 06 00 00
28 06 1e 06 00 00
2b 06 20 06 00 00
27 06 1e 06 00 00
27 06 1d 06 00 00
25 06 1c 06 00 00
28 06 1d 06 00 00
28 06 1d 06 00 00
28 06 1d 06 00 00
29 06 1e 06 00 00
29 06 1e 06 00 00
2a 06 1f 06 00 00
29 06 1f 06 00 00
26 06 1d 06 00 00
26 06 1c 06 00 00
28 06 1d 06 00 00
27 06 1d 06 00 00
27 06 1d 06 00 00
28 06 1d 06 00 00
27 06 1d 06 00 00
27 06 1d 06 00 00
29 06 1e 06 00 00
29 06 1e 06 00 00
29 06 1e 06 00 00
26 06 1d 06 00 00
27 06 1d 06 00 00
27 06 1d 06 00 00
25 06 1c 06 00 00
2b 06 1f 06 00 00
2b 06 20 06 00 00
2a 06 20 06 00 00
2c 06 21 06 00 00
2b 06 21 06 00 00
2a 06 20 06 00 00
2b 06 20 06 00 00
2a 06 20 06 00 00
25 06 1d 06 00 00
27 06 1d 06 00 00
27 06 1d 06 00 00
27 06 1d 06 00 00
2a 06 1f 06 00 00
2a 06 1f 06 00 00
29 06 1f 06 00 00
28 06 1e 06 00 00
29 06 1e 06 00 00
29 06 1e 06 00 00
25 06 1c 06 00 00
27 06 1c 06 00 00