ee 05 e4 05 00 00
ed 05 e3 05 00 00
ed 05 e3 05 00 00
ef 05 e4 05 00 00
ee 05 e4 05 00 00
ed 05 e3 05 00 00
ee 05 e4 05 00 00
ec 05 e3 05 00 00
ee 05 e4 05 00 00
ee 05 e4 05 00 00
ef 05 e5 05 00 00
ee 05 e4 05 00 00
ed 05 e3 05 00 00
ec 05 e2 05 00 00
ee 05 e3 05 00 00
ef 05 e4 05 00 00
ed 05 e3 05 00 00
ee 05 e4 05 00 00
ed 05 e3 05 00 00
f0 05 e5 05 00 00
ed 05 e4 05 00 00
ed 05 e3 05 00 00
ed 05 e3 05 00 00
ec 05 e2 05 00 00
ec 05 e2 05 00 00
f0 05 e4 05 00 00
ed 05 e3 05 00 00
ed 05 e3 05 00 00
f1 05 e5 05 00 00
ef 05 e5 05 00 00
ed 05 e4 05 00 00
ed 05 e3 05 00 00
ef 05 e4 05 00 00
ef 05 e5 05 00 00
ee 05 e4 05 00 00
ef 05 e5 05 00 00
f0 05 e6 05 00 00
ec 05 e4 05 00 00
ec 05 e3 05 00 00
ee 05 e4 05 00 00
ed 05 e3 05 00 00
ed 05 e3 05 00 00
ef 05 e4 05 00 00
eb 05 e2 05 00 00
ed 05 e3 05 00 00
ec 05 e2 05 00 00
ed 05 e3 05 00 00
ea 05 e1 05 00 00
ef 05 e3 05 00 00
ec 05 e2 05 00 00
ed 05 e3 05 00 00
ef 05 e4 05 00 00
ef 05 e5 05 00 00
ed 05 e4 05 00 00
ee 05 e4 05 00 00
ec 05 e3 05 00 00
ec 05 e2 05 00 00
ee 05 e3 05 00 00
f1 05 e5 05 00 00
ed 05 e4 05 00 00
ed 05 e3 05 00 00
ef 05 e4 05 00 00
ed 05 e3 05 00 00
ec 05 e2 05 00 00
ee 05 e3 05 00 00
ed 05 e3 05 00 00
ec 05 e2 05 00 00
ee 05 e3 05 00 00
ec 05 e2 05 00 00
ee 05 e3 05 00 00
ef 05 e4 05 00 00
ef 05 e5 05 00 00
f1 05 e6 05 00 00